699752507 999805013
589894845 30445079
216249455 358030430
723823649 754097259
818126654 451163131
114496575 260565429
959656258 603096666
431101881 342188607
980643011 185151589
380452556 390025764
562639265 935328708
767769227 450228261
81270743 892680004
963074790 770552318
174926754 227475622
361679017 81828310
915806517 502241276
731430700 255289637
1651845 565836981
792541112 587368001
392943371 379380439
997849284 187166115
770189002 553960201
277661744 676693031
659443088 588844284
634121036 768498528
325259166 845234697
835308746 590739742
192239300 188531152
282578639 197980241
11755349 595423119
118881654 46926927
940247731 886048121
689882477 631178565
414021092 916941415
378246825 223649661
862201743 502405750
518692348 130535664
437326427 305262188
603510107 872941393
92027592 782486987
550842617 959437553
118085981 547345032
470339556 614431313
936313420 318875174
645091275 477248933
566657513 87916133
213206940 228992961
447524449 875850279
282506159 879817451
777663626 211810397
467268700 579558885
228947686 221855937
728103604 686992190
211429189 247642230
884352288 220311355
756919830 992906331
331931165 377641576
695582057 196624453
928340863 737021918
163237136 385147257
348131715 451676375
456549903 812273773
167500694 721791194
190930504 757002092
263964831 126516775
657843016 156640208
707167347 98355274
377539443 579349882
871428865 546535214
651484844 945946992
117917437 202002198
111824925 914455766
516169795 90359104
528360728 898886931
397220378 490458661
749507028 564378661
830568738 468797305
703325587 570193035
165482942 402704481
398751611 712169163
602597485 149302578
992577114 756625025
711326134 447882059
418746240 103304490
873464841 495583694
935782259 950626741
858680699 332856855
147610071 1867090
496361507 871833248
77288921 774371303
141800227 311047220
554344438 483821596
173487358 936002447
405885964 746256819
131737609 280478137
827893859 244789186
630349330 514636958
871741265 623557891
88511197 943698858
362761383 951191039
172610295 302034410
95733851 378633865
2283723 973244144
790165806 389402996
701581149 418191688
439914148 946454685
656569902 988751686
805945755 975935054
740394167 545209475
864434739 336513624
756774129 358862895
740050640 284587308
628249876 9970911
163663194 488916088
306913029 82063843
977179229 799999357
342011511 501500734
518668558 748118905
958482358 416850184
726209731 57488571
115836909 55637404
766435139 454328317
3929 20463
253330388 326455014
548905590 875169296
841054686 585550587
991579502 483762250
357929574 893426886
906822116 743207919
585123555 846454183
662905528 448947542
537577750 253170987
758281105 768885320
144416620 365132189
450517801 146771390
686558529 666856715
305210671 507698903
332526964 275339789
99838171 197144574
976233383 573684470
555576609 944734537
483532409 40830479
246617527 951840247
160006844 875130333
117917437 202002198
35905203 168068502
551487515 741405422
657843016 156640208
520852950 671771778
810834372 659816740
181610753 747820061
920241667 956340087
950525323 599396508
341900858 496881836
351914412 11650128
25449922 72013389
861536728 558799382
411125913 957732565
777591221 957420891
442534714 800369279
726573675 543864415
597553359 534373522
65963976 741159030
603657517 747451813
805196980 122530081
291589199 662730074
518692348 130535664
464050011 574518281
644131352 609465344
326164927 151837370
927932143 409051911
69469728 174573061
964633132 577087804
962805698 81435662
103779116 461708501
553167823 992722825
238394075 518752196
925133634 226580543
179923758 108365415
466561302 715368353
424561626 782245708
573430015 682562686
675661138 630782781
481238801 41089243
250212472 158466008
852408262 509022576
958146328 907090101
449454001 495690104
377974482 543266812
697040857 665058589
803377632 517250518
809736575 566574698
944193981 530104623
882106295 726793248
845302386 770292158
228449494 211756140
495566075 222430913
726865034 129891124
788074517 234052541
228189422 476906273
9310245 203854479
777663626 211810397
441814370 768805192
61764587 655126888
417572731 949089401
641475524 277261085
768445038 887715092
706992408 465714397
727243110 795772914
803084730 134467533
307417220 98785047
390400574 516562014
761127184 926829609
733932005 847796545
605483680 72610096
182002742 645900969
780660271 898281831
516299114 812030911
521548514 308335149
165474635 171869705
678557283 16784047
928167036 89126940
227164253 830115106
811588098 56791607
327946642 627700728
326629548 955018843
326069550 516199342
820905173 276157593
112611773 857274973
265085379 41973910
375887293 461998047
586304309 717065862
692683048 707081756
753548181 207869830
250683695 288833051
74764541 894809665
877671601 221273028
785795952 282950852
357722544 144586847
636674160 30257873
508196201 828240133
543022445 485321443
61167754 779899226
781709605 62183985
774909092 90120299
429456677 336426375
142884620 371510526
855293376 465929792
586304309 717065862
775354379 179532175
535497501 35416965
340367359 911605003
243000571 179647998
131364157 615204757
529956543 295480046
426087574 375175163
997031392 747017896
336842260 588158559
561294238 637262817
738937601 786803326
614564930 475120457
827469564 542929306
64025476 432961494
483532409 40830479
316825389 723107804
477673909 350877904
702970682 193787548
620543891 453960158
87638965 345768204
901112102 315983101
588844830 841081312
54999895 975756478
593399100 66626341
841378896 380610130
628249876 9970911
617058630 933320335
42820058 666489985
246079071 852592756
551466887 461664734
407322547 689837686
404596991 121717368
554290689 938954032
220970133 975430178
337277119 727436548
244747598 703745313
332181973 317479660
760901464 899882234
662711734 577066120
689307939 393269596
851357148 990782170
726218543 975088286
437827111 93315325
347220951 250464981
261546412 894166915
279614847 562533243
82570469 423409095
520452763 411296819
778754787 737657229
858618357 700546653
863718372 507755825
870351498 723247576
730756359 754341847
853389281 88317380
797089033 676914245
495649302 789813090
659981416 958201526
578375610 356273079
732964994 687203057
825297027 632310176
888396062 514256537
763490907 346037038
504321387 750699061
851210391 700596935
618667647 159353277
74481013 925176026
467619508 750079300
940322908 815219173
839542733 194445224
626861877 653091419
770189002 553960201
375884911 577202710
229302667 410445622
822510820 224580559
51877627 901050450
176238292 967681389
533644863 950291538
199602061 325423272
173796045 364743174
340292867 220424390
296383535 194242545
901058944 263936574
778011617 806488256
455170918 877418748
932582781 20395400
956913681 608969606
223935799 89056004
690645166 335574899
420482516 839498003
724529093 900022100
226355973 920117279
580542239 139091315
797606434 877434046
303514891 126816134
853330105 140524216
563058188 329549455
326557931 970595570
614564930 475120457
173935995 639854237
44376086 593484391
818588089 982811920
125905218 858984048
93238472 863412645
462543136 892412604
456804563 31796738
145950814 961267715
944548645 726174879
8430422 245990556
855298799 634178145
96825794 466281981
583541677 186213095
355724059 235170091
235533016 873918765
495763049 669558905
512589537 344298500
821371103 674760188
946431733 794440567
727499571 763002102
734811766 993341559
611564251 125626396
400314495 215482983
678934259 381904745
566657513 87916133
590032726 175277741
424924599 820571932
243177533 385035170
242694053 173293837
450930838 646041712
732010278 887549985
768768064 534145362
27184318 651390934
947720792 793714356
197765117 746408186
386782324 71635575
839642738 822083358
721658529 448256122
801258159 96947563
622097519 621156633
144533314 380936742
961765833 305019045
362289966 755948775
888139676 350227758
855298799 634178145
876477637 499973204
69221167 219499182
169582758 705340820
654184302 296230781
516169795 90359104
184329516 294628487
843944903 785248262
344776263 220811958
806936070 503585155
738876911 754290603
19178117 781536530
315720927 70445309
949237438 761542205
97166300 908288319
552982084 466934246
659981416 958201526
457792360 29068686
881563163 805151855
234398747 745254872
377719048 880495266
167021894 916964520
876951078 816964145
820905173 276157593
640794441 178936232
156261767 434240950
204526050 371291880
404035267 199939440
48938834 615692350
114782477 441454018
518782148 145643829
902709325 157584325
791035924 512670401
164385034 715538839
999971432 799812352
975997897 564768881
434328210 420088906
163663194 488916088
114999001 343041514
59111200 455717875
989919465 362313715
588771180 919853683
111268166 36974682
509564948 205343032
520545281 538974155
294025250 803554602
267851402 218265531
760186253 279561349
180485113 827904520
313100638 854834931
691302500 485256766
147540701 751785855
540385752 578101442
678934259 381904745
321334634 607064743
40505450 807124036
234608335 392171638
111629669 973586085
594265674 181115282
687413438 467112845
721658529 448256122
119199018 236178568
81578000 797733136
905625282 910811700
266583227 173006722
160986811 400198892
575918783 803182689
763803970 672622999
562528659 5552618
623357265 586991112
17547938 105448174
717120573 990199742
810834372 659816740
354169951 926389551
729999907 717233282
770060927 351429475
853961259 596070069
475726196 15087922
163814256 947101514
33059423 224179045
669293384 78906773
525231049 981270781
906408862 910356796
705902290 362471996
46226117 160286529
112624859 991030675
539057390 628823383
634674710 818773434
292218430 689554402
650981454 420069509
569159034 792135156
921943291 457271874
338885586 937021655
933060721 268042623
676141991 249710840
955781813 61553018
857986869 190749867
365166275 966167283
428404218 419342160
357481623 290064208
347052713 737962051
799841116 999176891
553167823 992722825
130282809 552703563
889649304 855490408
370849344 320323747
160601394 930668180
178346576 883914309
760846091 340578238
95968726 941633888
88922191 633650589
474717064 167666672
537553369 727215326
172738033 832158995
189164086 52882262
350413031 922197902
515252061 760847423
841698476 840964843
802349672 993279987
424716344 469907965
426967149 811386463
559281568 233544785
115854283 979456056
695949044 120873447
341451162 451606745
132906079 369116696
138078891 186662866
675283443 329850763
834803322 936937664
514109564 28460176
570262206 714912878
316973827 566886378
994018120 625614180
540859453 280366960
202092809 111233364
212554221 527528553
682371685 746637858
376047093 210064572
867825821 97271264
597553359 534373522
964633132 577087804
144645371 581282461
819850433 105560673
454353300 988247238
583810293 457812341
96744991 594652925
932644683 468994195
370849344 320323747
577912214 237260131
931791232 967048715
468967980 424308830
701581149 418191688
432757058 702811321
447083552 159408333
918476329 558368952
224459883 849484679
264957249 655485208
553988697 215150716
61764587 655126888
772099070 194716317
459987658 177973320
514534441 171621771
499088154 698773284
187391587 415825731
940365882 543839653
889649304 855490408
150999130 655728165
929626518 539838615
625788746 67289530
167434238 925016750
991900133 369618985
407609681 565012129
858616739 691700458
455433265 525243250
802296897 26613395
454102198 595212672
260090003 83337996
688958031 600537457
456185778 903323474
277560867 493727927
909312824 467992906
3756554 623698319
599893708 32824470
3948123 926149384
397220378 490458661
182740395 245148276
253491777 953282261
697305041 668065326
854237118 419536427
368422805 183172883
538577465 255404375
861956605 421412573
872859066 614834251
173300987 182530619
362761383 951191039
201655991 813037666
686382246 983994737
481119964 333531849
829753944 819058816
496725688 422670513
597893462 232014302
451209209 571199829
574192018 674657890
245853436 250450547
837354677 194332411
558581413 914665900
324717824 804725058
224400605 250266285
642046675 864417563
873163539 728646570
209448107 548174078
179763212 583798290
384351166 792966792
832915151 710586556
857167397 743412156
881306974 882080691
591359658 885657771
582603060 77216978
177323771 610746914
444194168 628189982
571605325 114470384
597185061 185261155
968663643 691055573
627992635 342419773
836876178 288183703
918729218 691667044
991239493 209193562
659578282 241637670
267191110 459436279
482911393 481515041
812304963 10762125
713822161 550855624
767020784 931353814
991239493 209193562
179923758 108365415
827989612 509205884
2208041 902161944
844687149 105541912
533418749 310534235
948873005 799907988
271715567 207497630
916464856 412339603
622097519 621156633
399352367 46529164
736556121 394106618
223576148 449057990
447524449 875850279
721462586 335460140
456754233 689361900
98409808 446767340
354169951 926389551
1060211 945338306
692226918 785450096
684602207 527908071
695805460 754743503
663558487 666515216
376679207 394148840
938345921 564134471
377152739 282130260
128537576 911425475
493037134 899173926
777978297 430609293
189918096 501077895
906518931 35801428
949490303 335527677
571987479 305915501
639399292 113943891
326991011 76769318
184329516 294628487
292430745 863234677
941289045 644030510
994375941 653115673
313161534 799013448
867541733 982324021
967850577 633946170
411125913 957732565
559565572 189984584
862222 748653978
734811766 993341559
675644482 713648322
411306957 664286803
993941938 818625452
983306842 144983576
352943056 708474040
494734426 87956480
105923692 383484370
850385869 99510982
705523692 144014854
686554308 46980417
943193667 879110193
600242811 378171043
171631849 992536833
320092857 359840374
157648548 510026423
928877180 820817694
615924731 65802790
990925237 923778123
800198544 450746293
211864437 775633400
341813778 153807089
156261767 434240950
273373573 352165641
987691084 67834247
684853447 811049445
522104055 124843005
549572066 660739959
78193466 535538258
705222909 772731958
607916077 948583136
977116715 881072349
965426891 316384438
788372774 261907870
525834117 298852998
798880922 693774192
231407731 60091349
841054686 585550587
520452763 411296819
978052108 710669442
174993965 378828249
727968470 840348076
178136634 912068450
16723 87451
293684095 177022205
681216468 234071831
822545101 662311301
571512878 371915084
793185617 564500349
501015154 181300082
545262326 651301484
842385881 810050137
501288123 311062869
681220661 477310433
847581765 697967438
319414529 290631239
182002742 645900969
743487736 358469084
668690596 377757971
490158160 990321882
964055943 609889754
135385612 328769879
265903819 609575675
755386189 251107176
874812895 556424173
995737494 795978278
423691034 900365643
957189332 812231621
902709325 157584325
562452455 906480010
488918592 704498937
178311161 458974695
135663447 400015495
92689911 537290247
783410679 269302837
360239073 850554679
997479570 393413272
801996297 307821263
407839281 893730690
377152739 282130260
181157257 407043580
387926791 465215523
160960100 732967436
747930006 308807716
282856654 376030063
282554873 840483138
941664972 295174536
496635689 470893518
483840789 550567995
229450536 665921138
72945655 647124789
568982735 611825197
321256474 971739384
73005842 861343167
968483213 783317347
157977576 742376414
975997897 564768881
315589377 513771167
344936769 553683305
540125783 674179656
133982560 957678275
879291284 186403643
138383931 59542972
984914457 389555358
821371103 674760188
824513750 599231285
350607920 563910172
918198178 135527626
254628682 821286006
353971213 139766969
632724175 812080762
826070222 986470666
354261825 374782985
144155343 99561095
546418006 334700897
111932861 409017359
69464900 847055932
724995707 603278367
406921776 611305904
139324258 622917666
998091116 360356349
218282642 632781277
250616810 148358450
314560400 19146605
988274396 6505084
136409603 20394525
4597300 268839843
571327148 280290451
295052545 147397267
966331676 499013860
185543368 856734819
965893404 402852685
458997904 539737011
689966345 227729269
311849254 863582268
808049500 277439959
783592498 828041995
857679209 737443108
148905921 724667894
71640536 519031194
258812958 902434086
10604404 811303032
121758942 680340166
252236671 850028085
794500815 833790857
843350396 296875903
296432063 884258868
916947552 556346648
881379637 692854345
444545101 295755296
747776544 423728685
48006248 789786736
693558701 12973034
386406536 86044694
537561969 31381265
956034323 379932494
432930958 764548391
357834754 231708377
391232607 223598876
348661730 553187591
735710618 634577088
84703394 649403389
821193801 833022902
33673235 79056985
655660039 525199567
169015548 613871944
324446253 249655134
761469915 811250368
461151525 725603473
771633504 873851898
892206974 322238755
825221764 517625727
641881552 986523328
764396371 417790684
315211403 350966000
229943943 777432543
668256910 280671827
733682559 957137461
313096870 928377071
11042419 759527994
484226400 588020760
961099049 65768056
128537576 911425475
433754065 444957542
448291888 376458728
354804634 347501248
461442824 516284378
842385881 810050137
955100333 527607744
205143047 610724465
975902938 593337309
885380240 276767673
667584462 401199678
321502335 97827363
702277540 787918698
374412338 726661712
525864868 517444174
580244055 500251063
636457056 112183056
600439539 935138087
225581660 717236518
223455091 850957914
382890549 756811814
580167574 113088980
774306247 513839464
95620348 105425798
480007423 724754832
664781674 531821216
331177350 554753309
228719320 565287973
351426252 761544511
618774661 792611484
228626095 286014995
240910767 180947915
91586536 812673472
314769602 879631011
729493757 451059325
760846091 340578238
595291010 488806596
890654814 143581549
632823709 345741548
167146652 775795828
579847063 862721855
515364874 863458282
596893872 175421713
468174839 321715619
540914253 522127329
601716617 532982730
556521830 456085215
969152066 960077107
377145396 785118413
720751515 350095019
931904961 417493261
106980625 301521800
542583355 334043599
711017907 59149426
20436068 766302070
958671810 30919245
414484057 101756741
228977917 381487345
24958508 713779205
458182547 348301717
982913728 587745208
317040950 457606215
128263360 352663776
337806015 664363757
539215447 350361012
526398679 212996765
747881283 802407608
984086055 501685680
589894845 30445079
108534907 91768380
341575577 871453437
547488789 967387781
295804076 700892466
434146967 948398354
238394075 518752196
444073853 484217816
545068011 894333180
457255078 839306323
491230891 84454809
346823502 873295050
366758968 491345426
314384898 495879019
488267075 676755274
651841919 787227342
330665877 585303547
703325587 570193035
478866377 50946281
996298832 831612838
762621723 664863646
847737486 816400933
102115506 835510045
243177533 385035170
410666332 680585545
305796665 956813779
391673 321726118
641030525 384518065
409082602 230730107
261325674 497739675
899230569 754565192
189085616 934027940
845241614 698706405
505002855 327626
46095995 852867715
192201930 452664597
308731169 315149324
260833190 409183959
526815641 448328229
414474438 477751731
240307168 152402182
848855481 324159596
99838171 197144574
510093365 977226810
564185325 822578363
425363969 78821505
756774129 358862895
360529982 178656440
673450417 549650142
649035541 369706698
853243923 231913766
530165876 760554367
757846205 997207492
588619790 179269733
907519227 416478990
882349190 572994160
3929 20463
250021577 159550887
576782028 139444953
344492116 185880010
136409603 20394525
572598745 618058543
849173012 297742566
204526050 371291880
631257288 609370371
230854345 177567690
434146967 948398354
912395347 2030112
840317782 949433939
578375610 356273079
909140751 747796443
554290689 938954032
967971970 677940331
462543136 892412604
810422719 711534625
837677940 488936913
245526099 346900638
198637632 654350275
115813773 693713293
546705289 336123816
965779210 784301870
909070330 413287479
133819003 538634639
160960100 732967436
876035891 724955597
613357369 435908341
617242356 874744824
173376170 137816030
61265135 757196723
454334089 208683204
220566905 664732734
985662498 632319597
727630230 276532004
981290410 689374102
448994711 437428382
539531189 29689153
573836141 142654100
594668965 341200240
467126612 941116633
226582406 341417684
164602744 863948342
649956093 777617207
75096206 235102861
453828427 939469010
828464493 91513815
42820058 666489985
42170663 346855754
338467921 540348528
391658768 412986041
462765834 283562139
675661138 630782781
410477890 43096832
937795128 952112520
557577849 559229505
825695565 899804585
168429600 73391069
101129008 734079280
777741198 38924347
391517028 216738596
373297100 482442374
474717064 167666672
468904926 275840800
944185906 636331200
86589563 623077703
535138687 47362386
417658703 583776360
60891812 634369808
134844459 429096525
928340863 737021918
704586401 837492291
963486654 543333521
872865079 102352325
3431775 947980231
334619314 427821041
713499572 534740262
335426026 11070312
313096870 928377071
157846309 57876663
894611810 532839755
582603060 77216978
119202974 328403395
346949894 570496563
267407300 230212802
289079743 933695031
564861598 139077478
627992635 342419773
110522577 633910272
942739396 698706067
112834207 176859494
855390972 458900883
474021490 586593183
676548321 22852171
989701645 844235841
735887359 917889912
307188434 139620159
671191640 541501454
684725201 341804946
803586880 466157842
192454934 641449456
839663164 947589684
139324258 622917666
568961677 732198624
518425236 903332453
242824112 342383084
589386079 495859816
45490016 813934865
702146191 119561463
787377653 129278315
992696810 318288556
529574811 755412904
811993507 401781192
843944903 785248262
623492531 202231092
228352297 208490490
815059385 827090484
804615613 350390290
920317901 355639045
591306595 993749123
378108089 36437397
157902188 254558453
879063397 824063295
268912481 860063765
119270243 364796153
5855328 90767689
973550855 513676442
933536547 472593741
911017188 988509151
510654345 604680473
458470802 922782480
767614155 657563670
617058630 933320335
339053304 751769633
454655419 249755923
914594847 867989926
412358281 256822394
375349625 243454828
228396569 497883552
48006248 789786736
878501144 889145687
148438046 203927350
725468690 350444613
546781083 340276541
106192453 385742330
898258086 741923381
49698602 158732811
700942159 199676153
497364285 237471089
598120853 440506538
193279681 46217642
705902290 362471996
670180908 213961061
580244055 500251063
382055232 788921501
928441853 822132902
265013511 369910472
616096408 842832466
689309391 162006772
438880882 204441687
44523025 384810616
589086601 262514380
562785429 781056107
35194415 966981634
659165728 453345578
455405944 143280883
929018079 114561251
937041797 485187461
121391322 326268631
763803970 672622999
227498709 959508798
271626102 733957352
728911473 149518199
53924737 673137495
726218543 975088286
673307010 87622914
135498387 809631461
27047301 523717986
495476033 894275581
267073305 45708052
681566369 117876275
89406847 941363429
986177353 314159686
738804219 663498088
425327772 881100671
621126938 163710097
357938344 411419125
620394813 914473998
579365053 232465664
503261897 906509961
644196120 92686655
191768356 611942487
839960607 209010601
635342887 846216762
649949102 337986275
84670720 137131311
938345921 564134471
546606841 144160004
478520114 934267079
163542834 627522483
839542733 194445224
861645640 905407935
149488010 932663156
707764441 469623336
849866601 735246645
717583340 347332324
331212943 870691908
266877256 565989770
139177640 486000953
889716419 591463783
682514024 886105298
198637632 654350275
905651614 412700700
92414314 469371227
70550838 600152100
790739709 259250435
981311620 393353245
726218543 975088286
635785757 820404195
733615412 335661401
988274396 6505084
453706459 823823778
398895995 997468191
478406984 258848419
39290231 990951877
911017188 988509151
673735441 825218130
572889454 27581566
10256971 952488664
462729334 912023312
937073350 910778244
565299505 680734529
364479927 199758868
573430015 682562686
249240423 32235210
527818800 935238827
201650843 469596254
571276522 314174856
921080168 616045451
83854196 709560134
835314202 172869714
820015836 94139546
501593485 600543207
754854927 218049601
906331152 87954073
792955764 198335216
640624634 738299279
818921026 272004875
597553359 534373522
451666321 673147306
799909165 206077694
916158481 985880863
366102021 308567586
831893778 133173852
587826994 235566919
329844813 78896987
258529982 27461569
549093945 657628663
379594499 38750388
54526514 20513753
772980253 77767989
957582797 772252280
774825169 302050018
997479570 393413272
641915719 664831097
907911274 16883079
205107589 103755065
542583355 334043599
696247721 105059697
539361922 172535692
923690561 131997660
937698389 166126781
272791882 50557585
252236671 850028085
373402426 912010824
585737076 527633481
464395143 42770557
566209497 12658124
949941215 177844193
164385034 715538839
824880166 406650978
294252255 606105634
782888088 42977895
607324210 191617704
681590728 543178412
56730148 386559173
698449073 403311793
960311360 293739616
747881283 802407608
166940331 321809851
640592088 546632371
101497039 910200470
804615613 350390290
461790351 557758888
393813137 696045755
388603269 314606505
167472925 334275271
758019512 747747442
726145682 744931254
270364957 996754614
326054368 379324103
228977917 381487345
123428101 917409235
758019512 747747442
488030130 77154734
182087136 724530669
390528148 217597882
192909437 755437907
588076290 537566397
790165806 389402996
439815600 9354241
448725870 321130668
478888824 711354378
153807505 829749775
612415113 730332361
550996591 186448032
40505450 807124036
624189163 246493331
652455345 737872225
638385938 427462592
710556286 670617296
566209497 12658124
673506430 702852315
476364266 354242569
331382999 459999618
636548032 757734823
115385972 246821353
963658556 497491256
295689600 279706052
642695674 8298424
482132385 298975831
339641628 734850302
961095829 162510870
391232607 223598876
861623886 429040158
840150589 718273334
416895523 912371367
791035924 512670401
330921758 701316119
650547945 52938148
659156085 675374810
94151212 59755902
988606696 243580188
704330413 255797104
803985650 153949535
205648504 192985357
647740121 826527485
499088154 698773284
870310010 22741562
327982529 626089891
994846153 719903448
906518931 35801428
921229522 597857414
870919637 470798973
348022972 300511410
77288921 774371303
167500694 721791194
791641693 825187118
402098653 698530527
876833055 681777834
722337633 544541126
993941938 818625452
988599960 177685380
872401572 189442326
490444992 879272785
937073350 910778244
388824758 446900090
485640772 882032180
537578554 162437451
937073350 910778244
897859206 785679444
280326977 119812135
100769419 302862039
773159235 218366384
158034363 418336693
832106461 80771308
958006148 164260163
257105289 652923436
834683161 340218219
64639252 813080079
282250269 107130239
587046997 131936353
909529506 797668986
628049760 866846475
586304309 717065862
341655207 519398136
371923206 27446718
967359072 84910401
721565764 337322456
206531990 6440959
970490748 725657803
835885987 973609860
188682868 228093526
848926250 78462664
644929929 915294697
804757811 6413606
339053304 751769633
692226918 785450096
344834863 660994567
509529541 841672848
596720722 806904935
423691034 900365643
471903492 92835816
316624876 833037020
422617443 885186178
399352367 46529164
715378248 232442261
640794441 178936232
392156838 951722221
154388194 126430247
377145396 785118413
467126612 941116633
182398171 855848399
46474284 774577699
208560107 824755619
45942461 906867142
868015497 23377108
810870679 161478403
236210806 313960009
474060549 535228114
356084676 339004686
49392618 681521134
539361922 172535692
264934672 316068537
629478986 559436637
933111206 471302855
301051990 833953294
700795934 432522973
370849344 320323747
478406984 258848419
216709769 871911548
253330388 326455014
230999118 634219981
956082903 259498164
238811144 948515854
857679209 737443108
106039347 75458961
335412487 522999974
513600007 347431353
529878049 990965715
45942461 906867142
920174136 65107707
537017950 104167046
812717497 540729725
970548781 943217836
9229821 219449999
305783101 620552514
384515645 234117064
992030084 707942237
958902638 573267849
269868600 701215651
851497854 40376738
387185746 168536479
164774822 862532422
254846365 282256500
789418723 493798783
129579103 302145486
667813697 853130712
633630196 169534629
309637738 236669458
475313465 980316131
718016439 961682880
584383749 297811653
844282990 687182238
692517683 668750870
393158345 771470763
437326427 305262188
200007842 928720017
403829992 276457330
30045769 717459018
272920118 208265974
417572731 949089401
20299599 407730289
494614114 55673516
887898012 993094599
812984054 361619588
478520114 934267079
461442824 516284378
957333048 626835293
931729239 559645517
596720722 806904935
280663723 581629676
56283305 630769729
293938999 374230661
410477890 43096832
460728188 85166514
539361922 172535692
302534632 662557883
844282990 687182238
455587349 991147343
390787624 688055299
131951495 8512743
894607323 742972399
582271614 953757719
914381480 114777989
523387884 727461890
150278204 820612094
857577423 963829453
94091302 430225892
724348839 544251671
625860671 17699296
348332857 2576050
738271003 187076077
393158345 771470763
970490748 725657803
843238761 583632732
951217141 189676754
470204901 93561970
423171704 962477413
960168522 289173006
134377681 306009341
2107415 297731289
855042485 232401629
921122442 108688680
392338231 510334306
922880812 603017435
155361807 644824432
160601394 930668180
277321177 705725206
340667248 311252210
720763774 397314403
605483680 72610096
485892354 212872335
524011620 244264791
165474635 171869705
591150383 663106542
404815825 157898021
670334079 501948485
675942459 533519686
663977264 257494163
409082602 230730107
970760481 551107318
158767289 267391954
210220367 60331556
516845276 9415620
933164661 339489437
962951531 458987318
18544939 233835265
541195300 258682672
720331161 687766634
542206372 588680467
231603590 498480657
330537439 395315569
639449662 42025488
491230891 84454809
987206958 441502834
166766019 38356045
714840271 871060890
810958957 209663156
604245343 168767302
932878418 841513348
843591217 372981160
962805698 81435662
217199569 886718094
402576022 652329665
830568738 468797305
475093979 714229122
829391915 134837784
957582797 772252280
214617011 805427095
744600652 240166531
551228585 486975276
520035443 81869241
530776607 273095868
493931166 284093154
628269868 897989233
674263413 930598519
550036759 50565069
373921454 252497712
297294359 560454468
804793259 160693870
626861877 653091419
643936113 880106821
311853568 853519995
625553686 242549583
390400574 516562014
717620057 738449855
770068467 287588781
884940595 350648739
462088278 198580952
399226847 502463288
395933898 977148953
726863528 247118577
740128890 766805470
320667564 218720394
752873727 136055081
941897804 182300570
989901297 525842154
660863157 964395434
870351498 723247576
93238472 863412645
661550618 623152719
495573766 62267743
209927543 504267682
845993760 177689464
437596370 565030467
20436068 766302070
830591405 807254798
957367453 776239700
514360333 861581095
316973827 566886378
759376196 79468857
103016771 884333089
924756474 854825193
208904479 852961931
519975720 925137659
163915924 110220845
71790869 649435459
98409808 446767340
242660816 369919865
855334819 175904536
234543039 883795412
715912349 571591708
339723592 854838668
976478942 431134165
300487 1573259
329910841 390802464
288068479 288707560
139324258 622917666
835432910 850655355
242593825 581479222
825335299 433704499
593331531 283831242
249125309 96012307
175222401 600396892
722319672 634081711
229407944 136334408
518782148 145643829
8672054 435152925
145897059 524004959
963074790 770552318
842359176 225249529
672298147 958950142
869510547 383055334
923384749 391641348
572862864 121193732
103802934 940678923
231603590 498480657
492261652 721059775
725900379 689386837
768510259 993315025
967014068 423913000
557434633 592179740
564185325 822578363
269333754 383536523
411145647 773215696
889155372 104603168
535941053 669606448
833129745 41042509
436470791 411804384
102218583 282726319
110299160 735825223
956469727 755398336
635341851 971319803
242932094 78268124
650760998 690604576
138820716 239499366
87812815 371646756
618965251 462738847
74333485 846769302
747776544 423728685
933060721 268042623
554852401 962504304
8426358 497676280
69711242 929351041
134377681 306009341
994060494 814076134
143273919 53353349
388824758 446900090
188141945 55566998
353492531 615763685
138720074 216221310
305362327 421887720
377940394 498861054
274269108 530170569
235218189 908620542
466469436 499825291
238873698 302965567
926991969 847845283
402713642 987047682
111824925 914455766
470681809 645277005
155294953 479996553
20449494 446889342
955933648 664212726
673427975 956226362
789325787 391579952
405581607 233050975
18213446 80634854
619169767 867109182
600912501 526045939
204784179 496373189
172566572 992411870
555616780 929514907
140691088 275915785
9956332 721610982
892238620 970455651
599167706 9094553
301023139 823227952
49933004 644407182
537500604 311173022
178835546 37972115
223935799 89056004
372443796 406030428
981311620 393353245
401035529 137965274
426399825 815303995
350137808 670667713
305912693 697510547
239608548 769185184
240910767 180947915
450725965 256099324
433869756 464952206
933060721 268042623
312478931 719374654
672884200 862027108
475101970 549435266
641435170 485387917
627712928 857656682
619169767 867109182
683962941 155261441
904977717 902041203
850963268 575674627
740394167 545209475
604596879 645102140
512840019 58019473
641606418 335001199
163141979 106335450
831553369 807019286
70142869 628245407
144645371 581282461
441423032 925086083
351405755 242920266
867812658 776628430
29336563 443820431
121193803 882320798
191111405 452436890
821647701 517320986
659735912 650593858
51176257 561327257
13858403 931625967
315720927 70445309
777663626 211810397
831553369 807019286
564522155 426856004
53350475 73765620
25463933 965430884
637919195 338708223
639853124 247739382
654243389 619549688
127781114 24264412
461365483 311626995
384293633 732076991
217932362 315296907
564639006 677452131
529326137 609208260
348093597 255832752
918179062 602904067
934180064 443561559
66958183 549869387
378784480 522939634
463283877 623615927
573430015 682562686
612404250 687547388
34080503 541409363
135974000 738584792
65242182 220170257
818784918 90717024
923588888 499507475
1415651 898272738
314101072 793325374
485852103 742421942
250633072 148890962
305087633 907051217
179365554 820395890
788362803 5072376
103544849 865855867
781350929 293940270
285096612 303928357
150919017 275447935
935980517 950315106
495874943 395839457
946713541 964421929
352775559 463561598
669293384 78906773
718969909 869394501
505002855 327626
608663572 824716373
858232222 13553108
542865255 285931486
732617530 641139637
504321387 750699061
791035924 512670401
860887492 884832717
967242523 680741899
220985885 182421477
20415334 155427052
137384224 500145418
206982523 271326705
601115644 359708647
23296065 254150221
329020606 816507268
165292519 204436977
485891598 837297164
536349708 614393109
900815650 758802323
317333297 391863358
144167598 714106173
357834754 231708377
706940994 31252243
155875130 675221344
694419307 954011242
564499450 191646870
337178815 239566402
382274290 427783676
339053304 751769633
632950461 265881199
88429673 243696696
90656889 891914859
387080530 24388536
624855518 396848971
607886454 679285280
666447549 651183695
116200909 987120357
917464658 478837869
720727107 94797519
438983035 611593141
936042002 40810194
205713453 706646907
296144934 823963545
163919068 149754069
53397875 639678914
553031040 10285922
872627534 766967541
48584164 380999618
329618750 858800031
237623510 399127328
345505624 812440570
245229425 676935653
609749689 520055638
7149402 967437128
190947318 128532535
88871473 234908046
942813021 46591941
489832928 695542396
56326292 835725892
141240462 519485540
267407300 230212802
552855559 445494149
164602744 863948342
578528037 489533943
544728587 812565019
76201246 183274029
758394684 135058898
195031096 607389188
198301297 215228479
383916632 256519031
724995707 603278367
229487442 20302182
360239073 850554679
304336098 616185163
64092058 559333895
607014263 223950281
850261708 712673902
166802535 1485500
171145106 445513311
345867365 163155811
436841304 387707557
734811766 993341559
228189422 476906273
669011401 257997963
371754043 705835873
611152615 40825448
229458051 355363080
225114225 815146762
356889697 91421011
173837012 487959621
128747176 444528394
913545340 851153108
542865255 285931486
475556910 255483702
253491777 953282261
334221088 106319962
839426248 28840271
878445404 163541820
593041458 350330254
384419503 349064557
889155372 104603168
247939604 858867687
279667042 549817988
907739351 886790231
704380256 311319882
74764541 894809665
981252250 777808529
973049829 929519360
488030130 77154734
48584164 380999618
481692140 1727387
359159172 646418218
510831809 363597025
612705076 945231851
825335299 433704499
637919195 338708223
541666616 20186534
112379795 289867345
39194972 849432499
684982330 864745353
230626495 559440732
216261581 895977484
316390733 461778966
248637239 448919577
897741836 739325869
398895995 997468191
447390847 308594664
479516639 552904170
564639006 677452131
812005511 545901027
465299354 443269150
975822627 400564865
874327087 244237902
78697865 161917285
661162215 859799658
426433952 466411567
811122208 152777219
868268313 457596435
959769482 53860588
239135332 670770539
777115682 418997038
902387783 849117609
409613585 717361202
79676733 240724970
887390353 456351834
295804076 700892466
288343964 228568732
420174320 292639849
115347064 870221205
535052995 264465547
611642834 200485426
2283723 973244144
161048426 884918770
988613503 911494119
920241667 956340087
955806060 476787961
809134846 753328631
608695337 211289806
235918975 920336848
769406070 829471045
271919921 750787628
215365080 824083453
520500238 254648120
881980360 985816698
440173346 930808642
100678839 642214818
704502020 197896234
960197930 704233748
677192325 326131681
638266100 374335985
348722895 12281186
745700067 766545940
704432292 374506257
529386303 244977805
117551525 555116597
92357849 736030798
85766753 314471004
628095048 629478622
288068479 288707560
654243389 619549688
989139823 785886553
941664972 295174536
790162184 444741965
705567922 706186072
257083398 785443937
366096677 725496775
601963773 314906384
811458931 590104901
393583909 604593598
267191110 459436279
147610071 1867090
904961665 693237804
397336161 278899128
357634618 834830747
709704899 787335525
757951148 804294381
464358226 637175982
872465725 782502824
222371077 753901960
23296065 254150221
72580194 842937968
647183529 847299395
337407802 142414295
377371846 872620015
542870717 457252001
270054452 783029218
348820020 228817568
555732006 605426638
208072925 437530787
699227147 791867607
37193848 843886386
661603343 743337941
182087136 724530669
950525323 599396508
632823709 345741548
577769922 957170989
29097424 186614287
138820716 239499366
950085875 659689437
177671131 501233431
974964148 615758393
641475524 277261085
296332247 661583286
823209207 220936729
842178163 800410658
734921935 90689146
704007235 689669537
720449053 308595592
850945831 888425109
369121610 982478790
561371971 540326962
893482610 538811944
828781933 437463126
506023590 20282023
386032285 30261880
591151473 224669732
296699439 109683297
577903575 598447409
696415913 516824747
344029906 977213196
635488515 936035660
13453770 855812757
601115644 359708647
854600129 229012271
910643101 954601073
507959874 501401553
136409603 20394525
601258866 687905690
192390171 979767635
89406847 941363429
655586609 858518291
625706883 882592372
946713541 964421929
623869789 463512331
821428580 570174110
801288822 25229750
918621170 647859827
416895523 912371367
944499052 306788822
700592693 222141011
211704642 105086766
412672494 455072061
4799687 466164981
372434838 420246442
721087125 697022047
949490303 335527677
177111459 932132760
318189087 461070707
568531576 874083398
140831595 712550705
56787890 144495073
431465191 982461593
472216278 243556456
643049189 787465620
267073305 45708052
994822698 978804930
340343135 408148201
205223378 737354698
140145320 698217490
292958052 962961728
46667392 692041579
759415745 476998889
670074161 54802976
879302862 537079643
724583639 128073500
125113812 274616208
996961846 666440083
449067090 615495423
203842056 369174261
850385869 99510982
597451283 963489684
756774129 358862895
31611413 909259945
586678786 559099943
899391540 276536740
884592690 828338875
802349672 993279987
603478927 422035618
287259235 795455247
852670508 776857363
355531173 130598814
569938764 993861311
243666630 936349489
788609032 15478035
185638566 965865709
403780854 439003414
88985993 476066334
999664788 333604881
909140751 747796443
710065705 163469385
923227671 392590410
768428060 847125736
269361966 246984866
950085875 659689437
899964710 995698372
237350002 937186201
839766396 21376953
332225225 667545315
779431432 293031243
511370879 327605106
231369518 150286465
466847610 222926019
790112853 929290304
600242811 378171043
164201792 746804663
148251075 459184900
375826942 647452855
12708777 74806094
835885987 973609860
523264680 340883191
437596370 565030467
714236027 422693956
663146293 430895795
1679360 270996585
995131825 629880616
567230266 597275846
776153544 251908663
193407154 238405759
447647838 438355138
719668015 958167365
181179753 76007869
307215751 902615253
994579848 967964660
332915126 281588686
285400289 884249703
726247152 373116862
64092058 559333895
930801252 638565497
876303617 219128727
945425628 565208731
991709932 912939258
375884911 577202710
949941215 177844193
386782324 71635575
270207570 320858384
285362915 697519251
638385938 427462592
681630981 678592631
51247840 877260825
929492122 325142120
437349357 966467142
893691245 396897950
273433332 635112160
624859093 661873905
349353297 405636413
34039176 354799543
48006248 789786736
27073 141645
962527107 384490527
883227475 324390979
942874320 153850023
545068011 894333180
329020606 816507268
544528100 819296847
277558393 430247160
145677010 425733501
118630160 555956398
543710472 696665525
689966345 227729269
164224020 639708089
652631192 41134136
579351906 686611924
695879001 978129081
633285458 567270136
987613753 931388362
644615477 512157014
955121839 451270205
789050819 653533248
69711242 929351041
593331531 283831242
67698865 437201208
603473967 957735603
588146735 661182614
921428914 830741542
927932143 409051911
617356805 569358383
792955764 198335216
209022898 842244688
748838238 476176543
522104055 124843005
248447963 682775984
250683695 288833051
202506216 552306892
994018120 625614180
878406005 504654763
872401572 189442326
120156766 858913165
485852103 742421942
960168522 289173006
827069930 525877677
324210936 846495716
891706153 821332475
653701937 817533583
801966409 347145871
732014210 357145447
903593190 454171001
315391485 541026493
271626102 733957352
929957847 279268093
641065228 92085728
567160893 188182415
369900897 367991817
660989306 120115093
672177043 694105237
292218430 689554402
347052713 737962051
425046689 456924515
994060494 814076134
958902638 573267849
221910310 272788586
431465191 982461593
373726001 35040824
270151135 630422617
873319027 875170630
231613154 603213764
759401535 128625176
895076192 200438323
597758322 247184723
744600652 240166531
6395259 197450837
688037369 90135826
888139676 350227758
405375454 687442595
727243110 795772914
981645655 286856130
377371846 872620015
485702046 142937450
587859907 818275292
645032202 155229804
727630230 276532004
714537886 630195956
502920512 928623545
292678143 159168888
204074195 543758759
773159235 218366384
964141413 637891939
105198091 363080281
97166300 908288319
993441875 475169121
865120401 549537683
630014651 311750071
870310010 22741562
681566369 117876275
458477268 514666402
460945080 467791228
275659214 888460083
908522303 275228917
886366077 907750482
20299599 407730289
845937646 181349937
248420206 697874018
184782044 125720748
372689632 426087318
199244528 256525059
378078404 881877604
629341434 693657849
800792460 325916533
155321082 634837532
83338938 74147880
213793786 471209337
365490465 121783435
121862246 158729910
123592456 546037958
49933004 644407182
276440867 16852527
802619597 21384889
734674057 743180345
941657318 576552474
49243888 186444304
195934527 591808542
446882287 485861704
232542961 699203034
332208266 759413994
165332394 30503926
670966781 705530628
43402486 583178209
976359872 374117474
705058335 226704946
732342140 946958962
850118806 846417442
103836527 401162895
889949711 217362582
348749759 118912132
491840781 807561519
645091275 477248933
910996161 637569640
124529107 773564459
441080694 692530881
537500604 311173022
337277119 727436548
560877906 552319422
293898045 242244977
712767941 255985074
586849804 528514580
10197357 788364802
433988363 927025308
71054433 136898495
7149402 967437128
266690019 734258968
266877256 565989770
567904794 389275701
553672434 890851060
991455374 602046089
470681809 645277005
311538946 696054402
845403032 605261864
192299348 132418798
288163277 652210007
391673 321726118
206982523 271326705
724583639 128073500
927932143 409051911
397336161 278899128
237355770 398603912
312566458 142416725
533147358 535891011
196676717 217436928
335276587 587962450
82107703 926656125
49694821 804206018
688229462 232792834
596652249 436822234
157991645 145725532
414737495 261844083
169217085 647790039
294462337 123796422
338380624 139987408
833129745 41042509
55543084 4415893
186371555 690483032
525106676 243517695
130282809 552703563
793981323 93334595
371486294 439702977
534569449 807140755
571987479 305915501
557959788 929563653
309299887 477512980
651692859 779722997
50837631 961422976
400391643 578159297
395647522 403162102
697021321 502231537
823301439 420021965
249753832 651345082
153322595 109052839
871428865 546535214
148113009 674554049
517891944 327628323
946267565 227995304
653394509 31368795
35905203 168068502
245595551 743229716
14844671 10005514
920769276 155498595
100495249 420440545
482296287 863067295
740411856 978500033
319854139 590676646
369900897 367991817
177487739 999818397
226355973 920117279
489003496 117098348
693179842 376484623
766441656 172562260
330670557 938781121
35272164 319114767
45710600 560484072
977479916 735760825
61198021 324220896
395531919 928879916
415526518 308928083
139780769 318311974
179365554 820395890
644615477 512157014
175714832 514167004
308202086 677685808
777248794 422148478
14538755 772489714
435158686 411192904
705902290 362471996
637308202 573621426
967664452 680708013
419749096 677529396
694421370 535702615
11262302 23970890
45970723 158060151
707455248 198061608
616357731 119398342
69789832 441589716
271456195 166503889
722505636 687068846
618667647 159353277
176431915 105308899
480837095 502910881
599418745 985154032
624337381 212504249
794827085 766676416
503890585 44207914
27073 141645
58067073 78611600
923384749 391641348
197765117 746408186
106823896 468295960
464769895 187033994
781767623 201613382
373898316 425108253
905651614 412700700
599354937 399504818
282067330 815712004
18785761 820074394
638380975 366011009
105905293 80104372
638380975 366011009
238499539 912165610
21072801 333222944
188156715 602894021
422248019 566410906
216485840 690507141
72057861 993463178
51247840 877260825
514230186 57161833
8287025 810906433
846610852 970220704
984086055 501685680
422657396 204177728
850945831 888425109
713210705 168797858
829084411 166267996
180507925 4758108
952506637 644034206
664613292 300966002
183756165 338433981
269487172 575832329
145677010 425733501
923247956 891065695
448805270 982297246
949993161 806496317
480038648 941927615
49243888 186444304
856954709 188400914
711080317 945623167
148873044 746786698
548129122 264326787
894906643 378141085
612334964 491706683
990400768 856651849
414815808 866481940
320622993 644089431
489849029 953952946
880466497 103223051
724583639 128073500
759859028 644698051
775354379 179532175
887390353 456351834
321334634 607064743
360239073 850554679
965677005 260020293
946713541 964421929
438096224 903909113
766435139 454328317
802631030 124979954
1599617 802008470
463125048 711201891
532884126 275106510
201039580 242782455
597344446 466636744
352775559 463561598
448990282 816958828
940224964 989468663
217954265 81010711
577456967 889707968
28938426 857937804
490817062 157055878
649565716 434659099
965677005 260020293
850366772 619757900
625318773 697831584
683359289 103656947
464358226 637175982
333144111 261350551
362477893 422795435
298606421 62165089
180372786 300386699
962692266 99171638
117026365 126009022
527783597 790417537
427830554 733627030
758625357 944996723
671388267 544507655
716447430 673684331
330937047 735903955
297573487 8434494
963512752 913099617
172777442 195583010
872304954 753122692
881706585 494411465
71758134 953629052
675439050 97286320
160332239 264944972
96656454 641184365
828999567 173936140
128514765 529459812
334404641 678441449
18132034 462750169
670326982 124155213
374599995 631907283
729525286 59202706
117138459 812928344
748838238 476176543
440129046 193677031
671191640 541501454
266419972 809296078
155025196 998616224
274368394 542986976
442416453 932723593
182002742 645900969
513600007 347431353
676548321 22852171
812807188 888806733
388716366 872410162
144292420 707410537
248447963 682775984
850118806 846417442
227264095 712239158
233205878 546367223
929202399 122980579
94217842 656670108
778081393 571216736
806692727 70657362
405441295 306645001
800698817 14098368
353420712 575201397
505808962 463027287
577713624 425450914
500231739 386434838
700110605 338030907
759415745 476998889
806692727 70657362
663181250 118912140
548929535 138315418
578783350 867507941
491837239 131047540
77288921 774371303
103959166 186082720
390447438 143063235
277584682 297310118
44874111 352476395
28999398 386768723
50661671 404185429
781425069 521614814
998304698 530754792
395576758 858701617
778879542 749696388
452518757 571400222
713873082 372742921
179854418 876895086
387430879 957453894
471668606 370892679
965677005 260020293
485092606 408660630
749052370 75106542
981531748 783881224
766542209 992071777
758787503 406665053
231314793 275291735
734693229 602560351
450182916 853715280
320622993 644089431
584363176 209536587
519375292 357062599
989492453 986639254
728012424 452779496
506516228 859795598
810422719 711534625
652631192 41134136
155134882 157395541
986805028 249058025
381160489 976969250
114869529 678906188
61491142 67346281
330370074 883076171
624206805 148218229
154776222 673444591
909197769 225223357
711956598 337711297
287720821 872083808
223597093 145025811
180372786 300386699
355331234 467155970
974964148 615758393
84767409 241343928
867731076 281248439
595352648 924662689
789312607 898949002
428326019 589154437
689257770 688565784
844992325 920893281
554290689 938954032
41743064 409754807
999059310 617393941
146758300 591247937
803704275 465079845
229536610 996609200
10604404 811303032
856119677 682189703
993261762 675807299
522621040 661340925
336258273 338956670
786786831 455482548
346265535 195431674
555233105 426421214
965056856 90038224
378360833 101610704
273126860 737513778
96464764 238392722
495482952 913141466
443775087 198629818
595399691 284214092
794519764 940416634
349800865 951510441
523041485 841943565
461940228 323007825
440037758 503633448
844681048 154577653
906331152 87954073
857167397 743412156
107260207 115652841
1599617 802008470
134054062 210395993
754874330 889718600
440053505 352448656
874848292 691330506
180485113 827904520
653225058 60547409
749273985 588936953
192390171 979767635
985009215 927748415
651277518 659669447
73204976 294734667
208307295 965226936
261546412 894166915
214627293 545840047
972042249 14599311
759043267 571376023
572507607 817638254
280477681 886557863
496874656 798634598
588542697 21505628
684853447 811049445
428326019 589154437
608830629 310976624
373470304 20141165
962805698 81435662
306284005 568640243
911017188 988509151
269487172 575832329
576763739 955350300
765871652 329348355
57336321 193651399
956757321 700396847
613357369 435908341
543710472 696665525
690307607 580962225
282918585 694207672
614905464 159924478
238088366 930853586
128691848 416378333
792403007 207218619
192245358 228417800
12548980 499618930
765798931 186724784
7547330 697852304
797089033 676914245
254628682 821286006
779184574 838154631
267412490 539629839
757318577 283212640
121296041 727667092
167500694 721791194
45827937 33690356
407454989 266073150
892475975 496153875
487486851 766454754
715968389 780238536
558031071 464274490
610857847 533210378
795215118 85639927
479516639 552904170
660034467 712564221
992563724 977122893
946259045 70544139
472616020 610285820
296048639 77959023
805945755 975935054
847581765 697967438
789852508 369204218
578784023 998532930
964055943 609889754
250974337 165177723
834390783 239981429
962805698 81435662
428326019 589154437
776903072 961490108
348511118 648892317
47865914 978267078
900298837 197284131
873163539 728646570
908923532 738001995
338970260 97877479
973550855 513676442
334221088 106319962
730422879 196092612
418538872 563252664
692753998 385971319
514350808 85863490
169217085 647790039
955247708 427745968
525124269 426413691
723124248 765123711
495398800 897887742
660034467 712564221
440173346 930808642
806771909 79955419
201650843 469596254
231613154 603213764
114906500 83333036
53168878 671153118
681611474 282870144
779439494 307399541
554141897 43602592
699227147 791867607
494638646 555323299
128514765 529459812
539794272 334868287
834803322 936937664
319763609 509748464
694293941 921458005
653457732 692652515
353705363 833647190
704432292 374506257
696649281 290182354
610685994 143569924
212554221 527528553
325591942 620656413
849866601 735246645
539775912 742281939
292031805 576691562
127606300 309552255
444489826 369207323
849184750 889527562
998377405 449534340
506486615 651802140
978727045 97500336
49857032 284542551
640110687 316658812
376006637 736536430
547488789 967387781
292218430 689554402
51828568 944252703
362761383 951191039
617013163 949928100
145950814 961267715
907856100 883001771
265588838 759995292
551487515 741405422
602594665 621668548
833799506 864352355
170532886 394696906
618339 708659524
328951831 891956251
331155745 341844127
650483099 573671855
789447831 939641086
910354051 837458240
991406058 311260001
388824758 446900090
320130130 515005125
283426529 196971673
936258145 326283769
227536125 539871621
486441985 697839608
247604923 580849821
114906500 83333036
809774942 550162712
625318773 697831584
861204013 753410791
145897059 524004959
596893872 175421713
627423976 951870040
83063485 622984005
123559383 287629108
669518714 564793025
897915680 879737897
203865239 182592088
538384757 576326365
391872893 275145765
787488033 131984467
194544423 982032267
475545942 356852720
263912465 809955238
148115485 580324172
841698476 840964843
462185042 232394178
512092980 956114987
216052990 688928422
136727696 941520766
507329049 570725641
857033589 40599009
987206958 441502834
893691245 396897950
260462856 494516110
973296336 844791207
863718372 507755825
314261425 811135892
15187271 972211163
379758921 419207320
263023064 376313241
151145053 303014916
227820601 953937235
804732770 540133754
598572385 391757806
926296476 65620538
839773525 777358075
360023440 102651725
765523699 357574917
151431114 707047705
768428060 847125736
338452361 867976537
403803531 593493656
867731076 281248439
785172243 857419578
931791232 967048715
357031853 318127486
610857847 533210378
134420016 797325355
341900858 496881836
552301682 535499200
803044810 767710917
215443828 143438402
356487278 802161915
799015044 899784274
538608587 66445247
623997753 302554840
379792784 884149473
544563568 411047188
518960162 859252840
183955625 384453640
931791232 967048715
53350475 73765620
584277073 756721477
979051076 802994603
259592124 992379827
296332247 661583286
971706910 367916113
588542697 21505628
622197501 868276383
82107703 926656125
165332394 30503926
311407458 285188378
69469728 174573061
457255078 839306323
286634019 801998704
190496385 401925385
351930557 571826141
472079081 224830030
571512878 371915084
432208876 309159758
309784054 207588909
480929041 201357489
929897897 566354757
942315490 824790474
637919195 338708223
453706459 823823778
452389788 495209657
329829214 705876118
714520177 563873135
164925476 638985836
997490990 137636114
976034414 315330628
594721261 823524274
86647013 34493831
79497389 575373159
520567166 818140464
957550483 220680315
899934825 599682036
27410324 391897892
791899243 391868865
227820601 953937235
895274507 145891121
457647443 456024652
529390139 490541798
724348839 544251671
738937601 786803326
415485601 968196261
85810980 485796864
97306592 586371038
741910896 342776338
744342961 745204994
45942461 906867142
205733482 454370532
285913165 11617728
130296513 691011059
997063682 890295999
424584147 529089353
516117703 598225217
588842788 555856660
403829992 276457330
898260516 990890999
737378110 747575278
832431921 469347918
837610770 713914191
139324258 622917666
49698602 158732811
532970443 876691646
910996161 637569640
403570472 352283786
818126654 451163131
470339556 614431313
206162569 898680063
338226960 369691976
494638646 555323299
902362627 764739945
300268823 423696735
206169896 404089530
762350540 378446752
492654508 301527499
803164706 862930193
401591439 257710920
740556872 679598863
855111808 172221697
466811202 156386743
644353878 289986148
39290231 990951877
186679309 617781001
187391587 415825731
230388680 682109176
144645371 581282461
534127848 305388113
496930750 841706824
960287915 808588856
833129745 41042509
60891812 634369808
937698389 166126781
145510884 638222599
962951531 458987318
442301687 674627705
857327408 769457833
627916474 71311488
617434567 63075652
518008710 277936810
386782324 71635575
877275665 478159299
294298302 62851061
335385364 534041372
935955872 182315518
257063766 601093483
372640362 640090430
96545302 901742093
835314202 172869714
515906152 971281355
811230549 211692578
105771401 484638718
496635689 470893518
428138246 378079265
2702461 987711487
132139619 267637817
56283305 630769729
36172631 373108420
51828568 944252703
542901102 768704380
524757031 504511332
775151010 182667958
709560976 515331688
946199382 447152107
493560273 728959665
368828709 655462539
366536598 673752160
503206901 409725636
867425249 525268069
755167251 746326882
448374267 143710044
335333951 311727942
777765899 161621256
504356878 901577067
176164355 276297336
485903796 599508361
357684271 212982874
117551525 555116597
542901102 768704380
426440037 152649572
79775538 978609940
406921776 611305904
248807240 710597402
92115435 831052847
816955234 680686081
992563724 977122893
510856314 788680210
425424266 177999688
724767268 351848643
19400190 906790354
788074517 234052541
902709325 157584325
643621317 476919429
795369969 101602160
838655888 102420063
574192018 674657890
162192431 804485994
637686770 115856712
607391394 134321590
579270389 855864090
782407755 235968662
86490022 262728125
805770908 738415395
294079374 90791576
75449637 288335007
512840019 58019473
877706550 207089509
124007028 242742478
228189422 476906273
967971970 677940331
929094327 663787360
496670874 510401564
420297854 784848452
504217345 430156941
273529534 138265986
352570330 125729369
791641693 825187118
961825622 964109156
177323771 610746914
993549796 742980225
941267699 860802510
357724078 420588668
623773092 498641296
497234006 338126687
119232930 611230204
33673235 79056985
335783461 816119477
709095942 851413199
293142844 763040677
910707250 850094452
21385373 199521818
548145860 677770983
157957130 971807403
740394167 545209475
853961259 596070069
734848789 651919072
690769490 469856401
238811144 948515854
868105399 715876499
150193444 540414951
477261896 237004568
2208041 902161944
801966409 347145871
675661138 630782781
884533989 681860475
114060601 616529029
819839555 812241411
492570540 979697869
579584542 892150811
454321845 25157292
352570330 125729369
813850462 227209319
680798783 2843397
419749096 677529396
45060244 720543153
364551204 625224194
478585589 715973542
522104055 124843005
371808145 276456086
322421530 644661498
234398747 745254872
63595879 758017060
602744454 315954963
931904961 417493261
651017303 560883066
675661138 630782781
623670116 161170524
111168082 105412376
651504070 653734432
310328301 210785774
42455295 320013499
353523947 818281306
858616739 691700458
891874243 957842325
319763609 509748464
71790869 649435459
482574472 99931081
249753832 651345082
930068915 575100921
610636612 908476322
460945080 467791228
942813021 46591941
742740980 986883554
847581765 697967438
896662785 751774397
353492531 615763685
633221979 375132679
616195701 289538498
926872110 180295553
370160080 819226981
330370074 883076171
323562489 795483476
733417889 642555437
333958594 482405058
920241667 956340087
729942019 170115169
40934715 205537270
290678592 342290023
87707372 495324657
98623775 853226626
530165876 760554367
602744454 315954963
884940595 350648739
776452183 699679658
172164305 244305290
125133237 301998071
116125361 738243031
798650650 312155398
793981762 680526848
257780489 708651441
109034398 594870499
311388669 996498436
324315620 16542342
491997463 579220138
344492116 185880010
229536610 996609200
977969992 355149186
876561444 514758594
231314793 275291735
434697345 170244104
287720821 872083808
103236630 915409904
95317724 23658391
169582758 705340820
487763091 868215458
242746403 753652624
859277702 647821506
781955184 990515102
106741185 709030296
529181470 975525993
820409030 798460942
391753170 674357441
545358610 634581676
301452128 972354510
565998928 548612298
334082019 42164031
405885964 746256819
629335728 805418454
652631192 41134136
215880834 922303514
115392565 917777368
985760892 363132542
97884550 191467513
3948123 926149384
589200686 124253485
104489342 365027852
273473509 847309461
280663723 581629676
546676667 711419415
538577465 255404375
964055943 609889754
208072925 437530787
722319672 634081711
372981007 557310334
88143047 817503581
646657295 218948852
840892877 701698270
902242119 273832190
165482942 402704481
30045769 717459018
909443109 159464490
741881223 468128179
402240507 616034104
31136462 120122266
723101284 448569778
910286064 611867017
514251576 5404733
891280548 984362862
315781407 707654111
745672811 740518768
922201450 614955252
91110821 834140762
691652774 69192021
921893532 462232944
481691779 309736795
137669989 160965865
291885128 173156927
566694173 329044517
817618707 611358094
898866666 230043820
968978112 166935242
696247721 105059697
213399747 867697452
424716344 469907965
710552718 896800473
609183290 108781115
985009215 927748415
191768356 611942487
954718400 53128012
642046675 864417563
871547407 852799461
929873931 821170872
17765470 15859166
463970886 471057512
799293634 725104084
679920285 439335834
31133966 195656130
758787503 406665053
349217402 724762
280145911 210967164
777897665 467863814
742320953 186533406
680798783 2843397
576763739 955350300
654243389 619549688
783759760 102974834
874002244 953821392
601115644 359708647
90140068 700825873
989919465 362313715
256443873 828049009
58067073 78611600
150763844 919273914
788609032 15478035
427417560 938303936
882323623 325602453
163831835 472861012
222976311 684040489
56326292 835725892
942160915 272859782
658870035 8223136
395874204 175305440
806936070 503585155
921082815 741052595
524011620 244264791
752873727 136055081
507700426 272430234
625161275 834231451
850963268 575674627
484169558 764647050
791899243 391868865
467569138 604535602
936094480 399203933
260462856 494516110
676548321 22852171
367439048 210677613
360239073 850554679
487289581 396602405
463031331 284459715
723163714 629500352
922079808 576363503
461946260 322496473
296699439 109683297
953395275 681571094
720751515 350095019
593266801 74958745
316025784 489326582
209412919 126236416
71758134 953629052
188879080 795893154
48462338 420131214
56972040 63033522
139764820 697724419
337903744 40898799
565267930 354222729
595264937 756251559
345253665 638550162
113718606 489201108
192390171 979767635
593533269 664315512
505002855 327626
246617527 951840247
961099049 65768056
809134846 753328631
703325587 570193035
987544241 472828191
903607998 798514445
396765726 546946829
552982084 466934246
14340050 878774600
308806544 761325112
745700067 766545940
969734603 910750595
611642834 200485426
589086601 262514380
232542961 699203034
448990282 816958828
286652184 105558960
845665351 324295360
207990070 504732171
699550429 286035111
98281892 429972880
555714163 244194842
451666321 673147306
610636612 908476322
603478927 422035618
189985044 269688729
749507028 564378661
83877582 10545667
144167598 714106173
880817934 276394496
398662772 123136445
612249073 521691986
884402694 422787255
25278887 606089424
552338942 307403678
102218583 282726319
614365407 30729552
997111032 416916054
666786594 655249374
871188305 911174509
414196133 249504683
941267699 860802510
500723217 25417365
402489131 507844348
953517102 494394203
349964081 553805948
157846309 57876663
878445404 163541820
45710600 560484072
431933512 837242144
940453707 698912982
572219789 215268782
726700573 782243468
111070600 265238080
545068011 894333180
478630205 238816262
46575558 223686828
840760665 945778585
259153563 650670402
111168082 105412376
37596488 651880763
240544297 424502259
936094480 399203933
975145867 783585307
310934014 702921045
42812490 810858910
365499225 225409956
191176432 268101349
804757811 6413606
820896267 552881545
782670794 533513536
826877748 549089951
566753705 882707252
735541573 732193165
157957130 971807403
83306796 185233941
70782432 947445336
710341634 977414750
302553859 70871915
118881654 46926927
911041777 786965024
68449342 268587045
779439494 307399541
257307477 661137280
114496575 260565429
793096783 545583575
993438982 224808304
628300468 119531163
849936377 238815394
57280720 485648035
752751145 235834685
6075317 724824584
714173466 433419349
25865869 353729857
921082815 741052595
512614973 473112046
42170663 346855754
911 4651
194875184 294505950
577912214 237260131
8506477 777206349
350413031 922197902
596137586 545040652
223057671 364005295
514773661 619578798
809789497 829189498
757083600 191071767
654283891 193499142
107555556 10653301
335426026 11070312
684982330 864745353
2230551 662656732
411576397 141101487
207976581 965822597
20229030 4567257
62897412 562149390
959186438 205580580
903607998 798514445
257613522 251052308
134377681 306009341
501257395 682414463
46547557 307614821
205143047 610724465
294025250 803554602
712422479 570477989
614905464 159924478
216709769 871911548
911066549 609515426
103802934 940678923
37216255 628522661
723870533 780400977
532131509 865880816
696062618 363952603
892892721 237586038
18785761 820074394
495248358 853613529
131951495 8512743
350110636 376976587
561356535 934484850
554141897 43602592
146069043 844841697
251792672 896883758
943857644 126255619
741221285 700733348
353971213 139766969
192205642 224759401
177487739 999818397
157957130 971807403
991148721 49281610
548068602 448801021
142317446 420683072
229487442 20302182
4816154 688073805
313147278 833220544
223490337 378515344
627741949 815337719
483840789 550567995
131186833 78052080
387185746 168536479
822545101 662311301
321871203 648500562
704586401 837492291
911579622 246856013
203817773 232391206
374260354 55920290
694419307 954011242
275659214 888460083
203235860 816588242
699550429 286035111
699550429 286035111
406790594 302518142
704330413 255797104
53565214 756890612
251115863 112652395
552710849 179039732
941403070 234888852
663340039 531121806
154776222 673444591
294343484 437394318
879008628 146859834
374470403 168553950
542343427 66984134
898122214 580377131
87710951 332477828
612688559 725522577
332915126 281588686
673476179 229997813
812304963 10762125
953395275 681571094
294340328 681629083
942813021 46591941
474928762 217249519
135974000 738584792
766605287 377915866
719806627 590192841
445207345 999195853
692145490 404913235
940170177 617362306
189743243 623881340
840170181 797503033
249441600 647964619
799791782 567519324
21082110 458328488
252980035 676207032
439166995 930904013
278968092 882327211
516117703 598225217
694701596 587877809
252078175 603992398
872602595 746929486
153322595 109052839
807074443 821414304
237192580 45241884
399951557 715351111
783118547 546039526
93676290 50927677
296383535 194242545
140947813 927796643
973296336 844791207
545194569 679326132
965964591 888044203
233556517 26512085
360424444 820954054
48104942 611541620
758907415 133507214
601963773 314906384
813375309 489322115
442749629 619616630
235604763 986040865
448084395 786464830
657259133 846892515
909386815 186971301
208307295 965226936
901838823 350212894
695354946 529154256
520412822 900171554
540528498 300556219
893201105 601440502
672220260 166474734
802468281 167019289
339641628 734850302
794081466 268798334
786137819 300172885
729238853 564815314
140565454 19868120
754349311 226080523
449067090 615495423
871428865 546535214
437580547 112596686
492182944 452494108
49767436 449119614
437925234 732502358
100769419 302862039
359400287 163098005
335640513 915005377
296859649 11699724
841940140 512137808
892892721 237586038
580794924 650505977
707654522 516789172
579962337 249962939
172735014 333572992
560858782 555958555
301348618 972556068
234781082 485481764
17765470 15859166
190129981 276719355
439555191 750943671
983895013 104921371
231613154 603213764
908424710 439894594
700599937 868430543
162958361 376165112
445148094 676761059
2743842 546866475
354740885 446327232
112624859 991030675
707148173 805460305
957367453 776239700
815317090 222536143
660100626 126462643
991900133 369618985
713822161 550855624
584771788 282549854
672870872 771577659
697303545 759585379
215880834 922303514
755167251 746326882
485913761 335780166
926023254 19129700
930801252 638565497
656383828 927941583
92575889 594169185
115836909 55637404
951509051 662127014
14538755 772489714
209448107 548174078
665160767 866121246
481727442 402078971
182087136 724530669
326629548 955018843
262733640 733073007
369456376 944107574
769878530 703860925
876213955 114869070
268618771 617462149
627147616 700237416
430328293 465764156
903947366 240789430
751202973 782814197
695582057 196624453
203413987 632051379
858616739 691700458
581849349 147373021
746992718 410446567
798511223 248413414
619212947 149989358
48006248 789786736
999664788 333604881
345847704 841213655
302437229 144377173
398154041 560955173
381484075 402254445
590156553 593376938
817192725 337380996
884717862 437877745
200007842 928720017
349800865 951510441
369368680 758605528
637686770 115856712
874131 715444899
295052545 147397267
982779772 830875477
129822692 528485275
339149844 562632818
269868600 701215651
354140663 185889609
783205551 854737106
345505624 812440570
327413067 527014939
803586880 466157842
500420771 914496527
771340374 328918027
720794956 185189903
954389726 946099462
70538718 570270054
388254286 993899098
700609333 784313487
466561302 715368353
343995685 70214032
957550483 220680315
620543891 453960158
927745302 787173042
814871829 823866052
280477681 886557863
161248331 43597325
622836639 826337594
594200555 851293764
591058405 87524779
756774129 358862895
891940710 388580602
344029906 977213196
231603590 498480657
485659996 643276126
364568899 415308848
465669929 58772410
533894127 123823821
780441631 380615018
940954524 337391630
81549097 770493874
645632466 872516094
699345787 661331565
102218583 282726319
100219256 811163025
45191810 650675301
595264937 756251559
647882357 680575371
341058965 709481581
315384959 779742996
305018829 356427495
104612922 683396756
818522856 58393362
619941954 103466210
74530250 689984454
391792748 400464613
573385793 539279001
931941233 581101366
561699054 869116085
929156044 975381972
269868600 701215651
572816593 716111216
928709887 1914667
475102004 626193551
878501091 757056121
547289751 698434615
389237037 315553758
88511197 943698858
164178370 823152605
616096408 842832466
772270661 188948538
520255245 328139639
234497192 541693652
857327408 769457833
302535153 857532313
504354256 601475434
38884089 687343901
306232387 326531797
659063841 240319178
135224886 816815425
803694692 432105791
870351498 723247576
312478931 719374654
969377116 193312719
982054676 968676650
34318376 956825784
406136981 523721932
901114371 959829067
723870533 780400977
895047890 746695524
547069871 642387406
294643473 537853457
918729218 691667044
645922295 619472954
426087574 375175163
819643225 41540929
839542733 194445224
526963831 934573323
355767407 513758863
299615737 148666781
95535978 59048534
876833055 681777834
135663447 400015495
710556286 670617296
748441016 806844218
812612195 146570593
982624679 787382294
673476179 229997813
408812172 740308474
189628189 100105118
12765280 474711351
2698586 349751110
214617011 805427095
298107551 818520184
791685969 188052445
987967625 315914071
491840781 807561519
952112002 914509967
597083213 174830170
780854091 299898008
804615613 350390290
630419208 711661498
154996768 762320789
734989993 4804811
390447438 143063235
73124815 618954370
849601615 632523599
839948117 394042446
305319899 453472305
794083743 344888997
95579105 80685813
760493076 697293571
585123555 846454183
532970443 876691646
47398854 842938783
707654522 516789172
929897897 566354757
745270997 412845542
352004871 206473071
590156553 593376938
520982097 560716431
102220938 735563730
464812597 979135252
596995197 75123742
957724076 630799297
682545733 405990306
37596488 651880763
292148688 41090366
173300987 182530619
944185906 636331200
936342061 425746191
849122589 332191382
63716350 186205158
627916474 71311488
290315766 206925940
786842333 768587077
914128845 340395532
274368394 542986976
492923549 531807449
455067681 216634575
702995251 852879885
492261652 721059775
993523939 155716174
109145463 919024322
404870091 929625005
829097889 320852544
941897804 182300570
544728587 812565019
636600356 293341918
931787626 914502970
839485354 477753626
695778280 988456234
105196776 413881792
955100333 527607744
532422480 534824791
76925106 575801869
82588956 993584928
997031392 747017896
73089989 992597468
284320216 93353138
901838823 350212894
375884911 577202710
228189422 476906273
334221088 106319962
690468469 853744024
54485414 790026798
486326382 567596936
533832896 632822922
922434585 228405727
962398161 764102679
844918941 254868383
118773487 572594380
443129774 686567144
855390972 458900883
755601330 693899599
242694053 173293837
956570831 748458913
66647197 462861204
80958737 328356551
769171145 446856801
71741506 983681373
441040440 883628551
132906079 369116696
81242479 36631503
141018374 415952973
616195701 289538498
396695838 40510294
819808564 269497778
720091191 395530045
667495576 580664275
343995685 70214032
675180604 972652575
977623096 157477318
515131038 318721503
564700184 908204207
100495249 420440545
741221285 700733348
733615412 335661401
959512259 538782452
596720722 806904935
33774121 926249907
331695900 504473153
791645645 479874911
224164209 291353831
69332616 418194731
371808145 276456086
797531242 856413076
607916077 948583136
848937107 596782061
529386303 244977805
879825408 196215945
388824758 446900090
1421793 646933065
377179390 863866835
819643225 41540929
803504981 892517894
897915680 879737897
400911485 757173311
822017201 27089770
466362213 991911584
841054686 585550587
962817212 144583310
203332621 702420586
36309777 147965357
465299354 443269150
399986073 85741238
695820772 328154979
801258159 96947563
281727935 354907133
740050640 284587308
98732520 503329322
744351042 85802008
940954524 337391630
154981167 116806593
566209497 12658124
843883415 622638006
405524817 63441860
888170124 55021527
237584655 438624046
587118070 52569975
161119472 182302750
988060421 587478970
254973688 263475029
853093134 707422798
484495924 135397541
308697065 854063636
269674218 660521322
878975871 466835582
617058630 933320335
211704642 105086766
161676930 791691392
123410771 509692541
998851245 810439147
805615200 595225171
267945600 541378743
48473876 688326811
781411033 447740870
815317090 222536143
250683638 725785453
677345729 299123859
501336116 268247556
177399866 996320703
908522303 275228917
271529805 981414796
575647311 449040562
618774661 792611484
944006594 696602078
602768733 534742806
733799423 610013182
198656197 328666249
610748463 940350147
334221088 106319962
351893789 537474591
741881223 468128179
471017315 975725034
724711555 474520922
95375028 856276303
800679493 472760279
760901464 899882234
477634964 415333157
900732615 51731549
494254670 143493496
128262624 371086547
827624785 632175360
157957130 971807403
853093134 707422798
243437559 660317469
677345729 299123859
357053181 853983742
360600312 296642118
577769922 957170989
454102198 595212672
181494310 221856348
405776619 427587383
925512949 976060071
569133091 867739323
227820601 953937235
780441631 380615018
388254286 993899098
598572385 391757806
11426180 715460311
647253073 493767908
103822907 693646815
336258273 338956670
438491358 897980375
610406077 972883781
201650843 469596254
377940394 498861054
872583400 765494871
290332232 407002099
27184318 651390934
897946675 9921714
432372771 224271818
434697345 170244104
793981762 680526848
738804219 663498088
699747407 398671739
940170177 617362306
644417023 130564506
953240103 594535539
804732770 540133754
878406005 504654763
982452257 384478411
851210391 700596935
723870533 780400977
246617527 951840247
169744813 152139422
977899663 642512759
370117508 304293892
447524449 875850279
385240263 697048132
510410845 209831088
549918098 703828635
311808058 944280453
456899128 251509594
156566781 819794197
862222 748653978
936094480 399203933
9150077 738515701
992696810 318288556
192454934 641449456
514109564 28460176
41127260 70224495
630954033 208978495
542583355 334043599
576201189 976592643
781910580 205601418
460728188 85166514
895076192 200438323
422420943 242387417
35257672 108079492
238624561 141564675
46657757 404292186
584034349 432395526
184176155 967935726
568818155 417926802
213524057 631278985
254268333 718318155
515252061 760847423
770357963 924369895
471731408 113006237
667322464 904003352
919507668 670628208
735528854 485231190
213399747 867697452
243000571 179647998
353279559 272913916
300271698 798443077
673018617 511129733
515501460 784413752
993523939 155716174
52627768 440881865
895727744 885429193
240544297 424502259
135638641 56721260
334082019 42164031
365251228 122588280
455712832 477201685
60620922 622319787
977479916 735760825
257128363 765977920
853603270 617407044
263731291 455936744
847771296 106961751
433101358 486175805
675439050 97286320
497234006 338126687
588542697 21505628
655523708 649541632
92803214 99467607
802349672 993279987
110085223 530026833
439869043 843382757
166410926 540136738
388827982 434584795
49384876 648421683
754349311 226080523
898258086 741923381
390400574 516562014
14317581 9382933
978028944 606329216
708963499 116144522
553988697 215150716
555616780 929514907
651025107 356500149
454102198 595212672
35272164 319114767
545179658 527864585
224804955 892534934
909312824 467992906
324315620 16542342
852938157 457970345
658739928 288075460
53397875 639678914
625788746 67289530
151870052 910495220
906822116 743207919
20652761 922302861
781910580 205601418
424716344 469907965
340189034 553062035
811940768 492157953
833007641 451800562
604245343 168767302
522731671 283856105
691827062 308024053
194875184 294505950
13681896 736845421
915278340 524688048
562280147 630307593
66015156 684682614
346619102 62930221
779431432 293031243
718836071 207918143
234064184 920622524
990938138 383094780
724473869 21031996
931729239 559645517
315639587 466789260
396782454 167708203
9207687 849168105
29346074 820236707
79171921 288584651
431285826 351893808
928680907 128688553
123246760 491102100
484169558 764647050
393158345 771470763
818906972 381186923
20299599 407730289
103632783 28679911
390663204 709609079
256975128 757001986
107259924 522134717
873464841 495583694
849051240 544871816
413517559 935318764
363948701 28070328
616197187 772812883
635021214 871401259
914381480 114777989
180372786 300386699
79171921 288584651
253330388 326455014
847065765 218819612
46657757 404292186
424561626 782245708
253849546 912675793
844464309 634679705
744279117 82736138
973781116 180312910
512137020 534968319
430031977 42366745
789851126 971827333
853330105 140524216
928877180 820817694
92414314 469371227
705222909 772731958
69221167 219499182
357722544 144586847
137280389 401011491
268737390 908636621
991455374 602046089
128514765 529459812
73698728 852087144
239079744 679927000
503890585 44207914
243437559 660317469
578744022 901247052
403248253 519503055
457142445 659709745
952112002 914509967
702970682 193787548
72293518 718315886
740411856 978500033
258393227 856151360
643428163 897277520
635769487 24698122
453085068 836357928
841069277 207605679
253423639 193990198
104890815 928099833
888897170 179575566
735541573 732193165
699420439 7512919
755386189 251107176
81855143 248876848
852765412 774658748
495366140 822678297
910079626 693671928
479224491 710223420
266690019 734258968
921943291 457271874
643673138 310723425
506791176 567542594
572080100 339266763
390924938 360745383
637686770 115856712
683359289 103656947
400911485 757173311
554141897 43602592
689223474 610639609
709132048 97810984
178787553 541677786
315953736 146522278
561294238 637262817
744342961 745204994
640204203 63222637
31611413 909259945
280811060 4939023
593362490 28576923
380277278 221331768
401497396 450882083
135663447 400015495
115365148 874025550
345505624 812440570
164421235 111085979
177111459 932132760
863833644 940409613
729365813 655979028
597791603 241194572
253491777 953282261
339915997 333880473
46281736 773090368
218507065 705615172
971216906 175498931
759699166 874884420
999308210 685798692
38149545 441431327
627898650 358730919
287765568 421747939
724284987 899507199
778634943 160247899
