494999891 834747738
694605747 935059428
35566308 374008449
885994024 989247547
503386321 433640365
139266244 944982244
34715461 28629743
687863273 34340730
723245196 712370617
680798593 854423745
62425001 758179436
946704351 490808244
719643544 319487149
409941052 493904192
167152428 452166276
86629736 676007401
128482380 186141987
558906264 333534738
559055768 126345056
232794799 145568897
83795055 768913469
521555431 920169079
964915935 951591158
302486174 906978711
46674338 244016828
908407467 728200090
927947727 664380459
575461838 233460373
684565606 774625355
626170705 512611647
166911673 190887320
659503094 111701881
961249632 635702373
157583571 349182218
602647003 712302188
272658780 660147930
501034045 620072640
54070525 232654187
323873254 822197351
225556921 145403470
854001869 71741181
225556921 145403470
487793138 752958463
95130998 628846076
619377827 313049271
294327086 513254732
298721733 153323584
142648488 323794183
628249267 459383
191264298 140214419
441840755 670888053
744259409 430022690
804853815 121139029
887312739 954745169
52714392 658320341
300628973 149312141
61499507 227273586
296853985 569512649
315593898 625980984
880413183 974388766
772552721 551116700
362510501 52048069
795875985 297963952
527321765 359913663
215464977 325736983
575461838 233460373
735180629 367225986
879809028 556091318
721800273 945317945
909042519 170752503
208651841 213926365
339826472 273646228
112439201 467654172
15474646 409166570
304656151 941566883
407580265 314087939
830643437 782914799
233779576 382887666
182322156 77753271
391486052 484593670
294731109 581608403
708281964 474213180
984679315 7175093
9037498 773379721
396295044 753763743
354914631 704489549
566989172 269696832
443064665 126626043
13325289 569872301
73719209 555283693
687004286 50893040
909661066 603691242
894445381 2966640
598183264 227439208
716024698 746890948
320990195 967820010
30311825 315688872
156634440 652066533
754547101 794218234
905292924 753672318
711602626 111402517
703695455 554676672
889356874 287267193
642021452 704575750
153158291 914773541
584886382 504300090
908804167 908254880
270250660 691664748
31475230 601991692
589258279 758768248
749555011 549990298
298414645 973056842
618391050 144332761
399473131 65674748
616327155 589821827
785427621 186868913
315350548 898593066
381601284 710456594
358987686 370006285
962420020 905708855
805331035 151163344
390204426 248943242
662868553 546281311
827662261 271400929
616542081 544196179
904717018 762544061
873842985 461313098
124564231 637177128
621309293 362978042
369946151 39992450
159788468 639006659
400363295 385950851
394748329 447462605
118333408 977652509
693854693 286865279
406850418 882606217
474360923 446360783
668070224 542483629
919007674 925019044
451789892 205293883
90086944 565642451
155804337 476097563
963014175 454286537
853249330 920241015
646687563 331691619
87261194 313873961
613790258 215717681
710047525 426867646
768244644 597405858
532906182 193449300
592815054 948089091
549684488 32670151
874708605 119995148
134751684 410001426
474035227 257690240
927995390 198361475
154679524 670925308
573497939 411481477
520642593 950489933
522938769 585208013
77728357 237163545
2284156 11960016
374224281 598664986
803602499 510398538
372210239 489300500
397200871 573395557
647333606 859832589
248650972 387917100
926152754 828986747
933640851 532725641
705588569 893854965
430412824 920556218
261538913 925513179
438444114 776336538
960911322 547541808
477650267 983898179
780883674 403664410
7389943 614657229
567729239 909314033
548579494 246485109
200146846 440782775
928831042 792656708
980154196 433684040
853640527 391388815
833275221 599853973
592216792 137582941
673996313 16747776
879809028 556091318
119425143 997928330
493574441 285833573
278207331 724261594
900791730 439774741
53742107 173221821
942859221 881676144
835440803 523315468
844829006 85571528
433851550 176837722
666412184 612756453
398522057 637167890
146063845 615861658
973054985 4142032
920866860 260760362
61499507 227273586
400827717 962626410
514314933 16458623
971036121 136617994
251446306 34156004
522458323 458217065
698568867 559192125
132390966 230051893
263987904 887746365
664243410 182829312
986678062 607428899
995364597 866870080
986586137 108791591
594905066 787890843
493771695 260691059
190707453 447240953
444760494 579745829
4315047 912365906
471408459 616263232
412059464 685159786
473091503 439494886
757951448 653151187
832628509 74789104
798280139 222550890
537989259 260583956
959137991 347655550
399750550 798324239
208319787 818485253
666104303 286022915
282582708 424998082
918998377 540380682
34715461 28629743
961995531 261574465
909239553 265013224
724077904 653937212
901394564 456181133
991159596 717198248
3689237 153978417
204054588 342943826
38344389 944946413
311272008 517714516
885541311 170649770
347712393 362321997
286877410 729118204
699872461 202427670
649333018 47484615
470768635 822095300
250414965 52944960
474780023 968451118
555821299 427438015
405906092 325320511
942803786 35658583
651310804 21739962
646852637 997666805
826826194 255764965
432562865 685575865
891149926 577609017
341499669 926686546
70214267 735001600
200089064 537240026
124496545 730712083
557620858 801561556
215103874 445997005
449250763 417725824
177520670 470271087
722739950 815472758
386938111 221232511
1167821 271193090
44120409 321245499
216749035 862090661
718075415 562874628
360462472 203789441
503791778 517248890
737691474 80464934
946622605 537694862
807281229 404360758
254239690 633329350
985498609 337915887
218164307 504592669
392066 305252273
955265357 917971578
658239992 713844045
679210806 316314164
985173332 948565397
877081947 994413746
681381950 744270224
940573722 155414801
528881478 163523768
439677884 538448499
671820414 264675891
656759754 640773421
963255444 550599788
326968664 513656144
315965224 628356524
56759798 723479369
636986929 871393890
561682502 916625495
519408305 297964415
932028481 679597192
575047044 507815886
56724413 822605251
644539212 727188411
720456940 206777377
10642408 9824012
74023882 347362759
249305138 343994187
335957775 368842377
492446369 578581088
37146828 387343011
419097482 657762992
897527643 52207044
468269927 629515056
631532851 184136824
273970604 106371400
233511907 227580393
545350623 415541405
693160482 620593344
853967961 995900738
198 1076
648905498 665895616
456760462 247024829
474267069 949297087
422658315 319006065
506334248 512365105
479596019 295683868
906311504 949547684
943937246 358894980
184785135 646924284
591841247 824265732
946844205 61093900
236625232 905811537
734754476 209665350
482010335 720195207
33326811 451239398
345441832 47099151
939725179 210713227
440048500 640195230
62318002 190149539
597158707 436619834
977169522 638061830
810260276 511796070
335404669 527834189
613463227 448589549
111275503 71092715
523178185 251591482
129573922 557112343
22292637 101734080
664243410 182829312
441152431 331942927
297041617 92520443
103875814 402929082
479060564 641980274
919599360 33372987
45258116 697099982
41915905 337443936
811714071 666429281
47423186 418904775
131746430 963543682
533006110 2516348
809669298 379015079
4163355 817939350
582266584 687647943
970947978 19902677
283133716 959585723
335704170 172666532
319872990 939917134
585186993 267434665
314178320 253139433
445453794 876649353
437160082 871582857
535870652 507220135
516211346 283502428
172440732 508384077
265493923 263228518
256730958 901971378
49504519 894052866
604858581 732276547
124224258 255431009
225193642 86485806
94689165 722751015
840190366 757768582
320267853 502056530
999450836 906058364
666479377 795055163
417373927 514243741
332909278 86593286
748656306 796073256
650730820 718242764
874101571 694239231
187778280 614037368
818049284 722584451
970947978 19902677
396630265 709886102
204649847 645341566
689031851 483884195
665987738 955720796
724772399 500829814
447552833 903735728
223678164 668588923
342516950 376801375
444099977 634446735
890772170 645719287
817534244 513995311
93918528 737788453
531114869 747496914
568055374 78006651
901067206 479618807
178703595 804016765
475263819 273973735
442229639 425292122
347730762 838058216
617136213 854865847
39207941 570344895
131713358 429890282
38477415 604517497
355215087 888514681
303732890 850817252
61826842 731637487
367770748 366886611
427481337 203437110
532481051 396445790
206888291 693965653
313550253 446490269
158966051 384585692
140123839 584430989
553411974 160552534
716240695 234833981
126488075 270127683
84717323 954034250
432443558 931550391
268595564 597630161
371853924 691266127
256431546 877740723
534400630 444288709
190851823 79751734
587338869 551588146
963552500 342051573
559055768 126345056
602674015 340003939
321671657 554868802
207129741 284159052
406810252 910530591
757951448 653151187
959817335 910362202
506161443 5946052
676293996 850401442
729481642 683043584
780546067 495932728
324780124 615436302
764243763 597064815
151085671 141723308
461290840 615547524
928532010 47951410
166911673 190887320
654510150 134833854
364691859 683722716
617489123 768864183
711445735 866851992
838283045 915036336
399424693 914306342
439648881 413518692
754306624 53258094
591463261 796480486
602617579 456826717
283034942 436565676
577075495 975206497
852236441 318953489
650244204 602341671
481767603 775028025
574615398 107484098
533913390 742926627
354967153 816059683
394856682 298792717
411020992 423497076
190014814 275875461
433435098 609881362
950863281 928144262
393726618 78286432
676293996 850401442
127011459 91927271
511943931 802467435
603894153 489436418
162826869 36426797
732071088 77673148
897654609 372918305
619191709 633241541
332035581 668507535
630697698 479726143
754547101 794218234
216842078 340744051
46753051 36424718
310580352 370577868
986676353 552373036
983196022 891116767
992373755 308788588
614249685 184499524
210669619 465918091
932935678 727566804
995954178 141011824
104327953 207278717
857689996 121042018
32871515 771087531
763664691 300373043
950538971 462313928
697023149 813971202
101980240 686096054
195274579 93951602
718727325 87259907
229047414 587077870
623512476 827553886
828852333 643360450
850969536 987543274
646458592 230017241
282928526 227989383
358449397 994562709
450994926 797106239
35511142 560510115
113773750 488468155
979602777 879524903
709471550 91550736
743623217 154150867
504116783 134578699
979920637 251854100
826696029 109573261
574929607 577128928
341919 503587607
225305048 146046021
110103467 246539341
699169963 818106009
723986442 203086826
834760976 272575635
691572492 663326014
422503225 484329951
369606118 750163445
408726322 935052442
821908925 723224353
66804497 131550858
386294908 537380463
97588743 598106652
440255297 537814245
367189955 980869543
302833800 579020260
378200756 670141335
36325495 574488302
424270874 919634547
479079767 441620193
593434518 989751827
360723549 52658840
213088372 461598558
602552934 735813695
507463068 784252239
359758733 991374103
798594249 677333092
39875925 857551879
547740854 151611101
922343435 246781095
21375441 790336618
668618355 844581277
891135966 934564622
2284156 11960016
795478949 274436386
474360923 446360783
186466957 159919141
780546067 495932728
127678515 752951356
345441832 47099151
292790732 15789173
637826975 143791977
271828721 547927348
266363013 533317508
759826524 454980239
828213566 708357265
965463980 133965858
106327794 379559270
254652296 523247744
961044907 840520097
32363880 114285059
669794364 474898959
462506511 663019136
232889534 124207656
635063903 557407215
608129848 588838027
553332613 21202792
552547515 588144780
527998352 318195669
14753052 146995755
105381475 109174004
421699694 250431401
612891070 900370728
951652925 855895331
925442626 182654137
83795055 768913469
320558915 972221858
544408548 889520872
276631155 214708137
568623181 747358465
582210509 509328001
222120405 349307436
709962475 233896222
563818491 321086359
265493923 263228518
461583891 627669539
399375694 365636828
320990195 967820010
84890132 253612042
59997632 610568564
990650128 993623096
470809350 516067350
701310617 308790715
120248376 367122879
200146846 440782775
20562890 211611106
597841536 297339385
30801622 194779948
313541696 138225096
789983310 848593720
441065845 50069709
745779957 957790947
434594047 258794402
898073865 567679656
528276460 343601070
786451608 771986295
333612289 913465670
952176972 498437132
288697102 921034993
577494792 968906217
943873244 135263589
755141785 140976243
660887782 404897536
664216587 6733414
681539027 811322418
650730820 718242764
450322642 796447987
904242529 472865587
928776001 492904089
800514172 238594670
779321460 508419906
39207941 570344895
238650733 72398616
263978685 768722642
393603291 458094712
878308355 276856179
398415265 651924551
859682979 509079276
330263830 215076233
594875665 252361352
995314558 73477808
34288664 665642227
957374934 339547801
436832012 912573518
606215654 155574846
246698774 837068342
47178446 511875164
561682502 916625495
540442023 397363984
237823986 894097759
277003700 770234141
383123270 343640705
56786770 525703218
77861210 323375135
821908925 723224353
359360970 161747375
972581331 237294431
373748515 180261313
21314415 822041868
733193360 103670827
244718267 260521264
954243055 990029643
62468245 661920571
167696748 263493381
690981917 257858223
964530838 980541577
719887432 517741086
835440803 523315468
203527390 80157264
7699266 486148648
917436595 251157374
439630350 765908590
634642413 702093574
212635731 175551464
693877202 477759987
890735936 432438612
570768262 929156286
656245081 977884601
165273059 710928138
878738966 192289096
919776006 981275397
364354845 782801799
165724476 703035953
572381909 233004597
314242251 399567078
370011029 546147148
923012654 277810716
66030387 493511608
372724405 37729625
291719772 95526335
152524927 143134966
885993209 743055985
534408078 450619239
486804760 837996631
723444916 877922009
420948554 245561595
85824129 520418060
633717394 631930332
138677023 924278414
726590427 596308543
921836809 661337014
120382652 9488023
499104055 514634829
623074935 656905197
394437247 777952
62520269 266047543
899969502 674101204
404398929 297275134
496331753 62139715
358637408 350172929
224841698 505385614
785601507 66684582
160342643 7681951
427547030 507018688
422691975 189378214
216702899 879503747
161852956 664071046
952932249 219338980
354199171 167390128
406254192 465391017
274215736 47680194
908310073 188380313
380278309 988137095
482943520 760926400
262281978 861980983
883549967 987425665
636925565 89669355
238705366 460825655
579106593 423205129
950696840 75164500
127849890 169469031
538076599 218731639
353127740 395913446
261368516 373430993
175825274 483191635
698546657 936545979
68624165 790399601
544192962 253664389
763781353 132080273
982195993 735249311
730386883 92838730
715993887 678768792
431665785 406787370
771191368 551651333
767246678 911815151
458508650 718622387
294194319 340415523
589042273 66599297
114695004 361450750
80485504 123597495
937947221 133752735
389289806 581047124
880266156 757602013
780018013 47932081
552188880 855844961
962540549 291782529
627406663 909131497
402917824 993484693
388487823 225782017
363940837 300617355
165045479 299006599
440288155 921201171
864365652 443332724
482414570 139351489
537896414 888800021
7052 36944
865356103 943143468
586350150 207937901
479492676 720924828
735135605 55772230
631353679 191057090
732695570 583664983
605702675 202466984
893809904 716776164
412591742 575951247
298811132 342435215
832457135 331555773
812212704 564817741
355301425 332208483
769877513 174782205
262814893 338050273
36952769 305305376
23488153 189980399
478957560 190266780
730693197 647875913
955883108 41125664
227435428 780094033
955479944 17972395
273074968 251282523
208142115 667441688
138867090 111921952
809985635 893688287
481313263 86224098
462471018 823234795
634398618 646904118
576158353 973758099
989578465 181507466
27112405 242433274
698919160 141636402
276186576 683766725
541561009 488019631
795260663 455249638
482970567 713627058
945633080 199254789
78699109 260670137
567756802 7387029
702455786 139016807
93671807 561092011
438444114 776336538
375168577 134389314
616327826 863020992
453911269 778152638
569508465 12139172
447821854 703841799
330755699 547574704
276129552 503713747
956611927 967254219
247966422 926706373
241436198 551579576
601306565 817209665
297740678 12478981
396704443 479948398
50828176 398995821
927668679 355906743
609003987 486085811
675647457 513833919
283342864 671830571
174232301 713108882
921033179 583062782
409013720 821662441
817327586 74978593
28014372 980868745
706756543 491928929
742943198 628484386
247740807 562166280
685650455 349866919
709452449 161868262
19993441 165574628
886689922 302064469
557732319 513971307
502536641 1184209
692204532 967616613
306490504 636736675
551300328 268871735
424383038 844821754
993556459 229062024
901394564 456181133
218111127 214930014
959759948 192649359
716024698 746890948
730386883 92838730
912395214 634677887
35136793 368084543
602813053 77075750
272550942 515470543
795106632 696121722
681381950 744270224
656553633 393040318
637103481 864728242
943031676 433638126
246687210 554269547
479126674 65737523
800050500 636360391
393692040 983934891
637103481 864728242
294557768 553065210
523556725 538185455
439677884 538448499
481781713 59940892
398151720 640091656
742975771 230415242
283839886 906891561
787539870 334039192
17078060 599575723
98208021 518300564
924706238 942918539
516245900 735909062
958088383 346146252
996819010 202206194
566636772 695840387
21390921 304425747
669464007 104305774
856922084 825052467
441559137 372479129
968049712 148834371
172440732 508384077
843477529 966035672
194095243 569184320
318472292 33199628
316857484 384052083
943246764 219229523
503491266 262413618
273787410 981213030
851674938 526288905
70667800 638396923
811287726 693846099
685763404 173076453
540397062 309581690
6358687 616114591
275558408 108244974
741595990 152316583
495363789 901089857
306490504 636736675
545035232 451566926
777917591 998373946
119419523 525629670
43242961 809070457
657199755 105334344
421368095 70273470
356328910 523240467
466459059 824438153
972493204 984141796
46221320 525300971
85324943 740867018
639540330 245116402
717304089 947907360
626737853 329193516
725906247 331262799
356126373 249724733
194543138 952016886
967910196 595061313
869333278 899376472
766183586 607978586
412867220 643496325
54091736 661445750
480323827 56129316
266420764 399797177
887739279 416563805
559421316 907938185
445562435 710118999
246698774 837068342
234806514 73970541
706796162 337583333
833320778 998197406
869443890 163638086
514881765 973833556
599699121 260777614
770691670 893217613
360508419 729753438
164129695 194441404
649060260 786689255
342157422 281275331
290021079 521394680
824200478 555596461
759564247 363629344
633971491 678843745
709808179 659404748
583727523 920837090
318899029 434179980
4812576 278371119
245286137 455326616
854209261 873663908
796980874 695291782
502492068 60574255
270250660 691664748
58704421 925100427
130262253 395796665
696659165 352904123
587470236 811194196
127831653 701476319
496119125 510232296
614620377 349891203
28628491 406072796
242747742 754691557
449296591 65078404
974429564 319851925
688301340 20094505
30912267 127636859
310856784 669625918
627399820 918798729
269520632 141033033
720613630 844987848
570249962 465499526
66407001 96377389
966650614 965971456
789575539 763202452
755385844 767694854
296242023 868137957
574656132 846678800
355113159 124445599
310856784 669625918
475474247 46976190
493801549 834248772
526864316 214281243
700133228 81310184
945540940 418893718
454431639 901989736
223678164 668588923
224403205 674588511
212646119 391417404
926859052 558572361
836115239 638774534
818895733 77299076
167477598 353519676
594875665 252361352
951874674 247178244
928547829 650789116
81921295 441970407
241940052 607852025
567547222 747520178
4163355 817939350
182322156 77753271
215563781 152370707
444307266 361660207
434422891 609274575
405661267 70889509
910831282 646960192
973315379 824024442
492870902 862391234
608140253 759253170
518864874 367740388
332152757 635885531
924323592 311075746
955431175 665818440
786697840 925785245
533236939 694035858
754664062 363563301
550131445 425271346
144568589 490089668
365466177 541383217
952533336 254374178
933091030 60623534
925619629 569528695
667180489 59082922
5039183 807063176
756560502 797535854
214945199 26244439
969830339 798340964
838952698 668116415
143792236 119336683
129349070 512865754
446565294 686539435
953446153 15966299
235832987 833768927
332909278 86593286
241769316 298555970
482970567 713627058
552604096 394553362
996704425 214930224
999977770 481453467
34210283 164904017
184935585 802352521
115372765 454415232
470761266 29505988
107871067 694553744
658239992 713844045
231150171 29430187
595646806 73296950
954565810 472581474
957434052 232808059
481654673 224799657
561155718 682999222
599627456 706498537
863610664 493873606
192636739 594293112
69460076 388048582
777798292 18388743
692975487 357126279
631340716 964978678
233827144 178084423
539966549 472973493
929042569 800750800
795260663 455249638
737691474 80464934
121843620 170373863
566885092 865281975
183654301 204789508
345903752 619005847
58610526 83035985
872788908 436150707
233241204 992238134
6559851 255356914
4163355 817939350
900351911 690224764
579254836 60713525
764243763 597064815
907807988 436796340
928104269 131793847
903321699 929061553
225305048 146046021
203156630 605913913
60560178 411046605
800050500 636360391
453947627 473254199
122857124 773043591
314423096 696276541
308585794 276635383
659097896 898590626
559559822 554121141
398767985 879486874
609365881 580042042
642207448 81950820
40 280
729444248 615351770
223678164 668588923
107747013 785609736
565910251 963202902
479731646 979013249
38847225 420019698
435492185 392759736
199973455 242941702
903321699 929061553
30178427 404090959
78358883 23141562
253621832 213742278
444141014 810082889
674933521 678300170
764047255 715667537
817778871 941939771
55104113 249128346
451395048 92838732
307968211 618004473
992829932 494707769
184552603 820474845
312633459 150511800
285350431 339496515
897756383 805564248
47417066 985741688
953560860 986856865
470809350 516067350
592216792 137582941
97661043 620696233
398131118 567731123
23975763 286790540
416158913 748610160
626170705 512611647
760473249 100763268
874101571 694239231
585335943 84577474
405092519 480065026
508133581 248992974
526548776 139831763
372967017 939931128
292612150 971175235
66804497 131550858
680791771 545115624
991979359 680208494
342773583 451559427
660887782 404897536
557142591 278127733
223724076 706090661
520178828 68420450
561130029 658760595
887610950 590676168
330722933 876154087
34715461 28629743
972355169 71785769
833328231 405244573
318472292 33199628
356813587 174940349
892815077 405378572
129783507 330456607
345602183 460082041
291474611 317863111
474317625 444584698
701657442 853729073
576521578 568032117
897527643 52207044
711602626 111402517
4320976 379993072
886441065 58376047
631353679 191057090
837983661 763416268
56362349 122244092
897756383 805564248
990434833 208229021
760258371 887625210
967481136 810626218
585539128 22512280
132495991 688197195
310361367 519224221
390261743 365420962
725684839 271844593
177520670 470271087
379761960 47889602
97403826 518106352
385834581 684314728
292750533 641273380
871708354 287584356
333709815 114661758
238045360 539041148
174914772 993510074
191264298 140214419
679334761 235623154
486110987 275548046
714052294 79518348
580114438 502039649
522712685 232310813
55104113 249128346
350771069 413781407
951483597 655794062
14786349 456298193
499187031 439286965
717304089 947907360
869547049 18920636
900724004 298760567
742260282 784118388
880266156 757602013
282955131 919519773
16037868 665128219
876854955 139990518
830491721 250017693
350036800 871158621
901015213 300182714
895830698 435406580
343077623 633564502
912424489 177904398
561682502 916625495
39759232 810450786
72206143 944994935
219052541 172613278
487077478 642275719
115647683 313743080
232917362 565181822
877674551 62610013
203731336 937474657
857827166 193852865
662029726 231181833
384357871 953149287
115699935 536705330
908103605 381857861
771605585 897095137
967385110 260265025
548891261 472698525
229047414 587077870
176759896 725604148
108785960 886703435
729495916 626382037
434594047 258794402
883549967 987425665
206272524 301089017
350689547 212399680
63238880 461561157
417912703 122890364
388829666 629941888
474612123 463814444
650050097 340092721
25811633 944791457
20987049 376930254
656421096 522559308
256698556 150558213
2134969 552197370
49525079 955098760
370429281 503457247
514298842 12495933
157046154 36855059
597361565 247284054
551635979 363942172
742985181 703896380
346208762 829152166
775885115 50880199
320293342 757271092
96819445 421328598
220359504 775479006
975700136 954458928
870597410 401155379
90977835 707039330
973075479 3987623
247740807 562166280
912752333 633340748
500245248 652475128
190191026 91310267
512764364 338797569
268736013 787196843
637792681 407379286
294370439 842902918
297921074 688125384
145057769 721243068
614605993 324058319
945894017 554007284
366928418 167589994
721800273 945317945
947936234 39818519
804622516 35421730
495578944 38054756
158317200 143522287
749357819 906742867
321639636 264443299
175142784 618577199
681051496 195871989
953610307 525623377
730693197 647875913
720588538 515695047
131368094 132238031
8128807 836221673
960911322 547541808
285512085 237494591
59159504 986153406
523966102 583760547
320558915 972221858
136143413 3935480
602076394 315795340
817591790 511446360
240474666 313834189
123547934 171559267
578237337 394858046
890047078 885411552
306123044 463384223
716024698 746890948
833320778 998197406
672196335 769244931
561798809 209821793
160228209 909355320
148501474 77332393
681051496 195871989
370011029 546147148
793928104 265161147
468521108 886107449
788047189 581970288
454431639 901989736
481654673 224799657
497330163 699149952
905526751 888397672
704135274 598080634
698803145 598525589
122206265 252341287
712416714 246676584
937674983 677484325
616117066 981721881
498697580 543512668
750877370 78628359
351948248 625719094
439454619 840906791
58379747 241104330
377572425 407208942
80024253 40624777
75314938 646083084
365267294 120408956
174882763 620520429
299579057 459890854
621694700 985347013
915691223 794585418
355318392 152744261
679844415 477206672
760258371 887625210
101175291 383858132
760473249 100763268
721800273 945317945
219631680 927104877
283133716 959585723
847920255 954247933
774458530 497638860
122206265 252341287
376279920 734878986
658157884 965875977
214841202 14779770
630483629 10993792
843477529 966035672
993914405 4287503
550131445 425271346
35473765 196415926
612923300 169739905
653026431 844985683
437373804 135272075
391813546 314454317
161649366 841405168
34770681 458445675
757121932 707983685
49770313 866355210
853045392 670824140
755715726 632570558
193931622 804094683
447593357 789036232
623939132 175887797
551069409 998662650
472328940 416493406
340521887 762354042
655232179 740335815
842053907 75496699
294327086 513254732
225207114 304143378
894320683 40205463
6865101 712888758
611845531 907366018
39226163 840803475
222989988 266325161
912744322 198094630
77211401 674971418
118383643 269962517
782840397 899830930
943031676 433638126
310387202 867529953
562345557 26417623
642483340 322086279
769457899 418213853
36325495 574488302
794419075 550254701
708725621 452984907
237788940 571024054
738587664 211524369
891572869 809056356
989166232 16426516
833328231 405244573
832956482 910226359
792116770 106397282
140867490 673918871
177876448 886124693
706002542 470221380
166945796 375705930
26134983 708003615
648629652 483191857
957925382 992663390
994269621 998363331
294762491 575046050
78985511 297799739
707493861 193011520
518908258 44991686
114249818 518093340
958503924 207239318
334650230 344021307
26103580 361566176
277381606 388113967
878951236 903480389
217703348 514558667
758175738 150135511
444198894 854139830
968130506 697574631
986792708 921027214
570488183 912645489
261555340 287700184
25939249 397838197
329702432 558598202
196140154 124550965
409322210 90070341
97272899 331163876
719739020 638670967
2117994 416854849
4863951 76153075
933091030 60623534
227681323 567746826
643909189 145165598
539616082 632419724
502218206 672944024
933959765 909204670
207858879 184433461
878894318 310162830
455988472 781471749
248458407 680124076
632441607 799875743
116010641 978667021
280695502 947107570
190014814 275875461
728295178 532876875
518873861 235007063
680830165 196366405
499864487 973585293
632580635 207627556
618647277 766720961
888953510 870336661
395833571 678665865
948261939 895186598
156737264 532813592
885907645 158982490
143141110 107117136
185646875 509108169
957925382 992663390
183870252 65491732
145296834 803237629
421692226 612181623
489691162 216425778
310795366 70144080
86306697 79735068
655767889 298684614
623242616 642296662
156634440 652066533
913371070 236041788
481654673 224799657
885593073 163541374
199317913 737214211
829163840 984771922
81921295 441970407
660622811 875495995
260274324 195520143
879809028 556091318
233615124 223193466
474360923 446360783
917578339 428082078
963934614 818994052
373912648 899741712
863610664 493873606
456760462 247024829
198967579 118002432
980375934 616076337
173250514 397512007
383123270 343640705
681057148 549951313
567636099 531068940
589258279 758768248
955431175 665818440
931045392 152774215
410528175 848752121
853584421 691850715
510306475 525027201
42470054 754604561
568907229 646922704
4912064 8187536
403531646 411111464
340447339 196038282
282679492 38613260
83371336 205784112
163978442 850693884
905099555 51521888
25739970 32021594
576146368 86857428
880089064 287050108
671867072 747825180
480983572 779398101
803714511 848930896
393242323 581892084
656426624 703402367
730306213 4269822
796082296 488970587
294449467 498254331
692534350 647415024
922492903 228904496
701086634 905421717
219631680 927104877
83231799 596353964
248987436 189101807
1290942 853717981
238951046 252106373
773564739 394104204
874409316 796303324
157376660 464142053
981511001 961113655
819503391 597443350
717129776 440250878
601393579 186476145
841339819 749443301
331663065 606833374
772285528 306686035
940279038 702653446
219596127 62229615
620503597 151477629
608471893 845316514
447922936 171721410
811299363 271442038
630132574 846025185
145057769 721243068
294449467 498254331
681418537 298907537
573752593 697529480
344568718 778737213
94104248 430641854
833275221 599853973
695180471 724721874
799722140 419616235
680748254 813063511
303276964 578557299
283760331 60895043
233736612 739212120
801157811 478182412
27851125 561087948
68244952 420532769
986675346 898292682
518873861 235007063
132266674 994418290
20562890 211611106
329731917 936099301
460418603 595056533
785677618 900861382
494198855 528487403
376413457 408621053
150085593 240088397
471543258 696758911
396846752 444482697
318588622 662403231
81432219 658926895
204583343 196550727
747974747 940534269
327159105 563449784
838266417 44916523
285512085 237494591
714841910 946616076
668708533 199398119
323461410 802953970
981974860 517015000
449146399 721527670
449738757 696828535
311518700 685267099
865356103 943143468
150857069 507008105
740448139 244412414
415876125 951089017
435217202 836075146
953084767 214960319
898605703 565680671
478471798 849627834
218814344 173057276
161451747 724531428
766578875 666169620
457268806 935740488
184785135 646924284
832797268 325157191
794274218 424901081
669186421 582557368
492446369 578581088
995458719 96591005
347730762 838058216
202954654 377208208
573497939 411481477
357979210 256355147
70249045 550499600
204407434 687520053
754523979 3755797
798280139 222550890
799735458 957892482
106324634 632837115
950113157 49517395
35635343 765116869
223724076 706090661
97220760 255065138
551254160 806380765
358698400 232021166
644539212 727188411
334377598 685503056
811188251 901254682
709598251 70703964
175860889 162446903
199273160 15119272
474267069 949297087
6504641 795309095
356271209 236537242
995687113 254605145
379266966 6982409
940100057 199687333
186042194 97688613
741900635 504414174
181971144 988554881
730041082 689042073
368392078 779412954
652091675 888614416
790264490 408082936
48580 254388
138705231 427269637
877335980 266946073
721736150 473638608
284842570 367282591
659926024 10696970
534452710 951511714
894320683 40205463
165724476 703035953
333448625 29219324
219055013 165298514
811765821 781654912
920061911 477291782
855630608 154228977
815673123 612795523
768492060 198904761
718551874 326692004
899162181 595471926
743054446 383144861
970196193 505210197
348814303 586859547
122339871 146332239
414736971 75802887
352417401 747585652
324421679 920285480
398522057 637167890
71567541 124355360
998534877 754671837
697898394 926865805
920779228 671408224
680631721 312851967
470059695 7342537
227675766 470750032
13433915 861787888
789575539 763202452
682931440 818644304
810260276 511796070
960084601 717396684
5440351 16873590
678203878 206202107
304940739 962774206
792687137 894963738
761074710 663207404
936807049 899599050
919007674 925019044
614603286 155456598
482985786 964613456
134877758 348489028
632220369 841733597
633394879 805806403
870190905 896305172
770416445 966125089
269466430 383918620
642802124 273147592
433290261 923368364
52787935 335507268
880413183 974388766
237788940 571024054
981383274 795869897
101268755 336597194
392860775 429186154
173633967 378217194
572860363 192890007
603870370 567092735
335943461 852158082
264226327 321719301
891950785 504428283
876854955 139990518
615801352 487129935
641939199 441470308
998008533 404891211
834253829 341451752
662029726 231181833
100459669 799445011
152652746 842010906
315965224 628356524
434422891 609274575
885202832 437270382
384438857 228959832
160342643 7681951
824756940 278284066
517202267 99186876
659989098 95206177
826415617 824104212
622092286 826742017
485184349 485839318
856601581 348905605
322011881 123014775
237271812 891266037
967385110 260265025
528918359 61824418
355464127 802238605
426041882 643745114
783437690 265852949
271933586 339588605
450627399 81387853
627146838 607306013
920187109 652882556
783437690 265852949
953465786 153063410
913768372 656711447
134748214 589403878
295520603 89448584
806800112 111682292
540442023 397363984
583558772 564252483
576185415 25984875
803522247 132091233
567809685 244411038
346477580 420251211
698504852 821843086
863206936 773964932
837983661 763416268
834562328 821441316
626170705 512611647
783882908 613291766
323462200 571202891
96576009 691126858
946584115 837959757
604876703 488688329
694580414 32988347
935816074 836607681
344568718 778737213
569675806 453225650
492414747 49557215
929916356 284830864
530219536 658069310
310358750 947349820
727371156 835585263
918738343 577231112
601090835 109073923
232968831 336140325
638955849 363077931
523933870 329631856
23555741 845054579
968312563 720526643
309259301 369165100
970409592 782671448
77350528 296402953
410921601 68519863
390872239 667339550
370797625 987400571
61826842 731637487
386007282 305049738
6971592 537191012
724116350 454876297
774412198 761545310
566119077 133978221
187069976 741440798
916551701 628973369
289510188 131393489
441513814 727881558
454655780 408027152
3850474 872139320
91882408 407348319
681760053 461998995
672196335 769244931
298396999 58870125
496331753 62139715
888893983 270040648
370011029 546147148
636192054 755102601
233891093 266728409
948518011 280180953
294557768 553065210
380463258 316892469
25975793 414987599
668442645 194723007
259587399 238037090
342205548 65825963
23584660 240059411
811386181 276039982
858803934 932800520
291719772 95526335
316110512 397137611
702218739 230495076
127532627 570754210
255937640 441268909
911214514 741194697
664787449 394151543
244334780 96751013
393603291 458094712
217739435 942699089
364876777 468243785
910974258 183532005
235660146 379472746
80476763 739933810
545022507 522538558
669464007 104305774
569190011 860670935
345903752 619005847
919034976 794142483
753268522 917269292
282468488 824599943
889828130 991061564
78066817 716898678
986792708 921027214
721483907 597196868
360049228 882167480
937947221 133752735
897935010 424843459
953775357 51883545
604492653 324949470
391902556 626693307
505300525 26287388
797362380 666656339
130260690 292127574
834960731 629578869
458508650 718622387
931263866 434259429
11433355 62607178
245286137 455326616
473047082 11493214
853110419 414240325
594190218 748521123
17560093 160040774
780814309 677292592
59997632 610568564
500245248 652475128
938961066 186876504
571179660 539452588
3936019 978218663
397836613 463824464
213611386 202934733
420438832 526577236
452415936 971532167
78066817 716898678
46975859 891305971
78163373 386131468
408263225 80459437
714052294 79518348
445382921 836670663
840177872 851433954
850738221 848765960
793338761 6772519
82440137 697043307
216474867 105959040
166911673 190887320
351046845 836996212
902834116 440323351
17618820 243175625
788927387 872298607
654395419 523751234
341739267 957915004
690753185 125776664
384134338 784497517
812476822 401734978
336303841 764158502
877345840 778579496
116010641 978667021
637407445 448695048
338408056 386620732
231048224 257151688
614466408 926510765
767110488 947739745
215903216 680822690
624036783 143945981
818180257 308980489
390261743 365420962
674452864 333513976
918110898 492407707
98437555 992327800
358388140 362709000
36022940 135386508
8049947 936597660
800861390 816613290
782840397 899830930
408969733 445491642
333720902 586041143
498045020 51434260
927661648 716588912
3321818 461520017
909453549 749061935
714890754 5875833
494668927 938185544
895431238 659478370
728149158 339322190
832878997 809433913
379626643 61479313
276186576 683766725
561985980 731824062
365447830 659961184
568623181 747358465
474021753 164994798
536985332 752298918
896076918 756174460
904943756 444565469
713362767 883023804
789474733 587091487
245286137 455326616
261538913 925513179
912744322 198094630
23249265 348996198
161170827 993967979
277434459 21263401
907747240 449834954
433206222 280188987
822726941 984747387
873679294 104829342
343138434 434797487
606937183 662747912
918817932 122549145
122136059 145720603
945828062 400882975
575461838 233460373
898311031 288536046
576146368 86857428
452135469 787330913
954657078 592483930
491260292 642452540
346334261 123971161
878812786 205781327
988970451 731955509
633743575 457288157
395168367 328259274
364234021 273038065
834562328 821441316
515076544 888199838
487439594 180173772
802957018 411428788
633364266 332403357
813461139 112178089
394856682 298792717
373445532 808623764
341253246 512590841
161170827 993967979
877302342 178873877
415160460 988936802
48962391 810582570
519909321 223583419
793923222 757663323
757317476 545696693
347069330 317844467
953744870 111642475
445218467 362102869
718815442 628054872
830180731 206714524
769462263 408814752
825570716 714464576
345422484 701542022
489583026 710636668
963552500 342051573
348017369 795043744
188977341 483049673
614855587 123951531
826170465 488321164
44805227 314086052
207837056 935327121
494668927 938185544
294844931 960174183
587344467 899977810
707983611 312842069
908029903 738245052
574878429 578949343
108771946 762114909
62318002 190149539
681051496 195871989
650050097 340092721
400642939 809612556
932028481 679597192
441840755 670888053
517829353 221368507
985766145 9764931
258546391 633714852
558758944 594724637
732034870 903749225
344973402 143127612
696656587 890615079
694483032 729042615
829163840 984771922
19140283 707493238
223071143 426101719
374757669 867834314
326968664 513656144
74102696 172040393
537282965 156474551
37394610 559110624
821498954 131050535
771892083 917007725
991408656 404437355
315967698 68263971
19306688 550481119
598708060 792803187
612275935 886063229
991408656 404437355
333710726 791111934
475263819 273973735
174591167 732379828
639540330 245116402
728134496 123690398
67432546 224475514
575067817 934055387
11433355 62607178
114042833 884459162
943873244 135263589
579755794 197259264
910324501 97782399
207094299 295490161
679544397 232658408
253332008 237612933
470059695 7342537
722282796 523809218
42125359 440339193
297900299 323577175
773140717 313107143
896478406 263206356
990375665 461072775
685880110 560140610
213611386 202934733
886809276 212610499
656426045 577292782
230388744 269755400
184194560 140806364
830491721 250017693
367954589 175235695
179508219 780901682
525305024 769036050
238045360 539041148
539966549 472973493
32383269 284073114
408871435 360389718
720161737 515302144
33326811 451239398
298396999 58870125
220113197 164865325
767005414 152197354
500518025 600178906
669443438 784002051
406716577 510441599
346919796 339293428
404820727 511020509
306123044 463384223
833214702 375860017
210040595 295489157
138677023 924278414
245044892 181132135
179026784 843770874
640663957 248660841
434120019 840374095
61146803 745508510
830424264 512862976
938961236 8984517
899081110 665443869
357453601 910959765
244664645 670881483
298598492 348623106
689507601 517706964
760119761 797095778
506867187 327253836
140123839 584430989
435178348 549337310
253002073 983414846
356465968 157073772
210942638 202787035
313089916 199083002
204293001 297259181
220125497 886493405
101233550 395995925
322770672 832488654
997263348 171648142
806583853 214890433
224336383 997395044
604581734 43110739
497912034 861695378
390194473 772589700
729624531 51966317
447278724 515902773
86528696 81543456
279299159 16390051
962926844 493374304
130308699 680117966
49504519 894052866
225076256 748818509
436784830 106228145
574181646 42843366
58930726 570027812
157325350 383312714
122206265 252341287
885993209 743055985
479891278 672632982
702622348 549077580
927211934 201674358
390164742 857661961
78163373 386131468
275374130 334304740
994623835 195754902
602813053 77075750
804622516 35421730
751451904 6491485
40078690 833417335
518593409 309207771
86931411 733697482
603388750 179418574
789437182 433296921
250414965 52944960
320500882 430597430
371430564 728731181
479754899 948847613
414957857 18726562
489979736 406061268
98208021 518300564
526427315 631466357
994277502 601722657
347640952 670932439
283873471 247878141
871512524 627083276
487804857 439679408
512992499 925584125
633023833 673102407
535235013 604097638
485790028 607465664
608892606 242380315
245761563 596882067
627146838 607306013
575913833 776781264
692888414 260524390
65897676 922499141
563537742 198861330
735086133 837480829
510879667 973350569
995458719 96591005
909661066 603691242
772016377 922351276
798162661 882131574
991159596 717198248
234350783 652340807
434841890 843673495
803714511 848930896
933843507 632419760
388686113 530330766
526548776 139831763
78066817 716898678
312633459 150511800
832721996 198169703
116094880 226926331
815182693 493386448
650544570 490722319
218282896 743627460
357232346 492252612
593202369 373748313
582266584 687647943
854873470 544032631
768961293 866181937
850969536 987543274
65954066 43676467
857833830 618908417
478467660 218330670
622092286 826742017
449799583 825183368
297921074 688125384
740771185 481497857
902872139 981857534
535892946 270647299
440904291 171291051
817851248 984608178
639949777 326832739
540044174 457179254
956353683 714980353
272782579 141641791
928142009 532836296
886809276 212610499
753684131 101329957
630132574 846025185
826033328 642931028
668199104 299308353
871112658 693839476
868820109 560808815
784820821 621968558
374305138 413512963
687930070 461150970
305706758 463233929
39703271 802630979
683350742 658484090
523966102 583760547
425408684 944986285
113844870 649018422
389911230 447242051
360049228 882167480
546868358 436222138
697864429 482685127
909453549 749061935
259587399 238037090
529058411 501717322
506946663 338540032
586211306 185610410
339989669 825548319
215516108 308954302
161580664 417518188
640094555 974154840
284592218 319362783
935165073 648482854
968035258 234978123
342516950 376801375
421444117 469581618
383930213 454144364
622645869 392943474
521059140 735817744
212426150 194097308
676282413 261221117
143850150 339990188
260209088 389606231
708361226 307988559
191656415 835287758
15474646 409166570
959399426 501596856
626053248 278417343
948518011 280180953
637667677 270109161
220113197 164865325
954076250 287625316
384663071 553578458
233482400 448877366
61826842 731637487
78985511 297799739
214049879 564293755
399478755 981200913
340290142 461923997
593010709 658908269
437814782 23834917
145779390 348815730
566119077 133978221
860097665 196565260
206064855 937833012
636564758 465778952
904488979 78733428
286367860 873353159
655561424 653285558
484427269 659415118
214041097 449089879
59744562 400266333
891814828 573233242
175917156 245052002
346477580 420251211
872444 4568196
396295044 753763743
360089204 820442348
919599360 33372987
152554583 982520468
417124444 515143527
219663278 614562335
444272004 189633102
439952692 880001076
968035258 234978123
468916564 401369628
298702987 255728602
206442624 343485173
694452176 847350104
906507797 940119274
575805612 359351918
658446296 189751207
751902581 481249079
878886687 226167890
491615883 63850637
798154333 335745091
26329478 436529745
817534244 513995311
299803128 224650145
217759391 307588259
739863133 177783349
662686166 844500780
844799336 942072119
959759948 192649359
309259301 369165100
474360923 446360783
470908865 287496714
927211305 287719601
878503303 511941682
270250660 691664748
378499196 856048518
369946151 39992450
995190715 19092856
631578270 690282575
348788994 624088830
875077075 119411732
4812576 278371119
140422621 18074880
416442448 146719162
316285337 386280538
283944750 915887753
151192364 247222157
165710488 89348552
852416356 506416584
404398929 297275134
574694386 613530902
107308642 561875364
54848668 527177492
592890602 721721032
500682412 301853186
376076444 37119522
865356103 943143468
707853595 500215622
585539128 22512280
417768966 74293540
888953510 870336661
579254836 60713525
816869988 216524589
897756383 805564248
909982049 656185841
402892562 941895833
869003080 401025366
602890725 859718739
336025822 537956314
666719687 390358264
81819101 752026808
493801549 834248772
235124795 733456030
726390735 271425844
894378312 917076909
931045392 152774215
338442257 727777638
445760037 715958304
423339458 390724445
162859284 788641243
294701997 498715515
506346053 446097865
646829931 555139881
850239641 587397268
725779775 669131431
899162181 595471926
650073558 117599714
565531049 140046692
439648881 413518692
443434531 392315477
219807888 702297169
401656489 200919222
806090873 993160733
632715511 946545688
441559137 372479129
976269567 954136837
371101608 213371178
761997435 760532189
498647691 995775134
800819501 450152396
300089511 799500984
93608731 56028628
614603286 155456598
221830246 67095206
29553198 516888626
910086004 239788313
12476200 473402044
330079010 561235916
763001215 890665025
608177664 631258035
206650229 871517607
370978826 727304742
25332102 132640628
729364217 311608558
194095243 569184320
973220521 940701534
35515830 754152398
134428740 540050654
806324573 147577696
777825076 492213015
213088372 461598558
633717394 631930332
856601581 348905605
519116347 47997702
768969403 81953687
779215119 664801715
375864746 286282104
526083551 149326044
988826316 696291013
525633593 199314911
427137547 819322009
910237484 92319631
240742645 48542269
408880962 461258326
424383038 844821754
113430721 979165936
502986953 789603516
171224246 432493467
411020992 423497076
41085307 627985354
380094181 115229663
628061966 234999026
1483378 220009488
503455078 10549946
124259284 143012595
169270074 1727086
782825352 947508642
40988228 214617168
923017716 140594106
692975487 357126279
299008741 598297389
965761068 134059600
703522820 704422013
280441514 742101240
117907755 506397428
176527733 530959948
609003987 486085811
471937296 942119242
985173332 948565397
811717380 690530043
173827833 124690991
731108710 387081924
241436198 551579576
837422394 189417679
406882801 32422569
802957018 411428788
851180635 596624437
972659034 392353598
602552934 735813695
432219202 736577801
204766066 484321320
396613315 3973798
398131118 567731123
289510188 131393489
824269329 806465199
986678062 607428899
771323447 903036689
112372764 325008379
190421495 216428330
116 596
64245498 323298616
889484296 663896371
585643022 281734864
607354130 90862417
137629111 337205860
124374334 342485345
115258337 373615648
166945796 375705930
476002873 226502020
152635086 665183919
507817064 352866364
723603610 268204657
538672108 965741965
797122523 801285762
187853023 793226514
623759994 971472271
232794799 145568897
576158353 973758099
584402924 289926165
25761002 344366884
539966549 472973493
632715511 946545688
701880317 248748552
909982049 656185841
201233717 746329379
815671042 701966374
520642593 950489933
603849036 371811524
992309597 437103625
617489123 768864183
105381475 109174004
327201937 732538204
287084292 599606140
759612172 936950245
146140427 330010563
36738962 229804638
554856741 376602557
22320058 556822251
991159596 717198248
973075479 3987623
616042349 155056138
476451757 779367998
992673568 712651948
397860736 135310154
423928586 277512884
848521715 926249956
403843638 133468046
737281234 676111525
437160082 871582857
32383269 284073114
808185276 124849886
101910523 332958631
364354845 782801799
707168148 593167652
275280451 679679264
616287504 389211371
775249972 35084012
985436258 186778096
68862741 879548770
844548463 272246858
88443908 288674940
142510892 667815800
176498950 768715626
230799337 958619246
83451857 546463068
740771185 481497857
920260110 599470793
890213383 256171650
639208733 583145856
663222144 311216280
808597242 431987651
977169522 638061830
301845679 991751917
705366147 328001656
518213460 783626976
585779695 267582249
724122205 259566898
567859267 405415443
966650614 965971456
11256198 896458914
885314387 763622619
742627932 597434030
616287504 389211371
671025848 99050042
854873470 544032631
71289240 361310203
258033733 606583666
475807103 645453759
251040870 509665257
835863461 287258386
908804167 908254880
365447830 659961184
824920595 414336173
143748415 920672735
78630 411732
941430533 867050039
850848056 513508250
461092646 660430421
340059041 779736809
711445735 866851992
957943938 179774061
538076599 218731639
603681244 352587869
574181646 42843366
34284541 513939707
547084478 39155311
218225922 87834073
69579059 982331276
21390921 304425747
955479944 17972395
461175696 223021383
175917156 245052002
746682324 299355315
214873300 734989356
301845679 991751917
681057148 549951313
956640769 935316304
405362582 973172151
291481040 26595249
744708049 405276508
479731646 979013249
266420764 399797177
918335393 619246456
448700516 680063762
998364805 3639713
889699112 376227468
836740018 447356212
660381250 668755080
858738939 683899145
426259204 319074338
482366701 635557619
407574718 527957254
862151732 443025358
233115536 424022096
706309450 829473826
208246761 304822654
444016613 381963711
707168148 593167652
473047082 11493214
819800713 705344417
325580740 900226191
435697003 340208121
488425443 804393025
385765986 339211705
852957391 326632236
485184349 485839318
376279920 734878986
771605585 897095137
649453830 533885860
398613764 514624289
595224092 488568658
205555790 426271416
312044473 174688811
620750960 90432886
953446153 15966299
728192179 737229561
227584311 414051152
227663366 875407890
766438499 142040585
456869931 583881274
865735331 442107400
140818787 561767225
214984766 776115868
667257495 309305570
207456617 695281788
476515303 9727786
988070201 929857708
867052644 873122172
819095667 77966145
411959877 42781726
817339005 79243549
774131825 770628651
629559751 370001436
974044607 658637474
733743437 872448552
782408932 70028131
824269329 806465199
539003387 97909528
771808499 98372917
255039704 26650462
67432546 224475514
449870914 951400149
745434294 806643275
135202443 287523013
451395048 92838732
86528696 81543456
891814828 573233242
379626643 61479313
456724440 386666692
332909278 86593286
848414329 191008400
718305569 250985032
339350844 151827543
308142414 765312449
170191113 879297985
739099293 672051528
447558213 692222742
679334761 235623154
504744073 787699088
574513830 914340186
310672682 137248214
100458595 761346261
127532627 570754210
140123839 584430989
842347643 633739853
922800076 254799517
412012279 525442884
174384917 869187978
132406974 793266570
355318392 152744261
98282688 869500780
191598763 115577431
383847485 792313190
893809904 716776164
899922249 479214039
711309343 35504299
979923446 241478663
235048898 389285632
900446841 765309507
483017894 211152267
105052632 855337235
79256849 439520593
903936158 914537496
713224861 765377690
587984928 681593543
902834116 440323351
404904815 794401626
246874619 354621516
889699112 376227468
648905498 665895616
292963480 753381967
261875467 786774225
231150171 29430187
317170260 84175551
787975685 902670573
927731891 817430880
759142043 876953562
141189538 506663900
112142428 730948840
820993307 511237640
567094139 798245754
623512476 827553886
532391194 163969341
302159517 134188155
837011067 167926396
897654609 372918305
137042665 891656001
945540940 418893718
722070941 601215731
767246678 911815151
290486995 795512643
904943756 444565469
686883085 74365226
469510361 880557953
399988516 101075027
231157022 485864165
238705366 460825655
358599182 169275868
842347643 633739853
795260663 455249638
611585952 10078250
938139384 325678257
922303964 359088671
93918528 737788453
683633723 560639238
176494080 812412820
330263830 215076233
631713432 85426236
32288342 458728311
890766553 882860943
253332008 237612933
293538993 303139091
636986929 871393890
67140379 81496184
409694901 265880148
597079652 792679520
852244836 403639694
44815204 722773652
347069330 317844467
784864156 247095752
435776998 568495244
837294317 574959432
1290942 853717981
378200756 670141335
503841037 702360890
17025383 227689624
451789892 205293883
923012654 277810716
502218206 672944024
256431546 877740723
374711819 898621416
780883674 403664410
525664668 961454423
977169522 638061830
143629251 190048559
657940911 435001420
801114910 528258117
172411640 495453124
50867098 260617282
751793865 510079292
267887725 179047172
464174889 119406945
398036686 890907472
107871067 694553744
21135323 289330968
312521964 849694157
782408932 70028131
701731540 427637664
488414081 975370153
180784782 871973667
305056071 357470684
921836809 661337014
708325038 216458496
574929607 577128928
529435124 579816700
388919934 24168878
510306475 525027201
224028654 415671462
23902264 114702080
223542560 80809405
905965943 994526573
480586847 714937514
967449635 111787040
699459432 516351353
502757858 10600927
460513665 789496542
336303841 764158502
116094880 226926331
938843643 491523010
209750300 99618643
499864487 973585293
449295371 377576395
690355834 749515222
915647881 117420735
902541777 645736991
634091068 911525411
101129690 30152965
531114869 747496914
600626394 732240595
623164528 270498011
271586234 149156318
58799915 52652349
335412128 306381952
455884187 955444925
665739334 815017261
391335782 407195476
183062881 520548532
729222899 305795972
832665896 356215410
694057045 609579005
762820172 12668373
514881765 973833556
832956482 910226359
106871197 133983486
260113853 759077960
669159753 373684969
941724489 293705151
244229971 464069617
649060260 786689255
662499824 790499251
124374334 342485345
977243304 51267063
222202650 851762285
223071143 426101719
493623258 212350460
236562947 624953521
827866844 363737373
518516784 14035468
24641800 952589411
763001215 890665025
642483340 322086279
593238134 356641600
30973835 399153614
966765857 603053613
695605050 635068365
320097673 40488999
104561233 53769406
908024461 577098462
728590988 628489774
637103481 864728242
249926082 742861012
482010335 720195207
558897823 595097073
679885298 247517031
605771191 97386951
101718613 755348979
578967195 759201658
875077075 119411732
