215244737 878594914
657564496 589984210
421591746 828506156
388222334 739707040
371915988 195554410
542292325 302119364
92135558 989541825
610277931 429290894
414054940 76282775
744792566 870070249
879410769 183216338
113076401 121583463
188255925 926359179
409756589 506953200
743849523 392587037
176373332 366190672
15541072 657976757
847235135 691227960
45732970 467472684
452743945 750682565
250844349 883183578
105353420 895965939
540788621 251346679
630326595 621342409
576821209 527156825
922850038 591358347
560164667 711274474
796425792 210846913
54896495 453037784
293594605 597516700
588379016 813945537
181177966 848691921
82592353 837889303
154846356 545644139
514083783 81567894
580025566 299075819
101818153 975296058
797464125 681669905
801994447 997159371
862005280 157784724
453135266 596883259
458232612 257172027
25036562 638514314
237519992 575914037
589982789 373479466
397017733 942284639
418868759 75460663
375533380 233916862
605347684 793941535
567541226 561904702
292316497 649873161
356794272 144610222
878123401 227132845
98723583 474299267
96284620 237142718
488324613 655136564
662257368 117476720
662658627 718784145
84738479 666936079
194191902 18847254
870354055 462467421
680566498 5986361
446263604 697734679
25224908 439367739
474704977 1338661
339489502 110131712
68195367 930392211
183280377 66357335
639915725 594992539
143942077 706173582
743265563 769678920
182110077 424726389
725617800 279475532
530374805 510521577
552912448 95095166
566683964 284834425
720853197 404552989
867379194 847819414
143655108 348397735
317978071 998515348
17322187 409421267
472191782 393997002
257903289 163189021
425241707 791998776
169756627 21258055
485883399 753947956
86970964 292989491
808659104 85958848
376341769 818311157
55485647 705930860
326611605 163965591
266906603 338281661
884647896 613084434
111805442 602447656
941568052 817904821
740422232 803391419
799849696 373677058
372631812 654946867
594054657 795142844
641044357 335961036
449915195 190176761
258440443 561964485
686375948 481895638
125683400 250875034
203411813 243423595
614005426 824223840
957464788 12185335
716694755 714986156
181186676 534332688
990971574 788261784
895518534 504304956
360078288 925877705
251309987 176843687
455340354 910850315
578456113 290407602
481912699 390920430
450807826 954003162
488892742 166496427
528829371 555611719
942518589 72462351
939738486 242065470
167153802 843938086
332235568 412614293
727926373 582448124
327130178 263840658
852149200 678185576
56010787 19916717
281970144 417435133
491817966 80667995
304168115 887924928
901823401 12506302
979163415 453580421
180614417 560154689
643382655 867623991
763426313 522552508
708713628 735963027
178624021 18139716
271603679 730907119
690170575 136887207
234696017 445136177
602393149 997903787
511941115 457720629
791428921 356684051
658430472 320286674
555087205 856251153
613500545 500876277
660073947 783722432
247052477 789678849
66403841 269889692
843036307 332861547
724990138 542797638
723757226 702988163
487291664 771097394
353624938 350134429
499613365 310166696
979324426 202839411
150248249 560050194
136552882 871100014
569611435 76801854
828632686 630618960
2166473 403556724
711260809 443073499
781788365 782146305
101800596 270477626
977260423 643202377
907960714 450649318
43323753 564915549
569182390 954994974
104458604 380833777
380007458 673867136
596542943 609860171
365224231 182060388
216851686 594231987
88264219 175139710
392913894 805938116
918285908 873757875
625348213 898909945
441169956 764282354
678151202 391992914
759563233 881304030
326148721 807563866
313443230 369898300
109322502 389435377
882831262 239200425
78258753 575466732
907303536 16081161
159238699 100882391
356105226 594079363
583204057 511351019
413075660 369712144
942501761 719128587
51546013 434407215
178733949 958192560
915438877 290384121
26648552 392194630
276096175 700081285
905871168 840003916
61376586 624168631
334435192 698548653
627592365 436595834
774053331 86484351
928551252 730263276
140257981 853047255
863365685 971264320
167404552 516796955
174541585 593773660
113146931 576045684
178414501 538768859
212722416 369181482
770992170 480190820
372568688 255023448
413670189 365022937
174736063 186609766
831298824 758638391
836832553 291973532
676570827 756871042
322403381 924406346
783673485 763407054
605487281 526731685
223423344 380685548
667639140 926129287
578193277 729053919
514800591 7297064
804127384 669417915
797434730 588222914
387869224 112998109
968536499 519463589
346711323 727096775
178828471 429499534
453171723 238805805
527290873 6238444
103711671 78127066
540819614 969492545
791892549 680491503
68837509 601630258
790101524 624169464
337225461 583461895
722054623 909929923
539789288 766817563
356440059 396586562
932403085 329259019
371815071 327449638
128647421 799652686
708093566 776257143
977296731 848552875
599099717 793512894
510793598 669304573
844431385 433145666
418439040 182782621
592555996 877487317
879665929 137944509
372161748 485192280
436392186 335510417
814285772 401979391
716664721 534099482
9868135 103722150
554387028 713054392
564951145 225699249
916399203 198015537
226640405 430394309
530919383 240116813
138568902 205352214
680210968 46546018
893762788 429770544
326395899 698119631
544755705 614449712
487090169 494447306
131773572 797323267
829153758 23725804
195780462 279411153
270299184 401057745
84147631 852966587
965227780 828297347
502100004 909872790
329355226 652021848
685002630 766776961
894073233 42650367
983394838 424231797
605277039 240029604
401993699 775888474
524410175 872389211
763188071 506593047
133522245 669612072
238022359 550154195
754402042 121458280
238081075 312137124
617062857 788901694
792741690 470701814
360730432 272310115
88934359 920485469
511448115 377308411
785071550 859266485
518075079 974188062
567262319 969333734
421586234 662763331
207819003 50210816
364201772 44409970
368233387 52526595
688358818 729402823
165805941 119481505
141701832 799284151
301780276 369114235
990432135 67293643
926597908 490631736
43655159 72694938
604227125 935869719
130320824 626039659
418859813 660756878
466798781 761218814
384024994 232604738
766882406 248241964
77138842 63720804
47560242 385893828
560907934 511668689
782136898 480734592
717688175 228075943
73816081 418125737
316821520 928300171
460743877 167152730
190371511 946233550
727197601 608607550
726918911 334541612
906354947 980989680
146651326 246468889
66611419 534700482
237572319 785566549
934124119 98432116
14056342 443338447
181473599 27296922
317361321 964806191
363373907 791819861
471784742 268860314
450113371 5495946
309140608 523839872
437101312 373534027
863355016 348159967
812478225 574187745
498117922 432913218
40267364 390439445
861400859 979735465
248188874 393574231
914411416 575566044
313543248 23637960
530360090 274007423
426049501 205041772
224020837 970182255
629918827 408833245
272343388 815116476
377280910 491713282
918856676 269626483
796960492 939214858
159629077 3884382
818030630 123257627
781515726 284579418
677321948 144594328
971169798 772405332
620444346 8138242
873404378 918291575
194673468 311999316
905426598 882787766
457840146 241122150
157269348 513529495
686543469 881215829
487504795 638397747
916000198 755193429
6878196 413746520
852473534 305378339
908204300 812625523
114136082 644560660
573746517 482206690
135946757 526301935
547486400 975321500
551275834 290362555
249008665 179432521
914424884 914480071
509794375 672784298
42748534 343630950
168476625 105464049
589336847 480714591
723582131 534910190
154007764 416981408
429745312 809553070
230996611 360566669
93122953 600583301
467531417 557136136
550178326 38365472
670176841 612101741
445780309 852523625
701018509 415112530
927775691 247593755
437772552 758475988
562705191 139159668
185081047 756377234
145436642 268747072
152995701 145247930
863501743 570368587
742188661 224991163
905305495 757010281
16277628 539081375
903705568 746765176
524728937 607502371
429715730 44800718
187087049 206899022
503093246 300060737
381659868 38860909
59794458 264165818
173261534 689195386
820647738 932265620
314189659 851987155
346948970 293360769
149808965 856918382
825185101 482071484
554885630 804426044
179396196 353439737
856892774 439545825
801820454 991249643
849479449 268236069
50995411 954643332
848854859 795950371
383818112 321831070
501274067 38948269
585090599 864930752
927469261 699666566
93906422 185269058
220640991 814964788
609286875 366831738
52075191 691931657
79247565 345093011
469787249 770207353
14261233 971339105
127825033 793010235
545479891 487046375
520439759 790107630
376069871 658235193
395401781 713344226
583080807 537938505
241198447 678254757
127805714 816594126
585172831 224430101
52775358 859569153
183487782 92703256
221466791 829906571
742962276 568711306
16542273 907563421
182941681 154217086
44567749 371711605
478824055 64230996
680950061 371664555
411053535 544716209
855532403 576574660
161726663 62159300
751542069 534255559
641661079 202311548
459422605 272879298
451587494 414458913
763753819 186892277
296056233 299483369
919699946 43419722
551180299 68606321
384745542 864066246
515084285 128779973
424702137 416085444
282405874 824159718
477415321 27982212
520152497 276587379
909332471 87179636
82890107 18880955
533711142 517996917
255857636 606957779
236416084 799562018
978174745 63880726
805195544 400592471
218618542 369860951
996945901 387309920
933909845 53481675
75392975 183569039
122442977 708237976
748836343 620541789
37961281 224175115
10361138 132041923
507228526 175283620
375191637 770344425
998170196 100595054
338497046 274363319
527192638 45343084
887327492 804018056
201086013 640308937
191755074 898990803
315096540 474208276
366212270 192397086
938129326 238843798
764422399 833282893
85834749 589521945
871049743 759233036
277670648 817858465
324515788 305147885
617616949 717996378
741354600 350754443
485273528 403129132
776914197 827070418
340315359 911041808
963494075 416335088
162403394 751747150
455236271 852878009
697898182 134428091
739957790 155244687
959763814 967909554
805891261 403073508
489814360 68684931
458402528 114655859
685817066 446850323
195520582 306493263
657628921 663522087
514543348 332603956
831821869 993208545
311206723 181659773
593547296 964187579
640123735 525786220
401555155 584001954
429091679 418066986
321844526 805386061
681664594 167902393
103343637 123247214
815456180 160951867
76748104 789365042
780045283 493538744
632905405 216530433
950877457 820868308
298404790 174258783
439991747 31083706
349616514 811843101
449694618 812351079
145546519 983191693
195500537 301451813
767755717 410244145
874086529 572955604
982834594 703044295
302985906 430284672
580726257 589200955
576673161 735744847
809114451 396172115
41575573 794145712
974185606 685353253
898970413 330209488
427003981 853417870
826340574 338800595
652385326 640545505
673801974 439135493
60567228 102834955
279130122 442787937
733166736 63335821
575729394 178210587
9553688 392524078
19359420 234389339
871813513 923566179
762144037 288102304
394023753 141591091
688296820 319217516
585446022 191108687
831295138 349097830
758538685 440596846
19519854 132331544
830154488 328824239
286936539 824112087
44028307 798174386
857937478 128374860
721787852 830735592
925429610 871385917
291091304 807018722
619471062 954827942
373440374 741418745
183881955 649821700
96261398 242464433
928580266 296368142
360878998 654276023
874326750 662916424
63111152 725778689
559904426 50338052
776168272 344447325
874794307 198857438
904224524 869444697
144270374 880268488
141053681 530348989
212318246 736958365
47620687 185067974
130714310 138010690
250190853 181724809
870965090 930602672
645766550 493723706
372026867 288068532
103955933 226666895
844559474 584473022
635747696 259598941
461615162 711277186
576663128 414843584
965330515 485412397
109210676 499238206
172311317 920849404
148647210 112852990
640601620 957009491
422618489 710067171
603460322 162675496
169130528 883196651
570025602 969828024
460733831 30545400
959812104 281288311
63093831 670226504
502063968 770020265
614758875 176378076
148236843 869399006
338345347 554984654
547409109 947167565
772796743 550160908
47774309 748549564
514510003 611319125
953344207 407047951
68764727 166836913
437085252 410512448
737367350 254478694
124529041 619542687
513527462 783007372
698282245 706746545
960431024 527315824
965299659 195197203
397821424 587028940
542963738 417271158
338585468 713526486
990245888 55285595
12722138 768489027
255537602 813238828
293041135 321209225
26777410 812033244
912680222 167820492
662138841 756628585
420495461 806139891
513761106 344848198
326431829 129288226
358339151 212973632
690309302 396946541
693924337 383718688
332851159 115415020
889435391 10212575
851117295 663270707
806207474 540658440
570101774 462327995
598167042 915590139
765806449 841588568
966094808 857774315
269227950 448389736
381114819 610367722
49101090 690461256
233943127 260592289
854528276 868456212
343157285 990446931
791545392 402744282
913291563 329098652
295528585 18213726
504220486 673740445
206473150 536081173
444738568 249890639
838755267 712270384
442918295 505247697
828741839 701376543
369961697 736155367
644541104 643197806
703360304 381750085
755908530 675349641
109667711 55419147
585231659 130232435
845699451 838291978
204209480 808307750
461505606 527136001
921221439 372270932
248415707 350886005
833407849 4567302
753583523 180159860
450864126 972431948
372085357 824341192
993875002 950991461
39054993 915166606
593332034 535072429
255068659 734050949
66407107 281674957
430558536 969929872
796802624 84098140
378120976 523616082
503957139 890305331
11611023 322874648
925541768 302202695
724820887 74134032
367293610 999819177
669344200 715398757
828062515 745751333
530856044 554032210
988856845 80786603
335073049 24447589
443549404 747160644
995272367 174099972
488165585 157045133
571569425 4852290
32149351 354341894
520687561 148447077
869823658 319806933
700636340 335133700
203438794 259806812
824572820 913563396
819431216 196535571
138672824 180659227
69729204 429041440
336875093 626445499
439091389 777992550
279341661 309082642
700747796 334726994
410951084 250372646
453921098 512243785
174940778 601940518
922159623 953347212
171505613 192680480
521927894 254268372
631343951 941974466
365030196 342343317
144120135 896120087
936295519 509888436
699551774 712936149
751226060 802430956
916896010 192479574
795640250 127961805
283177766 490041720
119396220 716121672
481713988 334893906
514708748 307441753
815125751 8372290
179561628 439810976
789855492 316402063
329756551 45829326
295744853 841929452
423045955 705638056
552695012 534679675
205462763 536839755
210332986 633824056
972037181 926002571
83030647 263564396
124612902 81047696
581136835 995354262
503105467 918550493
980847925 314481270
463591243 749671267
565277372 60196313
922005647 936732656
924887128 563948943
592303975 902213496
934314010 540891362
765757366 749081644
751914160 390554141
502514454 655809720
228091058 542542811
886363460 126698250
801338849 597330998
276428959 489858667
619428919 236656205
318221779 195248072
211894745 472977838
787573359 30306219
972327028 488065619
78009998 276860631
456479105 21303969
975731189 593025624
683335488 559932618
533447358 393587560
754566694 872308881
626681678 743383977
254749726 820274012
274574415 800224079
637475171 21607663
79545820 107434631
367948619 929999037
346813781 693162109
311201149 228292743
891827115 939231884
319902339 324100521
281819610 370315590
130247387 179164837
309221741 832622785
418223772 76874733
118287595 817323678
570240507 973987740
80280925 579161357
343330686 217641382
954919641 482941339
374813630 327796033
837019236 916404599
23479910 975446718
429513286 671985961
775881182 44847539
215152130 614664468
635579733 182246202
688665776 685811459
673928792 335565434
532409842 233659541
965342598 55388949
116108458 348257150
97965655 115472673
34881132 264543049
717661711 985946584
977156819 871681965
900683468 889165302
729361951 16848222
371105050 931862008
405754237 122679777
254908397 496918660
344399461 848495013
217756579 788372987
610590358 526979515
454446863 405623477
553857500 180030990
732597907 480379583
622557979 42695653
681481673 525489318
279002266 682934828
332147105 631095124
861664513 350816486
49904493 283817382
998828043 929801722
277562462 303868160
561201339 41555542
54101517 400777249
847688917 222942293
369180955 346092729
476087016 569542684
81081758 817317483
961285954 713578788
457009418 214757060
231065129 712801496
410842843 172285029
122180878 119147529
454461252 234477761
670748195 117703541
517608814 709505974
410476904 659873992
154479763 944737736
22431849 194198436
166936187 321672801
83325079 322040869
538569544 747600032
848325998 109200777
510134999 435636321
693527123 493592665
156677081 863206256
518694930 951103904
124618832 12125844
710743495 841634036
276845829 374970796
888690389 914652374
910462797 493914364
730774056 641701900
13988120 791985029
941153406 382120140
973544865 399300426
851952196 741675595
322962475 998932876
490841936 174049542
585018567 965758936
334335954 963581278
934583572 962367673
429914054 678188527
824972743 65325002
844156350 156570883
701418539 774017250
777884209 436146251
264156149 134302142
949768443 45059251
81126679 176098648
313331254 91607993
427582809 815276880
498075810 490245006
144672068 844382644
130711050 707727971
248584305 997301800
131092528 378764162
956463151 486152445
179113591 652114619
9317446 325097395
933374124 288823633
558463206 179696715
972717325 53901568
718379360 288468038
762267084 54743624
964894983 244046141
216499512 690934658
549788974 322794565
26598168 182870308
543638628 247551804
397980053 703832662
364694487 732775880
42187423 967525862
826501247 524650568
989365878 280874523
403787705 780435809
821377012 613655346
351717713 752167633
44749085 457311390
744332598 789082553
315605509 239443923
727201410 825333758
564870376 861500909
195243327 243370278
672135934 142726339
384297410 424407574
322782198 539307530
350191019 559792015
597966892 259136596
921502867 625828930
413411978 112866071
606155425 902302452
436770706 485053457
224991827 599670048
393204345 808890740
269818879 584025562
600924692 157780894
454915666 88886475
641765568 612196578
825804836 857053956
320591007 561128457
783465851 706630493
180941317 331909563
835995926 293399794
349989745 327082123
585834957 390930649
439941984 65872480
136367745 553552949
507941160 932011755
540454008 82281111
953124808 451148743
393758143 927404137
35487252 157233701
118198532 315913019
807611213 178295717
226889569 563252653
576231674 48527395
500211917 974740667
847837902 32596828
684273491 414884423
887137206 46176365
654170754 505726234
475780208 614107798
506636447 636401230
882459796 308436944
379957451 20761828
654805677 98667942
76845487 353601033
955638156 571458353
239547204 493851545
175070297 855393720
598815106 698413686
25501659 533843042
219901763 310787151
677506965 566376188
489518432 638897226
517586869 981519546
447805183 975177612
672143376 790400285
141737740 526692343
120244320 204179520
10980603 628693303
485093615 626253165
330474462 599422825
772382153 6013073
78749642 213636108
981814234 184924182
879093378 738696384
886706592 921236121
858200517 118732294
535064788 874340379
951088151 861165809
552737461 601796078
290507154 857407213
500326278 103734111
860256292 376258136
137120950 659013707
280809547 604908002
907492898 969750231
132933433 114654745
71308524 191218282
877398800 600762735
731289272 304062305
436039324 858831701
640845350 587852446
777028945 299955555
97000459 504276423
85546675 512681424
59641565 324222885
142817848 872107856
26150978 274268274
426060617 461063159
135061404 8525860
67827383 471288068
983711547 336765725
950214108 157129995
851638811 918677086
367516635 174981022
381445693 138229847
79193206 370609744
457695243 631280676
140666153 875713412
136072150 465233454
607361729 234486212
661088211 269377728
143651154 710286325
496157901 95514926
73403748 775007087
383482895 229730536
433646697 288100758
312562987 958624490
445859123 463727448
442268606 951943083
686701954 422122767
944281413 936900372
575231975 614888713
250973099 928158694
480264981 31764563
816379148 207579422
570169845 354124035
726200152 160181738
762880748 859313939
789382845 188572133
459668184 39022295
409379615 319901242
495738401 630846763
992133140 710917047
943450636 479430120
447449848 351358439
394741846 377230642
345878796 228445526
725816515 140257616
59952800 900872262
947903142 147678294
139941177 857321044
982285860 200486860
305994387 514270034
89700056 786395949
485226955 272193897
563631601 332719939
492302166 373419142
658765202 338970116
350982671 48645642
881524145 879311797
311067014 760634100
6614376 486249669
427331531 61756113
932760089 19808631
464779857 927873274
412661053 401611230
223013743 956718128
758423651 13361691
174119061 886836923
656068186 840554240
341979736 781892931
836663912 788520627
509042873 416223325
12472889 882831755
397891733 352757130
795112600 189676286
646302331 235262927
269247514 245986308
997376218 782568768
384773055 658346695
417418186 74075090
672819985 259313343
687805575 630071326
55154683 804695893
973309890 571266986
919186920 451515806
765412670 43401237
850814292 924689277
753429470 23163335
434722174 26796119
981717953 597752009
711490995 931109867
566671740 271925228
36028437 138309684
417117168 586126135
375223330 829812055
463770827 77718955
266967951 765160883
107089237 303227447
905893111 913060422
233472019 570581089
995905773 553524489
7614638 934492954
932461525 836506358
93378413 888891004
611801080 836318620
902032768 473203375
729081322 428893712
349044332 323001283
832043897 471558592
246296519 611224731
625019628 250682537
533253140 602049744
721190749 294608450
806778633 731150253
941686422 48218040
202482382 644669880
54981978 443253066
926643243 899815144
491205989 419370286
733975919 260969787
507101513 680310400
946926001 347690084
158213849 870543823
345810596 482842631
405821425 197421808
392448895 966227141
91354835 325358813
263755739 194713865
80705710 291783855
609278392 273680868
81351477 95524741
525188480 501099538
653614665 681222696
551456479 755291584
215483413 204792941
39851456 791917851
102050348 434501660
147524159 758456407
247998330 870514674
719422894 709818982
82176330 97509622
550034388 674857009
909029069 84799244
221822048 947928424
454079786 566805957
379098943 103347357
824136340 354164010
240348076 360685462
343089255 164699263
488102600 463581417
704281797 874370087
981023703 882164084
644745211 867544307
968819002 754202373
158938446 867611925
318933318 66657185
370336989 238750155
643651121 558464265
190503971 5241236
970708182 944971210
557479939 740073793
918888155 110133112
618059506 554422507
267895114 926230709
457546818 709284228
679986780 824831056
872077832 870175168
482050028 229599720
661627189 806509322
692645536 179652523
966460912 472330168
573275750 624667829
640306667 643994591
804501069 907272706
387305124 230567206
586262652 815110132
358199554 386618722
167760082 149944882
450174557 728260592
316814894 698948051
661881157 630427349
384425171 157395878
355816786 396528137
108965923 873111920
803974419 160561456
923537199 116744806
137843145 866955796
192692420 662000556
685924966 621203995
997385445 83221251
329191602 694293818
877058804 25068275
239808517 402640636
192860662 908404970
160857930 523005821
686255360 635241167
16247638 246305074
90459089 786398110
167442981 31297339
903335182 246261205
372237085 410100486
766533283 176397880
892479070 414090022
253299105 237058753
395681770 879752902
298834727 662052495
44052217 157715711
807851608 225333004
514885068 209924309
584484417 555784820
754663323 586214329
955998627 298075363
492507758 746332241
894920531 994381503
297767705 948007996
637756108 335431940
200714860 362610998
915277389 878421765
169455825 496767460
525059704 461948768
383125592 604623080
98123980 54144730
629509455 249557900
91263036 317343348
751692190 775500989
799664350 588300067
951666674 916840549
328919557 438117823
98738940 34851319
332936328 125712431
291231255 597655894
169747512 732599085
205959492 539034505
548012144 955180186
419694012 929743005
190813982 462345888
64944612 96520697
828847103 331871222
406870217 13526429
247692538 30232985
176794187 137502025
181454016 694177385
586663233 820178542
133568005 716980561
736195147 140228356
697676749 571851244
807967898 663350657
425852303 545800087
836754502 113009662
835769993 577816063
165152214 818066528
956509848 246978600
338094241 63872853
641087034 360880844
267466131 142838011
280368552 163418692
850560295 997067001
527194165 92134277
346821996 389817380
105584744 108425049
278178909 363030763
960287139 701745708
476355542 821238118
735534972 487938976
762358863 364206731
783182933 625730181
879094780 653630173
102346776 181011739
718379891 624115001
920070865 638928649
243241755 104718638
469640205 737284621
447143732 571206852
927616578 485304491
668653715 835119930
470117981 802246132
154163880 453317122
53098874 932138161
856182978 954343264
547058957 631078783
936288404 314635792
117799880 360639108
302427800 725150830
373925419 588555301
596238879 488055386
399964769 355970610
39760720 604906683
426437490 551340607
815352176 818337973
246596564 580052931
555770770 778451037
603590780 387774608
299140748 178476939
648733940 594711563
647384195 342555995
173169479 257137896
820645930 32855432
150679224 298640390
777801670 278872981
332138082 808113421
984208244 214503306
765652189 827167734
925400986 889019839
909764402 670639870
285664978 393520247
975325999 514030904
500263536 132577308
849205438 802850467
673613614 859989346
525581124 477257267
890436655 561066925
676648423 985276897
449734098 429801333
872034851 847790752
471817704 798394654
648085396 393812602
711367294 877363578
682255509 481693991
986431068 204185714
421506253 914196616
349251405 70690683
234167249 405648174
148282718 491563628
725366385 864161800
641005237 538341534
880412526 519586393
398250538 165372656
752102125 906830361
960143025 192206371
859504212 603109437
720013583 246401528
594801414 639577002
818198811 854285555
170855820 995559450
473948078 848892932
280781803 362533258
822244985 293970445
763092196 148270616
660251919 25713537
375994208 980230521
616630091 527756581
814908141 855913924
597513191 728748749
152627983 796111449
413022137 483576579
890071412 903796188
537417574 820693960
487530243 373280957
190645209 877823437
512282542 577086927
348822402 76114848
597250406 665324640
855903133 809939722
470872405 716246754
199313709 604012194
479848820 389256684
102811383 995941706
929149512 110313328
940553876 990347125
384565722 137644317
681983617 177668880
588536482 178773245
961835583 953740719
193908852 323105712
45149114 954653353
442134653 639135049
751360449 453252660
499485736 730015854
508418418 460162067
555697225 670200069
558688106 442996138
455799218 465274301
657715549 573448010
236326310 56115050
956513748 368031600
40618643 999752104
85453065 702643835
889478522 321977395
806740444 448327981
641282512 323505084
932538702 120904491
244524990 30523542
872657821 462031593
731092784 747843464
962040579 507479785
110388858 40921082
379791788 974854495
160194203 303965970
372947127 694080807
295862413 880554371
953017948 321241857
228169962 173159956
426737022 523117579
724062961 317244217
443760186 359375210
687491508 298727987
86844078 309396108
569600824 101858298
163190242 216665545
97963811 777133594
28002955 358170820
471767789 855432038
824887105 778690742
225408094 16048455
363087345 486282611
305070840 9609655
824302891 435686387
46980763 465471086
735992135 508513737
162228502 409270467
380008377 450558539
656042207 436821713
918575379 593251441
531687011 260047686
153230453 765294371
288048564 12421464
897176698 106591528
723535513 413543903
707377270 349974125
626184956 569550140
809439600 974299594
654054530 971548138
601715978 212542828
743577463 329290372
748496165 108722198
572267416 710067581
978480621 688077109
705135150 770220315
345897828 369888998
839276625 567394641
340224647 379289014
803397944 595883374
738766259 752213564
797790172 849901669
239578327 416098419
353147209 517543779
736067011 640978545
280680390 884021356
956309358 531471773
45059949 1954534
460965608 998284919
697299350 69357280
713476240 923959082
26105270 508476707
738275227 503467990
972355156 342037446
529764172 805238750
13100486 553574898
16555013 101240373
771611552 963455176
21113368 39131068
896885932 862300125
907647312 152192744
121433744 858447794
861626483 433914114
557242950 354421115
622502461 386244355
686519083 88383892
770479810 202701583
735157286 234310497
371136348 490101504
776091179 149640964
682815381 321246767
879149984 753146454
966660831 285702125
498103871 164937641
36161603 322111951
23122048 190029607
617018632 481012660
568403609 798553165
603838337 737324150
784777350 689482296
220907017 887804467
339171481 940691203
40855870 969472772
395024047 340729457
92676252 152865029
837411840 879801859
362837361 791029575
719765569 83596577
794801329 752639061
860972644 331102
883844256 220334188
263505395 55199993
655340107 908438354
246152229 615677485
984814934 226639842
163115802 400543941
259244288 250961836
445641162 189918157
776022111 200426806
75604739 411502616
272045052 15182939
96562431 12469645
364843387 420463349
361660567 180494343
41738043 29177863
597773861 855577692
282090153 412731784
294087964 514772130
602319087 92750865
240037045 438351228
743098279 142885808
876352488 954637295
584413037 27317216
64077692 317398006
498908180 212373468
38837655 694130499
420837807 53097972
110341216 893824725
551660363 400087767
906222321 851218083
353944463 522221359
603692115 212998433
867718473 22398255
784920724 793813540
339323508 815321589
509435615 93119732
459476691 60750345
116382842 563835
472272679 700421293
480327957 12155625
825032490 107183055
123058028 759852206
511769652 38583186
263960750 938474267
403236835 404524400
515428507 118364968
398950810 9359175
963177669 462793686
345688749 53645754
416599969 31725591
375359979 604452018
227046534 344394772
789590594 377814764
534140534 801840335
246485990 32525119
548923136 337454934
481283465 291837412
986656948 438945358
912489250 739132349
660154381 110229940
473710388 491328102
203109009 10886080
543557497 361830460
177097415 552233627
15430517 474343063
392465035 635606028
534584181 176580514
442500305 196439442
658379638 224777524
586087543 784736314
434549627 11205250
425567515 629051344
962030427 541256205
944467566 484103646
297086518 604925132
779120623 281878365
67705502 667302424
630475002 652955937
615559595 829254038
788509009 819252637
724986651 426090283
717998014 691978491
724760483 148750068
262113142 702670009
42797919 836783109
789986152 390005534
55527401 829821052
506083764 334157920
99296021 239161263
54914980 473322413
671461495 115811982
204192287 222335476
892037207 737309638
925546770 302291170
917835693 743383390
705202134 683074006
56108048 214414321
130832981 684197442
464282833 828173497
992805319 731610730
269737292 650261388
266935329 606541066
536809570 904556516
672891062 84886743
704950293 947600099
794391571 468788879
572724627 184878824
108570422 108153291
317497468 130623861
860731954 585879134
917337392 762519475
872030592 906356893
161781458 18812692
698503966 683891068
535031107 257600122
309598575 36561466
52472152 285352546
728025013 737519036
514911096 682945305
480959564 259035290
918450228 618056537
411388437 639498925
357581272 426191297
326830756 27592637
389518724 442197523
474077782 60617311
931085394 680088318
866335276 526633350
965476147 249948533
654224385 846520197
852401803 623684132
94305964 819572543
40514554 716332444
220090900 873778538
955715588 644731251
490250940 348819149
528271200 555432388
509874272 743597621
760602200 938338971
128073699 833952694
656810974 161363935
650273439 338718541
38752755 95610884
28996011 709815032
875859988 674038417
232579947 852169707
651194228 219582478
827417996 583742451
914499802 24623870
802435957 415502014
954671137 307371382
78298094 42758322
775749984 676446052
227373486 335193881
877981344 837429818
815980747 747403024
25015153 72002476
664508059 59489891
992797538 131231234
530502568 454834638
586127348 433483951
253881170 205841974
81277835 901823337
179164677 611901617
510815819 360861559
456440800 696366032
520064629 166222992
879002848 72626777
926353736 216113823
781412450 546912329
376021639 474055387
155639790 327334506
416758046 514135830
396818340 653530693
430099964 453749187
806866248 450760518
969699517 265115225
620974189 102972608
158457789 352358010
42889278 534012562
784386525 936143436
818201715 858264121
778549903 283615432
614002267 104557486
514407 137898224
702523526 780947589
684661120 178029890
885335058 21586960
902369027 789008008
495647905 797440022
32681299 778240250
687622635 274686904
764003707 56751235
827751654 197627492
565119370 546961693
517517119 32992040
422838482 154095993
648710950 584255163
141349494 867639517
581580423 13247333
524140280 337766010
342673228 28048259
273075820 724971658
183469478 769385025
241108660 485091914
940374729 38967766
69719171 432819583
380467761 292718420
43839497 724733645
927439315 572908570
848940785 799755954
199038013 639552814
242814200 405131569
377636546 936540343
715534121 917425784
467398678 317773664
732897039 936834492
949311119 906965209
524090437 992369243
724303368 891023289
397999168 111066752
78024509 588800298
916680481 702263261
532572880 648588838
733427510 187950288
604184309 526682359
426646915 268835513
896848893 575650638
135796642 294566342
673789060 774957688
886379279 634551734
392956944 536141967
595984067 21530755
550179193 145311044
886144213 428119072
239539839 84012880
322853287 390544802
547869911 336835193
336311278 359948222
980834115 680815231
386960397 331072202
774047717 556219003
731648093 464330652
625230503 403660980
736231478 641198489
165566870 373271485
783778733 18730111
612264179 735529299
933208603 739760738
238558133 626051648
549477627 398103652
707843232 504432585
421167238 279545846
462832633 894732420
830972956 20625982
523929231 629397060
751057023 128013971
274856736 14539132
398610010 300377729
584688769 832999636
727281285 496928812
534171377 630438262
680491194 631862766
417608257 328785585
983397201 15114187
52202812 463354237
845371174 308038303
537713110 180637087
750251893 272202469
674542811 414126452
925489687 740675111
462900162 740990487
814079884 344541616
20271643 440929711
179762602 152536834
540092285 161023302
404777928 399500451
895787531 450251081
220446906 808240368
442383536 763184267
829329018 692901050
777082115 985631015
703318619 535557835
981581920 634049872
788174155 914256665
725349234 838549626
137784053 747440604
276228241 534447810
592083895 498088936
426816106 815903175
312198943 338276707
284234236 321628286
859898848 383535569
751598670 64723037
366522964 406291699
583579503 52405521
600549635 500119390
695444378 515597707
546283837 478952725
112287885 743314655
708664296 558070209
316863851 470223940
264972928 357749648
895321797 182910380
859441898 165480303
438121461 480980508
673180653 518074496
359618982 354748751
899282115 220003319
158405222 980725132
358902362 449632255
134306297 988549886
462092602 507542906
306984143 791550774
788118946 72510057
750723596 539552086
565793951 228257085
741186054 733176333
814775113 760004433
617939983 631023925
667376579 375963467
915057458 457801184
680996841 983747637
828423126 847573673
876907596 190531094
954442620 279471179
172915238 4053094
669554512 805684127
285690108 897872969
326836910 154900567
843550584 444155097
603674451 900226295
141477485 78204994
223176269 137862473
698941425 367872464
667349111 825273547
337919911 182991624
609123388 75082025
465949647 625691465
454744263 568958180
522765644 312916772
502361555 299816560
686006065 330089026
859432189 293608309
639623988 116723172
327840488 358512124
876640775 952946334
589454089 156869557
240346788 257958427
302774563 820688392
175967028 529302869
844749879 96399086
688545151 49314545
521202602 93128680
831872292 228590003
408413753 803201964
515479917 242699506
770513410 945158908
807309622 604154109
886810842 892590628
747329953 959748818
71497776 248298882
130700402 405426401
411329567 770276298
515359374 441411775
950993340 573219606
838320786 582262250
434299652 574476758
418829145 355656278
974564000 953991468
941179494 14587656
832186163 877193560
921967768 340376642
290898423 897048351
815026404 505466661
644610458 261757485
382839043 177369351
921408942 52352842
753227960 128573924
206761883 138283825
972280564 614127781
347847935 317136712
327385251 412014724
361808505 791116764
391058600 282646719
941467329 338272707
899610474 345411329
890971170 585118185
98353995 652507787
65325238 49031974
664072766 978012705
308879617 579443068
353795578 591462051
671762732 482091357
234957711 333635231
283007982 137473547
408204800 797280131
389077219 934442019
138530804 472974838
703998777 175953365
183018978 706032814
789464995 346985079
650723010 266533922
418040948 82243119
330324504 506269023
774329230 315477113
308635416 61762090
420679369 215674265
899237662 674406042
945199899 667916071
903535155 381360931
986348691 663218405
398748494 409757100
76784035 542750607
991172308 729055075
326621830 169484705
143920601 520578408
426805745 157937480
175954438 203245337
147131709 773548931
660159830 38998218
988267981 853619275
23430577 850410054
119110372 687184143
458090384 741917865
190468024 731757602
85595325 367868256
255284254 84962646
699862111 178113312
140314879 149380874
437523 391904560
678811206 27322406
860711396 235021584
413987558 382272399
344991516 967843038
798078536 604447398
445290839 650338910
164343770 100191366
69827212 78463635
22307466 881105791
302997109 603704709
942052270 576355157
248023249 301165848
954574978 211664476
355483267 288317923
239849277 937260926
29084162 208559942
1172724 193141278
795070313 236799221
518735903 701557871
527918607 711287030
214872614 3279701
634335410 849847670
839026180 498560202
675556013 461046326
492072140 149619882
330825044 827146458
957384718 99452871
72389930 705814244
581001159 242827936
554744106 567824161
650758507 555937671
590497477 97400408
399836844 639730982
717539546 359680
619748856 834172662
163509510 339981656
500866553 165146462
813389726 609881472
862620815 878341959
196216656 270807663
70230685 331042125
275972331 316665388
282930732 473753460
454329904 795069789
817619602 775191780
229752688 224363250
237274316 57774243
733446407 942785722
836855380 977865684
300600400 625940556
905471853 825342742
846641357 21806252
298728155 157101458
63660407 600488747
323191473 202126026
180948902 263790766
813229400 498982497
962700748 818368379
818567877 407656427
292975067 503270070
849946836 437437022
557623299 513728334
435086824 984473439
832153464 84941751
352585649 732666764
765602514 800716584
631354866 35312068
399974151 616402966
683845745 372783081
22567778 650127604
838901754 949453681
776444032 7027737
243586804 25793456
394787601 238197096
60771325 718790326
90423990 278641450
729501313 594180501
692079391 245197804
579003350 485705301
398895963 202515600
814960806 315054322
289863655 57782746
881848747 143014110
268676863 255863182
52176016 922604615
654757229 848312347
181381615 242541565
449280641 89143801
955695293 40573712
802571956 681934047
41226470 950951579
291143712 19407924
694945605 606076198
132955942 748135412
633370182 380609876
22816167 755341405
635507510 546492906
601947982 917701394
125742383 599761360
905441092 287524596
969720716 995046147
495923213 680340032
61397944 764683121
561362937 137967399
909269507 449103136
679249763 242229298
518641470 676443279
664450714 96437563
977287759 46796695
73761636 85039321
938565550 499560448
857548530 899935370
991273804 478560984
758200478 516797703
665161286 237392087
710572044 603183202
54220699 247606124
969975569 804076884
123007097 437285098
368232093 525912514
814576878 906192852
539420066 741187241
330855287 112291570
9269298 808587625
424567328 529223090
16771947 936244855
16276546 711429600
717174937 442230160
985046326 500686311
323473012 906502406
213643787 322412801
466738266 467729758
201317563 802887983
313803482 343229736
373016828 215323987
289364198 199951007
592612866 632878604
839096708 464459115
354148081 299918322
46427437 396219695
894710081 232698982
77877396 597702633
927778807 335738986
909576332 51328574
56841173 355221109
907997256 266192040
564130330 185447503
541884988 20218043
942038976 174589657
113935648 837352430
184691124 361953990
976719797 189868385
838987541 931639718
617519215 928981023
247152328 392505231
196075977 125289343
439381699 407199794
20675443 855546003
793406014 531836131
55372806 848346334
944152661 286468960
234765783 149251129
983938375 355272312
617970226 484400387
316797918 473248820
407238009 485899212
689502334 563640344
599285262 640750946
770459969 88109431
878553289 266553184
214650851 932493587
358286411 870948799
331486343 45039615
103278 51087137
839362912 287533070
249020949 42525805
917283408 196656184
569586291 915347952
192901095 157937555
478649745 497997532
651864298 524737535
931617147 776881657
245011340 187157646
423095503 811758104
384090517 468203688
99505084 689790313
467479485 945832945
56725171 575048640
393671927 465554906
196492686 540191852
704264026 299443990
14506514 196999475
213133438 451855370
334924134 736765324
755081655 600064956
764470908 230976434
187684271 666249234
211817777 671866561
344098588 67900464
939079494 647768952
661746447 22791003
664153590 656970121
623015663 744141576
311594211 613950491
141296908 190791497
50463383 529752294
105440475 755746149
171211957 978666251
606375520 598398435
78355844 707340699
440463021 172933566
684760368 628035389
135550374 636901348
314747494 551347460
860988387 859186942
385326102 13498397
537501497 177524968
905316484 256439481
21639165 865521902
443965257 683003907
98539138 619606999
309000456 659341579
30351864 974576542
655842540 884910741
222562575 57768144
174905845 287656085
604858480 962192712
818598950 835055896
407768396 265494932
612121729 78867624
29707820 465993077
286310660 967307778
625471923 402870729
735660606 559819471
576782198 651312679
796251101 54729378
444807359 330884872
972831069 145883023
20315650 870704919
995843831 637283963
626573235 383891891
531102998 342691518
708826967 296632219
639330384 430579998
690029666 455889126
796855091 907978733
846420662 251584880
863584184 798358092
265422953 372068909
818896063 921504985
149012079 65557553
321848456 994701112
656802263 80196228
732788950 93815535
233949006 772180321
600648512 952965241
936366271 25285981
655424347 12051205
359764205 492741995
234115923 804901867
392900817 258411087
429373802 337640774
545608933 29115574
494337846 364122867
499196406 319962236
53619150 617159335
902932508 602473903
121623216 861477291
956143572 324794466
617455279 820231410
118978439 29001120
90932603 225017712
670820569 460504066
413922324 888314993
317641547 572735569
820106181 74817872
215448876 173452653
311733192 393641781
652655300 919376509
219850799 191081142
637511428 65953503
306826132 331835588
477494250 795889455
4892420 728914213
345085910 171280740
278019493 340852990
108226865 97289483
140972839 650058571
208466343 996864718
797377448 650286313
748793952 563468660
481486543 443114653
150420110 428134758
262530949 596703613
270420711 781923569
619753371 721842302
592053574 408811510
263950682 838665080
433346558 998040870
46469553 318590333
219030186 141162556
738221870 193283611
993243279 216471810
56432275 582095623
129296911 586315687
52475391 384704943
127235655 726151069
749164569 460007512
228049897 331710930
202835319 390039128
669345072 996853420
952306123 203551609
402580651 475444987
652591109 790931892
497955260 343809984
353688706 350723470
982479152 640892032
655178351 177835724
542593978 818147733
18440811 431084132
151047176 895882387
689105360 619837412
339581682 250567518
716747537 819902907
675978225 158113311
356761438 806489407
811907368 186126127
140834881 607827849
827938907 441917071
581614500 611379369
28407589 109055199
888964158 780171176
521522276 437689520
50620938 23071798
367588929 856140034
835474882 606531664
495932054 292144652
219003159 619488250
681450581 401545659
456252993 30051985
278532803 40851682
657592592 674852141
970337729 408099287
75490907 9698876
950699457 41990706
419795009 501109703
320042698 147826928
2361701 161996754
903536049 757929316
101954703 556869566
93308436 96318340
40005021 561265499
812001491 451259294
92094602 33555046
272489788 725709059
107463667 193643899
460062514 666867824
881097718 709818062
409006911 560052845
28752280 556457126
857552928 912374651
370788670 875486154
170209361 443472122
78708145 80372419
569572503 23891538
529958470 527189918
209607180 993961184
800222986 570322276
361186014 216948436
979464896 414252311
237528566 475462400
387772989 446610435
986926661 662451538
931903502 101143846
755854006 915348236
884863661 758170194
791797691 13695478
647527535 166291672
971628404 292562559
838197060 611042133
255908406 294720596
256818462 722332507
721172209 320016414
742811569 724085835
164180785 249197037
770485947 219261377
704080524 498520565
14502688 307856995
35175222 58753813
928683802 95742629
21785433 897462869
314216345 259207075
728466122 299994881
305087511 852290889
109841577 994606988
930344869 925936815
694842199 855539195
509808118 507824497
773569870 316429895
942560003 830238907
254380595 257310086
401497260 705677741
457879240 436082222
707817840 397690259
56424569 127042062
483452254 157058523
924911593 25740927
908334354 606908998
419441178 777844489
648225432 657987853
531189122 322114703
752078970 624209315
74749028 473401771
526218369 530842474
369124274 55804620
228233121 254100104
900625925 384110791
601247395 461559858
764475912 545883028
915611140 195047978
748011339 455588504
607282929 548171068
629549240 276474137
187307335 407544205
593572610 932641459
449248568 13754812
41690351 759710646
343974921 535270576
394151595 187312821
729557979 633436488
774445929 145483743
896517232 340775665
916654251 190696055
881149463 455868794
976734462 205102737
791527846 714517513
896878171 721103011
652945487 682516634
718275961 808479532
755623378 99942033
866569400 535867270
54115521 939435546
655177465 907642447
134080225 449401759
129457476 362615381
784667413 47387680
756249154 18058709
84782742 772092756
322827778 802959930
320516391 133178324
731731307 737326787
473440073 605272389
60886089 655802845
923413669 117225636
263398199 955147741
513840469 567542583
271692433 757857906
828949643 281535443
997982922 340811467
391131640 109677275
930587382 159616774
987695779 684873880
620963423 727610803
427167258 140318525
441550363 690630439
120393285 834723753
788004970 104062663
630439804 832087276
372274613 46113462
232792352 320670154
533147025 90975018
725598233 243385550
395579443 201914465
478374392 113633474
243224988 881778148
604927710 909105673
718109007 817229212
478598378 167790108
320571687 98095638
149778304 542261115
280722847 936352128
779202936 189830383
878661490 262465953
347073175 190507350
235621766 425151201
973047127 186994403
946683366 478919686
569559465 731352146
215116548 78710851
298307476 491726548
464449589 156613374
472514485 165844605
775117024 739307840
57241690 929784763
264611171 936398069
577476428 797825595
59710538 400531346
458048080 158162921
400821433 567268697
807581785 571785039
90317333 438694184
192581983 735368247
59421696 971107681
800551703 276353523
505316791 628338074
278501234 884093229
245434446 165559360
222926955 784416857
940110518 418046874
634375518 974964718
958558505 862126941
125116418 504985497
199434969 687939820
251710335 600269414
801848815 424924882
576068555 940042958
559836111 561719812
422169769 895143778
236539202 376542266
402810403 518046351
786933749 221698046
429695365 114596023
516012856 694120873
515407406 573266052
327824228 334416867
332175473 646376160
212584264 69895709
298313237 339428416
432878774 414273188
416978513 261251335
339160358 792568436
407571034 869336142
278761163 717834742
168525650 968609685
784779511 700740974
322792033 780018513
457583602 729741079
330451239 514869477
999660393 649221033
308641042 720207921
337632125 453951478
526516081 647504380
393684363 68703994
221012204 2836072
802053006 862699682
140340269 276445190
511381579 136366409
54856708 287718801
669094222 963939927
662768535 422096576
830614065 715572790
362402116 218131205
755946996 944622872
674579882 779231407
517612531 596502128
63202495 955166191
242926107 983983209
730294006 722881237
362826567 908270419
327906059 886571537
760948461 662811152
657744427 75885471
701328535 444657187
968472619 265607147
505562062 127505297
304159105 635444451
499506857 720574399
804067855 565841273
821005176 11324097
396568923 210071702
482348007 551683209
503500035 825409395
858065992 505487713
76511138 349875310
262157779 426705387
544956941 20369399
523093189 765570429
53876182 517885990
744311200 743343484
577960147 288175276
780503261 899500371
36986262 483263648
669404678 813505458
684891413 953552107
622949118 545784216
918565963 596687658
931376519 440702959
258349503 969008977
936386842 652931753
373534062 935620860
704439615 622507586
352506758 273484213
665221530 60050960
699946033 863699660
426402547 492447507
13642207 385363197
145219377 862033448
796835743 470089051
953885908 397390286
613092247 135360188
968376480 356757780
973566327 735006132
296582667 527986702
110800335 847285860
71469408 621890885
466022346 976907047
942018547 539418522
376023111 962252570
83154256 52462057
902022569 875675919
928128071 71966853
233437287 7282236
336047560 800276245
603949544 701418414
42801968 298084804
675960089 607022450
341867684 137274530
169898825 53321783
565765286 374049505
82272944 729786638
223582306 30467012
519056284 158164855
272727833 453747863
872101423 348944987
800408297 118505794
491639271 43727695
832511212 492045021
796345317 501590776
359552402 810978777
806837150 758131061
329409921 127291318
11893246 706453339
277232260 553076793
550164531 366246444
398669256 449229536
680863592 146991674
931570829 858027032
768670643 873766997
27079632 465170082
767232609 238867452
927284767 761397927
163509590 600422627
340036583 828446460
340634546 600955224
910486843 306421811
534515099 398323074
735708146 35843912
824168866 342879993
991988716 735703918
559374643 407162573
96717182 399652596
27844265 642635604
999069409 294418522
992382488 236540351
462778978 320324608
348477586 728205491
786883611 376406
763180432 874348633
896188879 15847620
163580625 605832221
536980006 392101260
220980685 425369537
897188693 240162491
79816527 828318367
654629991 800339945
78703773 86348080
118796752 860898547
718877495 413927653
976439491 766750695
133480793 456861928
850711050 446696358
609752262 865740524
808815375 552616312
637758666 659959216
534436807 486116083
317553280 591656671
920845735 98783234
180405255 640514906
204483918 262010174
656326492 130198208
319593457 837051356
291045257 478385540
788436368 692381259
202497175 613353721
899720763 792656545
940555220 743500247
138729659 74956578
821007531 757819450
466689799 263472346
506673486 866997192
810619524 560421452
448568748 942576657
158362719 931531745
728214943 256360847
995751046 474939606
529895390 819467722
855706576 975079777
703071250 489453582
209870838 764612029
599787986 969494803
595582924 594425248
135082297 930963297
868975136 261875617
30993100 269213284
239153241 678863625
917500482 99337811
80876862 208404321
892141292 25021756
844721506 875136315
715953519 731607654
142989511 498718151
537636192 826435485
61298041 736057565
260061950 22353011
208526560 249408517
187847118 438968128
592602236 467471209
636275198 518327238
733172165 826250208
625689645 124392593
796731156 892987555
744891544 428120123
707612482 265646454
927885898 588168671
318510175 75090882
716034652 788880694
36037409 324762399
995757820 139803296
442130600 718556409
531091920 666139618
305031848 232353218
862426885 271772382
523258467 95761539
592563457 760311141
86234141 360383918
558135702 66472473
753322351 828062614
869998852 501279414
800616276 521683645
50007897 831551136
23527385 787732108
163623167 874859548
21605109 950495851
814635162 822089051
189047925 536953262
486785575 295797941
893353062 773258105
621585250 870905442
492409693 732198180
399225219 623218994
47133091 450823958
689643152 409648987
978554562 710400017
937288044 443295462
715765826 225304357
49071589 45807125
527713988 145403512
244902627 983281160
261155548 810859372
157549163 674406760
943793866 85791485
153791749 685595518
758651800 672873023
607530183 714623232
515709754 891066442
930448194 771083783
836198871 285808654
918451248 899139514
55603282 456528934
815798526 764043610
428657174 72583303
782754337 268953989
777453807 775215987
221203017 883848151
467772774 276413508
804659281 907297893
334400732 326066308
41174963 786250009
799231192 331767917
639193670 936952524
731448719 807210215
290734869 854431754
54005517 60620940
388234529 797236287
321374617 803348445
406179732 963706775
519317743 905965868
646814277 526890145
546308627 283655629
746465306 148402158
901997313 260826481
39957847 705798941
106351241 208754867
865696377 14605761
898489479 172628320
796192520 37583392
571488515 504547301
727100187 760091505
729588325 988539506
659242079 408557821
964404495 884361222
632480722 768925633
45740788 209824745
281134002 631494424
204021522 323021892
503037205 267981170
660913733 585487739
706138725 701535348
379973023 191441599
885031851 678963452
579914161 105528881
195777902 338490049
963931698 589726096
773565973 287034763
706841885 471195659
117056237 253162600
672706349 164875887
873918327 553445675
196798985 664009298
192259530 78096252
147585935 939034005
176861260 131920066
993874411 481503072
252079220 175400538
224934847 84739347
191668806 30476509
616822255 146087438
928210450 217394309
466421281 14121581
162550935 548879759
690778952 435172588
457529832 902010727
336488767 139989292
959077261 19870784
338336866 558879792
459260913 768662061
320808948 534883125
270659047 773725693
786643723 806676208
234333887 656172000
746343579 446457609
680377417 392084471
793251661 725110015
668953087 142292358
126847674 489168266
743884737 399575223
104302841 813760107
35156465 605006720
935994732 150310814
407684891 475393004
44630147 52931862
107554580 538740384
686076108 135092826
618713115 783865494
174078147 110608553
827279894 264254732
766641821 510284793
834362218 196010878
178929821 95609451
389897370 95248998
75320483 893748678
317372863 243327924
638485285 114501668
795348759 859331835
180634044 303575082
25427136 468896951
615871555 715172381
479669100 446640378
676861559 668936070
79153549 471714700
384021611 89248071
742027060 314785223
45431348 190429693
558359949 626198204
354928758 234447679
850254078 770398879
235655147 122306767
96430691 442510710
45942136 76552867
510328736 337248091
301429327 352436316
862957711 106755104
315924748 440634250
90261565 546134151
341307017 856643561
884138288 211045705
657218514 420071759
324267611 201016392
844033409 548229390
768774450 131256831
585559429 326806300
541036806 419380028
21332219 495031730
475645763 351753971
22228037 210124094
51802907 877029403
179638444 688899559
540678863 551958270
982534362 572602734
519794740 431975396
336418116 57428953
234344143 132631720
875453464 334549043
340554461 337765206
961461647 785003713
182445184 861970386
765127688 252062746
57542488 505865360
484908220 467699785
498274094 685169759
462765988 144048312
504639036 324247230
593344385 847578913
998770729 349490163
225581444 183633614
795429529 572534006
905267673 392263206
210920588 685000774
549672597 699509399
820746926 947930935
228299659 552204043
503827495 494273659
698068896 787849616
277728517 460747707
320660471 698896705
858661863 397533210
247538689 628399172
527039071 609606191
149740381 757186782
436080374 277993968
182821596 16115241
515768119 397102305
863286711 308198215
785291402 216447123
538945034 662252380
474252059 427800294
582414089 938630780
540732416 902957045
127614247 761672447
546590056 729996984
296303171 661461705
156751835 164004354
724791502 82878062
996558343 91970459
664631404 157947515
962137086 733481267
270591994 187545172
276343273 502025414
69767062 443423149
93091895 444626361
729123332 559494049
811437656 691301455
984139191 705034554
919539969 582456949
65874250 116455272
621139317 328517044
68867295 699491798
252879034 318464883
484811080 843313175
664136730 936892571
492855667 553938667
453915773 228303684
989095157 535858303
34434573 592068383
108461827 334388376
243905965 717489468
587176655 899788483
920205047 530195169
50081668 388798135
670975201 960828672
407111433 814198280
915762275 255943774
824233492 530761609
122842591 290389271
697963206 61844682
493874591 404421898
441413658 535720613
422111595 566730233
575645140 31552180
124838944 157770005
671121 508473851
580315674 231129281
282480879 719197828
431016595 796954947
919949711 759193742
693449368 8941450
520324997 292317601
998000138 28335316
516385860 717645923
220422401 597762107
970005490 367185888
835252203 452333026
629882965 74172192
801278505 723326672
75916162 394137979
119558101 778270264
598780883 976066177
862584832 874195182
567497421 999430699
346064015 212970314
893496801 794194971
628707869 793503696
907715552 859725504
898167103 544588704
535522583 287043660
764810512 142587736
29301060 536529032
588756648 977231263
465264580 287735697
886352627 938431576
901393168 594326071
220944055 595193042
245286773 130896698
346415664 344095819
794963840 412730308
219243601 432582863
494358643 153729952
326348580 586951278
779835213 464483082
282548907 766620491
426000882 160386811
227965293 470106841
148393125 172709404
127271372 842831798
119298010 561265769
174760291 289996607
427916447 918876114
182685400 708708354
618466231 225934486
364068896 814974385
182045227 37306242
403977740 440360477
510360741 876996273
768247851 576597620
570817523 272532648
375801023 892809884
974408538 501699515
526990929 379778987
658723707 420990668
950056900 320421939
894068332 525391012
68707825 357191321
50799637 244608271
958236570 88751487
833260013 100742368
616336507 41645990
139880713 638032493
844553964 792768274
180277896 85807914
4991215 335998045
851004837 266345154
392483238 786881606
565370884 722209435
313639312 635014206
789422334 892147366
227209773 45398911
764140502 138750734
282959975 699366130
903946718 259349343
594817919 512833281
296533912 978340667
75804064 823896219
166998130 760649066
220413181 41929026
988364642 198439162
218553065 460491640
817891493 552300754
987527095 776645864
826587338 496062597
54912448 615788901
561649058 824040313
885059082 787427549
303038855 355225115
169975189 136303146
705316459 138178854
678061847 671924917
315371037 456396664
68809377 415831201
435416592 554148178
146175447 987635391
890201014 111649151
180126849 969399819
21171261 653895508
115380739 176668695
997302226 166625496
964357691 674687510
245204008 263156402
9036841 337658594
715958988 834518617
242905126 582306959
792598907 854487825
629424354 428259536
706036646 912825624
429881738 928492941
784604704 615894255
45347721 771373669
431914070 311099738
964631674 283112860
879749572 412476390
900791381 344595407
231979420 995215497
732982548 338745773
792165619 450767438
489932837 3500059
256053169 827287190
447460410 918951971
282396855 832776292
554035104 407148011
114698834 332711017
944166653 392704706
270357946 851555069
31540088 962670507
21244950 760297172
625689158 197705084
809057321 703883359
849013403 249126968
917032519 52162355
358109566 338175083
16336362 68844148
799419661 206763640
334177486 125348206
614535957 774900150
888469143 74605273
447261133 655267430
887610623 36126348
889559033 505357714
92873221 670961862
345134750 737477944
6618260 771783229
255923421 206134545
448145499 570831865
407275120 103434186
782196526 901276478
137706216 655385062
760235075 499367837
435154523 487423929
362553165 438750739
168220699 599997332
284823605 716974946
560803915 81696450
910806955 233239217
828239557 100877000
959898740 117714930
590291788 555034304
707384819 388377280
259618937 865170895
692795555 923885399
203800491 11046384
497624942 616787652
790988184 345456237
348881934 207560971
73754453 539159251
176404014 989705752
73235049 80880778
41379180 478615820
339786453 850111418
678880404 121117346
290108474 959600695
166005791 328025238
382596300 524534517
945910842 180976551
686088249 521739871
351244093 784447111
898777578 207163422
247383401 230882674
193575727 549618997
65654088 266858507
942625937 576614493
478293770 652173129
422584190 292874379
796554609 791484774
821544296 731769534
665390610 237563903
683811793 901310965
900914961 780092814
552256829 550862676
900614778 874499030
541342226 420237081
457751233 152774122
222409854 953475304
459151763 239759011
25756310 575937825
476793113 428750898
745625362 993491838
269295193 768046901
857487736 291416580
268624073 615432763
907621821 786784149
786191172 109722387
338124903 82424504
843722003 236801799
124348215 257063950
641812942 541239031
451293059 829736100
497090110 588326441
500028184 503430246
356170526 38059326
770401151 828676720
311260240 5252809
563339724 335614527
461056904 724757870
504391086 322092798
956655168 239326377
385817680 146029989
251426525 658081168
741467774 486143106
779079202 143127746
403143742 920849445
706664400 93237893
222833703 320617951
558489946 616319796
444949867 650757904
711722102 917580700
168140696 875633726
580245863 976107704
141944403 6341277
453728115 983549305
173486700 238126875
641886441 181878066
201737313 557837028
358879494 226656088
245529269 746980684
107056172 222420762
628250310 859636832
784808157 82776601
903251515 422898041
292455526 616604433
811489328 340906961
233767914 516740570
426938192 987422979
134256630 760583042
731774599 60905419
539985948 614614768
212082333 959267504
520897144 82213271
697079225 521747243
690166321 765717916
608120828 390691594
340841575 370842879
642924880 527754372
308958169 329611601
331462991 106808389
182465199 510989561
639806533 467212593
599074510 511559876
470425413 666952951
742472985 546131591
614899986 83127918
355682157 881979218
270365164 384731985
906263500 10541314
330765409 984890320
615249651 593390655
23892514 461721034
609867763 295422833
934024537 636724162
605221623 168252657
165509701 988941562
790920448 961464103
350173076 666063144
920627354 314678607
547870510 594608970
451596815 680910435
305325312 381171667
807402255 890341363
644958809 614718931
416121753 312488701
170496544 500227233
188946353 75084621
769986056 915745622
227773542 324097925
979779743 616217180
819946138 114338665
838599144 297834590
422440450 323728899
533650635 954409416
259791778 212750613
67319646 971636446
136492884 923285603
421270708 613972332
302883381 162094569
275335704 920223143
301805695 531431115
307212851 952821798
837617555 973278746
128620886 833100568
921737739 527627431
984692825 937855163
755798764 140286091
997206886 809247746
929292083 544453610
39896966 797367899
619973642 234061530
319747651 309859148
101873345 13412123
276457640 583327922
282914116 652803210
738915286 877998493
471514380 454504389
824287652 574262749
6651579 550020248
425954451 197454699
375852752 975590330
552802214 332209825
722256659 886746077
67904527 13307366
884630012 987916305
600988137 267782473
542391994 26086067
148480321 825104734
849991714 132324762
193272844 161822167
217098846 820617473
291747849 282351969
148942647 549432783
869304504 147099092
969986332 961514624
927849377 615942695
457707196 306770960
752973065 936451543
126035307 614972498
869946520 339291722
377303811 800288783
352888143 489787341
851555676 979566426
768001572 28203346
508332282 711228716
786923635 468137756
70402636 988984910
488110604 206372289
794391487 366574011
870780522 994641735
751020570 482541872
739681644 701266312
460525929 114811593
748643248 265386747
115566398 338689458
910177501 992769691
723965001 705663596
242030582 10737165
871513032 549368548
986804395 801854310
47409266 569210755
839891063 70144608
68196101 63672341
772746563 311388447
273252934 183636081
152345981 224049029
650970117 774174416
721002889 985202235
299008786 961733377
17518015 813131995
210643165 740388817
13482158 969791023
493288810 647699547
814824034 868676758
940654698 901032543
382787339 446826406
201314646 324356459
764790746 537007301
678103261 621262153
942395768 625133404
571888263 297362498
538782545 941921655
47781256 368531159
599239196 837197244
120111828 181018258
956955702 934705076
439947883 992116712
329119844 756396065
574086426 936222927
897421203 615142103
903170301 981071346
494353528 898111368
812988299 708423022
378570598 906775797
461696389 597665641
894486221 357446997
898676909 692229622
956364965 958424715
679545253 948069533
844665677 510030471
981116939 313135978
132434653 951812771
245264451 697883584
853992900 944619338
7196709 700183629
870562410 816514153
109003803 75623067
442513836 516618902
394255142 552724883
86423175 509479210
221592805 528336160
534035024 354413030
18550967 472945203
369710795 474111270
734881429 227672108
334565713 952122088
30860754 997566010
765589528 763574672
334691101 74378025
889145543 862092386
797675332 501800392
88326396 610255139
831895155 690212822
334881009 115218073
757320142 78927696
434545513 174937679
988772203 962480629
770915874 319081349
893202473 299741617
766626567 90041663
281283093 426963839
627787277 797822134
579270256 589689802
109762061 885358990
720986260 761595288
796006753 311117634
2898476 24339685
159213472 741543012
45240866 647508532
913818328 57711737
389062294 143032297
401813377 16339499
236402768 982622501
560490594 170377829
456408338 203486012
208955871 840126955
420563098 435261243
226285987 90089717
227703392 960986471
784254118 813169591
946409895 226466247
91327562 982938818
947961976 327600293
599056833 924713665
552992621 681016136
729644946 233504056
246169278 721109792
424388207 279210950
118359367 180991060
637099374 622704806
41208585 644595514
311197840 725968453
895503512 31996191
284848356 254366346
639239478 983736994
217778889 376812616
364718291 184778365
473086776 496370117
402972853 581256643
337054008 335007603
10810343 323719388
895584480 923318734
924681213 230456435
885149753 847573792
117059577 605025168
537261955 208285506
916618419 479222850
422754150 719189946
667804285 189948792
366533102 292832179
465350887 988866426
6628568 57227755
96661524 466103074
966486878 91919135
74426078 289381725
43685175 68090639
275736140 883553309
543820121 876693781
593055540 430906291
77799785 172970523
931188251 933240925
602422189 221200943
927743837 898029989
364825761 488597861
376126538 322671786
759847874 568754644
312226843 569015492
933785624 646532828
547677764 680737906
834382513 44410893
570699126 465065498
40435728 525006037
570121904 55743086
704028279 704972575
856539440 396808802
191053896 202512735
591313725 474736591
783008517 512705122
706226511 956751379
447357666 290301281
299009125 16843574
621910953 220616640
720076289 983662806
157814968 888658967
707196750 755190308
773798494 56541317
77269888 86746067
989357977 94353185
263696920 956723943
787552865 486402670
813317756 875498694
397503311 868784770
818651798 386040833
542437186 398151116
21137956 578739039
140733705 385974892
472311964 838811540
169854409 516391199
242631817 106411438
201064004 189826597
695340364 254103179
30009353 944512153
830199428 973104310
424905882 747273762
913749449 50750279
381765832 965502645
244825750 45343917
76461890 915700190
898659837 797387388
425105576 730615256
200324987 565498819
908261966 917406418
994286973 150826735
683249668 280628654
29162809 568758767
310063735 312344414
609459656 146374083
289757147 512051033
474489124 38638044
49158941 18126347
838068118 16726255
529731470 649866715
35100683 146341143
125465760 899508914
523014659 937490767
489454650 590889955
903370540 952545897
850015102 750033582
604657975 3919726
798239708 498808740
730213977 181408092
826806027 326245965
58273442 549740554
590160633 557591421
969856696 757855113
370263292 930446427
113548600 402635908
63071289 730877804
534425043 472039109
150821280 100977320
987791155 469875536
721520316 944242278
554395592 85090195
391609075 704123370
391918973 302613357
295987759 761765582
830016550 892340653
430993099 159755255
122532475 786443575
306818848 729990573
492252908 735609179
663585378 729058379
235143138 166814699
136260218 587184716
574869286 225667865
621094674 410598294
617087035 799881592
996727997 749959853
995505355 678651950
493848848 949082419
519630332 849897121
354677605 817095508
945845963 967132258
73572806 334544415
15833697 3550908
579749568 278004500
104904599 782418176
943065704 526760766
12020656 684639318
81475207 100012586
791110599 111015072
344333259 829541430
70056573 660557889
244139736 823680182
972709869 119911051
160711825 208255895
248954102 540406491
974611357 650629269
258107492 291008426
495977722 662329606
736868279 627420055
110070125 663937887
69905931 700334900
527274328 531928232
611631419 842295
235770127 55793794
949035059 958049490
321753683 593387398
800233390 703405145
802316755 100505036
858934552 204693269
53182950 693467274
845455565 340310540
237848845 416999334
210145895 487166704
515850433 154121752
621744062 514488252
871360839 840678069
668798231 947869233
119846796 439983852
800173567 992326582
586223647 510446635
400511478 886132549
990976619 97852078
273999005 370522984
978620765 711636671
240360757 955860141
309579020 956965894
637029065 113527521
897412284 894097975
800274333 532989541
171258691 253757357
38007168 34080025
772767127 559830170
459042939 559890868
694709085 229749635
976984955 7295035
281525407 453580552
155166026 609685347
367943824 490558885
293771351 219214783
316970794 170114162
819601620 769330964
746843973 633177879
808601638 936240566
909347195 571956044
580251941 889486047
141738383 475578506
147006428 510420591
96979305 926833744
174930056 204811542
522155041 789622918
288389878 10392227
845785766 126468304
997598087 641914272
585061920 911291964
901309495 771128138
480671528 539070625
522323786 241202100
748044637 806986312
890330577 755816901
49936812 357756517
767693488 979520629
503925896 69074365
544280983 623465942
900346279 59928584
653698442 758333555
314200468 398446303
993657228 491268673
17773911 605513832
457277806 98975627
840782 819235536
992071007 452589380
800283019 808874592
441561163 127496582
105933237 361669443
236307336 909312121
516799239 136707693
228453421 653451763
188077492 848284326
538463914 515380419
7938699 455706526
652623734 584837812
85840778 51183349
493796687 645532697
818930868 438574315
937422182 665154615
107025207 656446170
60073950 773057403
46305620 844800004
4513610 31283417
795069738 522724772
85901910 100126361
254808073 100726657
557839899 245973533
439279545 564004678
126781142 879929657
896224706 929817609
682009061 803517082
747734593 408508133
322193996 94471786
120082605 839286955
562161243 144425874
549907404 107149614
339215719 361131629
425220852 857814895
902613616 462829732
809931846 78182993
487152022 960131399
266296967 267749808
564011370 373108915
97145261 961385505
17783791 456475350
131844576 911978270
544627795 682020395
136418570 310084594
586424136 380597719
922247421 607875970
43047568 555743264
953587737 352726694
35845113 55938742
557865997 967160263
821036348 990108139
13510028 254451547
69989034 328712872
772750488 637366186
285187180 236249748
646058791 926032314
28836942 343595236
330319764 117553735
17929454 155395453
765964423 967368710
707143022 571245167
604606832 392648704
818898723 326223380
894377494 756161175
641387813 892979318
830469822 818544578
392163166 478219321
40640933 957038633
586931495 547350311
235238415 667760975
266400259 958286468
1419000 173208126
33189698 248759929
462970429 611792556
466321178 184664506
816644138 197308770
518222566 450456405
606779167 259169877
742799269 342742362
150855343 73320952
987446866 131281013
614763621 697453359
626136354 460890237
659630940 356710656
211385665 162628683
891837775 4966685
476960564 261267692
915639324 607155617
202441703 356133215
658609664 980662329
518035476 94719692
472251849 450821451
912967042 568108484
649617601 941680969
578335744 19455350
506500995 640605279
651340186 806674699
423171223 166521133
39376358 33461554
738521729 411952275
587398632 390307901
605113690 620212940
742615161 553391390
346176531 51179969
171462521 435529158
782205536 827821770
917942351 299942622
488545822 6779306
502270892 618794264
438652757 137271678
789856165 336876711
522552063 678156293
654217603 786445240
528610529 188253126
693905180 655766956
111199703 262840716
280526237 971996543
357804758 398239128
887485929 398939494
976117450 456272913
469564368 848828942
738588860 53665210
469809204 248562700
446047187 860873885
226015421 585431207
152909142 560809265
444780486 829392446
461986064 50582223
98006766 307204214
172912917 741977339
119716778 609011874
6439767 290312468
506242132 630994749
514553324 759937088
487737010 11692503
17309387 84807875
207914339 266916652
883889492 979619855
16246488 801209728
64040674 839922996
487362381 648099674
777223739 628754816
943181726 904103119
453787266 443159798
62901432 727019533
370684612 893725458
594700129 493580217
592584281 291787311
305251995 116251008
329854890 450602072
418957861 342771898
481681225 215284931
932894280 163870522
478868761 204135217
51887525 289627186
662725260 990728162
123122283 52504239
762440982 866288973
149443689 747374728
546708187 736670915
597622334 182064854
44677405 347806642
824252534 981437401
838203214 82808527
532647040 589002422
411311392 632577133
535132762 350514074
116487775 833915213
551797538 287185504
769310549 270170048
336680470 831559425
883087749 795281774
544923855 482511353
366293732 331150293
537100723 488651457
663019445 370761127
963130023 760624937
295116651 803692729
729813752 172875408
793643226 468773186
398214905 662374531
148248391 868354316
914300491 885675959
235859671 846426187
462316241 477070220
318167042 453821720
849142468 429118291
969326687 331595484
429986274 670583862
322518186 788460229
325596792 619295407
595930123 402811392
792166971 246119817
525673753 448939930
562446748 322400419
273531459 871692065
884354893 602862921
36797209 815872076
26099811 218879437
688185498 303446232
423672638 891240930
919376577 362563654
325143410 55664683
414240646 854788885
316425805 132361336
57092058 357602253
437553003 509916562
627315446 615874293
377602300 842116800
160862650 390008640
964987796 698740982
956129844 757470638
105394337 761605324
395061183 666392236
635371582 212301121
891879690 783395313
809378676 969536839
242830474 631219698
735603081 407694457
613170855 563923156
405388660 420799259
352717029 654127341
380354612 331837503
222619983 842396169
834934475 125106184
567622646 46733613
853746558 404960594
991771745 480626040
72290286 315324821
816887481 472288316
938306876 701669177
35203405 948488147
238961319 562260826
79338832 435547391
727778530 945152274
75048896 184637220
191854283 574636752
452167153 87201807
586736171 459271807
256517520 349922611
924203752 667021613
925674671 214106782
346298030 761818835
322300045 996162709
808512059 235573294
745182141 583600178
826716157 994368364
876232171 528826175
209341558 680475207
205239410 324378294
946685825 922566714
235326660 854550367
391492018 461974142
725162685 629468748
36362207 438195003
73281764 539835925
213119831 246206057
458269960 520156908
716071131 815280492
692731854 334226732
924255925 992682167
230050441 923636073
451095389 736388036
70939267 958790824
942292372 99025653
366207383 413990008
797554037 497395379
786583402 637065867
772627149 131585558
69436233 147932385
959223641 297250945
928063630 844592402
85728683 513509205
636286238 299014348
729759166 215250229
321532270 406090433
175411745 581175563
741388260 19839199
906780994 723949628
899356525 979748415
638140607 4578985
480668953 205392373
594371723 807863940
344552894 976578691
923871460 648013157
887362665 506710239
213551403 446010278
880768673 362255895
21658924 964059494
881267981 797035586
301629894 454213802
237877602 355348362
190701892 405724139
476706588 902383692
726885459 577880829
844925539 9330824
826353966 123979976
531191306 314935992
713857396 919387898
562403307 957867401
894736382 292348749
137105404 372489419
752434038 949797260
750512676 909223145
565165360 574230335
850978584 36771768
980164674 559462309
476954561 387736634
299215378 103696598
340162750 64840452
289787047 755355560
915664812 846820994
477252939 220321511
498518877 40568546
372189659 535462403
331389574 277607382
529119697 673098115
534941114 374309287
483490714 123128816
458902201 413650424
257477276 391195440
595190156 398224502
612039339 626866179
492798915 986475463
224591938 918766225
220859675 751317470
720080714 796194314
470378186 295005976
944412719 152588279
447489063 239162840
869617164 886168641
11399376 164409043
491650132 548439980
743685272 812838081
995820896 536776253
157959465 747845253
564146322 778549384
954554334 463178591
619606680 248672322
764618121 589177506
564889151 764852244
883547026 334354859
605280562 250979207
422446003 522656232
847126215 443321664
881740463 379094100
613358459 108105958
195086492 551198783
878685071 894571102
867549072 907484409
480402203 110444626
228205069 511706781
699019720 644317801
291307016 141316703
25958776 810257789
231754727 160665422
801746134 971171862
453480215 709238774
190990383 566194589
908878588 378356066
595109143 119499913
546380457 12572698
381490552 196917370
978637754 463639433
62018067 506289083
589647738 31303313
330038653 911025636
468877324 49343036
622673547 820401315
339615111 857758019
70309035 683927391
485518335 385364634
568184258 675046629
560683592 330545236
180214327 485075345
725438556 495134434
798774536 400699495
700586638 496242934
437513491 623419975
532852105 785251365
394141003 609903124
315786621 641394424
551864870 635535015
865252863 113896461
86991767 183139850
954915262 429321761
215813886 253472553
17931144 819217124
385024011 891635029
48661081 141954006
122406763 800572769
283210837 903744911
451426046 782085322
45850859 249944324
61994174 957334828
523472973 721337042
227464089 317024256
953896153 100835421
535191163 118269926
488279626 603248796
429866186 785768628
494999092 211591535
634491150 599066893
783996561 105570465
234095893 626061640
817216414 687633955
560368621 791683093
412800667 368032890
919512088 618478446
713537910 112213804
794745633 212121684
391758693 149573253
895817403 642738946
438140437 131121905
655885286 93409947
521948872 356705198
338867338 757715605
97348218 228547654
824745147 856836532
310095376 441323810
813936022 972972556
418781070 743077441
115972023 207868726
910202709 628677336
386108788 412416864
408504257 243507930
582120891 57855080
770732975 978594200
587566614 680078442
244244024 396805553
768911995 286990352
526112908 145394718
852445396 857703925
199825216 88354219
608075355 771075679
335217284 910995969
640954276 567857417
197364978 348403612
750036742 557266489
215482823 496259371
304088439 316074937
964221899 595089759
459044371 682121489
395203752 496821233
338785186 970212270
211600699 841151834
730094467 379847094
123909829 402212111
201691090 351050800
147870970 16360629
874713103 743925902
457297740 890098361
450611584 841794164
595867228 680855292
70328616 521425491
832402870 563354578
855922128 199423326
547814691 16211661
150316165 665240003
55893604 694011722
478954223 569887787
584122104 551671640
41622795 850104569
50044896 757837344
701585276 347264749
257760337 774718606
412570087 901890867
451632866 221244480
375347380 730020675
706402343 705371324
470377027 493517225
235968771 616151156
312127195 326944248
750745336 954578877
125104617 458458761
279288021 674183519
905606204 473506895
22581396 638361351
782385188 657173691
983272330 818534932
34975676 181636995
555813518 231854734
555507852 840597106
544566953 75741984
249658897 297631029
117686894 428368356
762373944 639719819
3547408 634630568
148467608 691095944
29526951 305641275
249770183 885480822
471221577 879167805
101331358 613940149
167854742 248181248
508638917 650405649
912339315 584949131
68992361 845672745
638331191 874660764
852196390 604363927
270406622 397238713
918674718 722309038
300588253 353451232
891014995 274642713
4733918 695431320
850380517 922970094
761526211 304754194
167002437 695052331
721927797 223459726
6889871 283735952
406682404 308708211
153579219 300523569
105473104 143882673
62510871 510368801
287199989 948071735
33088348 537451057
806840022 715201695
719130073 961969925
165506526 15718452
758536758 900501495
382623150 700763902
767791066 796539935
691905245 24727541
284276379 22876662
843689894 753173330
733989141 268044205
727804053 924249081
139316204 911773720
490370254 202303480
874386778 341231307
715742407 799142037
430967265 386525791
384132569 207344756
294998519 896395552
219878869 436619188
573412418 390922554
461253282 389227185
394296532 666648738
515059959 513651284
582681825 122271916
992290907 816117702
179909749 50804060
346292927 273104341
500052580 629414172
266517220 917773224
819277918 491631002
552093509 432448063
263092456 251890145
236070632 851761682
382978353 668249694
76246869 176837916
321943242 907794755
494991407 958488993
932087946 698012385
464231948 709053915
302114151 877451157
566931303 569650166
308985473 405934106
905461577 196505626
607213863 142659502
976343209 745223241
912634868 130363206
574779382 420616927
777795269 977448336
580701713 432855968
608827822 275159542
982079081 317218677
329463152 451002484
409894039 703360549
478758487 190644299
200580971 454387982
402915564 425145936
918101046 737074352
231147933 530322855
13882519 176630019
585728340 144226238
710729243 858365131
431684620 640976725
906578085 944332085
972415619 639706378
649203050 508469293
657186062 808653195
734683831 487457703
478140629 8472987
564048270 863893498
62305498 95310203
681210682 999433747
298223431 590790104
363747763 572696752
640752443 562045364
611594018 219750627
286267476 382898796
420555565 590989816
548225563 320812458
438538194 291186676
346716325 816789588
645386381 678936807
948330481 33773428
254418102 192160754
71710331 497947589
963726276 379070881
871182508 925868833
819826738 115811760
86810728 662175675
57761419 600996372
96671794 711504510
494457067 718706203
911741211 7161598
218199181 862636073
323242886 83139555
754044463 895654964
466717117 942180251
771738961 95233383
38397004 185358369
589451003 699097506
548991736 330137781
540780709 962382226
472655952 679835057
990621573 154799815
893919567 939490753
950758922 913639172
308317679 964804206
811126654 605357865
9113657 976786646
879965883 500172100
328912103 732945416
64733390 664383535
550218774 548866848
636796479 469864515
36853351 914345178
162237165 249798516
29575262 388676459
29409787 611401161
350334270 372781148
941961092 747861763
3532771 764263307
172207353 168633238
825307017 520032746
190925832 252960095
477301808 788374204
510370592 421634917
544851289 358457634
786535396 874365082
666128359 64341201
807617827 206705501
738916454 534747844
945157252 699474374
468294582 767255563
