394731347 840065968
595226172 448613358
323551884 93942340
40062832 742573090
584390262 500535720
834387454 270176557
668947437 391513459
949623964 46478867
309722952 582414602
207232519 134540343
524545871 387003117
172767815 73504037
663856099 582513725
336222076 953414946
406298606 323954951
584360161 508835276
982093540 29706419
941640045 690764478
39275933 553969473
152374617 821962211
624909231 93474394
471037782 698561942
177129728 367827057
120047867 425219469
626490212 985522711
679028703 343142698
949270865 651923004
616327029 595766335
93141383 101857952
570903534 978108111
764220352 693969136
831512185 366600351
297252304 109942975
218239312 297134469
257345847 155977942
414809848 766696173
363607089 323793910
61201717 521333668
136043145 518994
107118420 781228914
311508540 435584646
983602040 838010136
140756520 171747797
915092889 913069233
484366402 114372343
514093988 941793990
566821504 421761393
23129669 209580957
273049252 945941408
229997588 450897657
356486636 299043360
693404178 759895329
881960808 236454735
68133691 428488980
185643959 677350143
364070915 989918528
871454190 979985773
722776926 568895513
519232083 501190222
925947239 127915435
540081186 638558872
447835095 87942363
865700763 77655621
230710463 929670294
103372477 646153899
574209997 839394147
293021119 175033440
165629767 307222735
56727987 714622050
371369908 809145918
339375993 961938186
82650043 513290929
974218884 351759501
121676915 502286705
923441177 404420276
960379811 931281152
129644796 56759969
924125965 820724334
433281332 675647625
259383842 371439637
357332205 87871692
620557856 888127036
237480446 439281721
300926308 461523216
274594157 60195503
661090855 4381585
464026537 518301108
401553848 576846467
215469359 661211365
77370817 754017531
778648580 582343895
241366841 765004937
2013865 967158220
145966346 982826815
497124088 758067806
642807300 934882381
480316023 855048373
424279683 773900803
152227431 608274010
581405343 816638206
754924392 458831611
831849004 625889743
298117383 690356511
635722275 908499323
911391037 535652364
561326336 100334426
16883339 261116049
408256373 81433218
473054633 402079119
387528227 339885039
849146026 800467788
565328946 18755979
911946007 92965955
985777161 916769333
823390172 740414077
674603581 401560628
69064817 153481721
485947874 208990717
304070186 137358955
868886377 912027650
583782914 63999222
775131014 681522767
365308017 194774303
159355570 608141401
247348424 877395001
972514370 391561435
143555760 570521220
801025889 278866647
32429238 496687855
231771895 648211921
166767456 970004204
583978468 876590510
468565908 347682076
256759757 168159162
305508178 429572689
494575187 61016957
941513733 998532641
867435107 960379387
834680849 226528533
274210216 164944503
76488753 63565683
924324578 750708254
88019243 610278623
716033758 46317680
154913988 166189556
489572591 909520765
157737905 876708290
418459501 221498533
16449701 7952130
330872425 650183973
512453420 749365827
577692160 403698949
564363044 920301347
634336712 310546675
952607453 88080836
62590840 378368444
966321094 229512910
236831349 957141829
837669037 74466696
704902486 779562368
406749708 887879682
988212322 729550700
753150437 255303801
554179090 933974340
19861712 76727431
936613029 946720810
803149166 597533601
717507993 595343767
613986789 173028464
78130651 927888390
61259158 360488011
585533582 838665722
211204686 587855860
397274447 442925855
815502715 478586595
521795293 184803537
209974645 322567283
905187867 459695074
932186148 527443211
487664237 430408797
66922364 409111133
836970109 683944170
48725600 133713341
325019640 911744868
824503612 984725687
898374853 309414790
64308709 784575913
670405794 436453322
407587728 939665410
739176664 891031266
586165871 520575658
551118384 359597146
312438068 937196913
32688307 455666633
259462706 643933709
877719452 699901303
672342298 434262454
872403251 275947891
160808539 516632373
82542783 859243592
80547484 922550985
642215846 66158145
906715525 852351236
592839965 180747120
630119747 75687954
119769615 609907272
651399423 515491761
373121816 531430012
437465238 708155738
803790157 315857589
143344425 107296198
516899069 626248870
603025454 227203790
505185676 235388548
866583131 774798881
87046845 317436099
567313028 481471766
222018069 847540746
364631714 722472368
835151543 668214555
457696795 759868375
598358843 184288389
229533188 564634917
798008614 551275753
690229779 911429223
305570353 348760631
634465806 568758178
486732694 918656325
11440769 189534100
353060391 892065093
805501101 677420675
436921378 229614268
59647863 624985580
866731803 791205333
285559645 152561274
333027482 92818919
399824945 556529888
895235778 491789607
369039864 835743187
348486610 398713547
259853015 210154011
686686848 591149807
151889954 16075841
572884549 206413191
271641311 296252137
278833181 2544053
882358666 852448365
210197363 440022306
370559400 441796744
500910690 62685446
396456381 888308021
664925280 111572864
221545385 512559932
890887318 974816154
672112309 563534596
74136172 890229940
217406132 840835685
647625009 88074838
431379849 698203635
858146121 819274262
21789701 960185333
726876682 32997449
716940123 159034590
698363121 770901799
620161087 968655194
103781900 449363795
12196097 761458442
621107266 802543521
787571403 82349019
206029640 644401949
143056446 848070041
948703134 97228465
981794258 789584096
259442766 459159475
729283351 662919126
738158284 142381769
254518861 270925421
949062367 808608596
234361843 520363975
132843032 460121980
546298563 623442866
130641740 491785929
213070791 766608925
490989963 549041557
357405994 884617096
268820676 762389684
660445803 726560839
456825994 897642991
594483111 341220610
725273154 198147090
169061062 550216661
710388805 878332065
230144986 705584012
257750081 919932550
596228088 221739182
236960386 849220255
966423126 747535561
836344538 44039950
723871081 811775161
98015116 629194973
329943459 685119791
806788389 376113939
533699082 712178549
340552256 891976308
346111741 991040268
132865488 808671039
750689505 980042963
99387988 191310673
30383726 451139674
864570176 838211576
460229775 382713043
594291330 536334051
925002301 152225412
147412476 767838648
482510964 930048804
390145379 623020071
413717500 701187504
413889320 431610149
184137762 483850719
48009058 342849450
819866601 252617852
19151707 11474751
596863517 425686858
326070708 973412780
351384934 386504843
400645409 963317255
190894500 780508455
727014285 36075204
45044341 78506069
417123440 158147154
916815243 841323264
324056165 315913016
990764709 931163231
26860423 303810699
260890672 8737422
714976035 462606311
173160534 677525806
606676846 94449351
95128298 536404946
841749575 171187491
192281138 802470395
290956918 503022092
11513342 948661532
258684877 860012208
329098794 936545228
165143358 366762784
593205978 953414915
274576007 919199863
596329831 998690122
289230662 919588453
303223239 81220652
872903127 476921399
964352698 379990364
605952243 269657202
510166964 80195591
66167711 777911191
435036472 34545636
570632389 632716401
732621001 930129060
303495335 765005061
581936354 717799510
490287672 313877557
438011551 202681805
445796449 162686765
400756816 451924536
685015449 570432980
930864272 311660385
67241441 381784658
217019925 724492439
532142600 679842689
857487026 701435333
634095188 888039816
212566227 534527053
137848105 680397276
467820497 220445653
496152178 760314840
546633879 474840566
652702152 704742230
649670629 680045470
148674458 197334096
354531119 394514541
840583374 664641062
322393508 600188842
341546517 777801255
482924114 705004287
493798416 170338926
160960264 21751087
39469429 749320855
975095120 447900109
507239848 703889071
122653805 641004622
561360915 375654371
283899772 390190712
423426408 272133643
687604509 518575076
678035373 670648002
876185851 738086520
142979139 777940948
585565818 121602857
169249076 809434876
576682270 592494667
923398282 970715216
543945462 609405395
847471763 375695758
129705001 855058739
723777617 886953991
747940582 47831115
880997196 627371499
655718329 531879152
53570260 298465793
713510477 312661501
128827513 934441671
76423061 900882692
584389538 762379753
799758566 696243961
718249563 504147593
850691322 728908165
277699223 718977675
696045857 805147947
88220441 872734932
263768310 159413952
888560551 974355828
208824402 332746900
948927991 351306986
965231912 349043994
521570326 256386333
82433279 100556081
738440160 52255191
827774107 355355153
141919735 391644785
478645345 723244656
698146057 982811722
873704156 174883628
114065891 53335944
363825834 988440867
818289884 380402685
665454963 123705363
587607196 790323700
136051953 922092025
762442127 534290783
211864641 932378977
707310119 939199658
810568504 255249832
550426750 799264277
753772500 901705491
981065933 518813265
669983756 82437926
474666622 754684384
218706848 906529759
308227506 588045956
719842216 907007634
645529017 428870828
329747605 817260442
781769449 502687581
890158712 704631835
239990097 988730114
86237910 348054051
845214759 507294723
894211894 498285813
145609927 20109252
478394006 458714696
933457173 370908231
914319495 684430890
620037744 119117186
492757232 630272254
856177279 264287672
106706780 438317574
179788472 609002076
520713063 26551946
795838629 859239141
809507339 387608328
436333704 103600606
167511251 31355746
587310948 340115840
194831098 198813054
507264767 594256245
373461733 288481222
646844693 798338643
579418509 542519018
468689831 218694575
393858725 349174167
550381783 248515211
925215341 730847461
431099996 179727415
99713627 982077281
464539833 877397931
850048805 835772226
479318902 223571048
827390929 583092935
779658835 404737818
454896636 683832918
729806682 112422404
405666046 634317358
87288394 388108416
88851980 847675940
54874192 806004941
697569756 149578182
707914924 436687652
423889496 596344672
295379567 181210315
338324792 32263106
532933748 129626472
383708968 943309888
841491429 552847812
237769290 774959804
575355346 554800924
227103479 133706113
232316853 97436202
12060797 756442450
38045622 15562079
390776568 969725320
588921065 543387531
684975472 192975898
423722507 693258749
80603968 965990678
386499592 176539315
980346946 215860475
228246499 233362687
936212829 31389638
676259457 679212418
635333605 701102506
993174207 875408221
478785731 185638103
351261669 978718096
957661788 521945169
881068951 990451018
437710496 793949908
909598008 854410801
158180627 523108285
892159950 335648948
190620937 411403036
423128546 373084915
764235695 786165388
784519065 407660558
600197618 504658101
558692627 269419138
717896173 676795902
987305711 604669115
749513598 526978368
491390803 724432629
440768233 73068510
767021908 600797733
695964098 847555491
484283139 143593046
242111291 433407183
507008527 546890488
203022283 615773793
863753296 560985236
763772675 931315575
289756306 920054994
163322481 874307741
74985516 484928193
858253151 48259622
256640831 111496623
831896774 102188973
422266935 572427470
3548090 297697441
436543209 307142391
638774593 280648892
155554808 585499128
181797518 836977920
77272621 82487044
47357833 53438266
324118809 323534621
3891143 122786351
917030424 466947482
805577079 501547238
176092107 357017086
348725864 881828882
184883412 850831977
981719535 126193660
43977427 754521114
197040996 890463974
93285576 27261013
699469779 624038040
639226884 763151211
13010014 48035671
329653612 445218410
215685238 306241458
245076832 296329426
222048775 39920531
808614611 336155948
864456597 184280120
672763785 419085206
894091536 795574224
344579309 871967142
923940825 602335948
230415313 781075092
42397627 728241950
859967561 660569612
602286401 571020872
202336293 355388991
248395903 450723121
325227454 733305964
38114447 746930818
977947281 313347062
351082766 244150332
860094808 13635410
662239864 941380456
115131485 963661219
875949654 954071286
962341886 896413950
155303731 177437710
323021351 976169622
672736499 806936223
164657059 992254792
240843852 728252144
559648786 293358602
409082526 940935400
33820185 518354772
495209824 460890646
499719868 938115431
643287135 796663603
711797763 467396713
646169924 971775662
419156510 271337505
454244944 771020389
898858123 543243640
928137899 656552627
865301160 704264705
299825083 561075953
244556450 349945968
666947305 176928333
698259849 31897054
421789438 146714859
189704247 556192720
923381030 374291701
438799777 978130423
957227311 195684639
431201196 21241834
662719487 425269578
459964612 669509558
523557173 695026180
128139514 557128653
569447955 429358594
274680021 746201707
933961870 95019552
351283566 424102721
54258149 844632304
151358642 86033380
369376061 64942678
775543849 255022979
987491214 733486021
664725033 303635264
162243154 606035916
32610544 858110398
544932106 626820543
189476216 354929830
385686873 297994551
575842056 430087955
228125896 147625477
897248795 707176494
575009717 510714091
820558940 384132823
290642905 354325100
505412355 907419349
305157162 262499158
24187271 278647722
221237900 326996939
452024740 214672877
280439920 303948845
653355474 390272107
410389936 657703290
706346965 248774460
411012900 1872768
691312076 570181321
762147740 401511350
965068833 507028105
916163395 326470434
28839054 19508166
253834483 10240274
911284395 617692691
290552472 630361752
984764292 963777539
391505689 233553153
825917466 690937741
530231941 221274841
54732656 540102351
715333662 784147836
405079545 770499525
686533813 62109140
462181918 901692694
213059294 385128289
551523351 610236516
710601631 36861350
55616817 506177574
342265496 811081159
551362119 124704591
948946716 838890839
106449424 761168398
841131552 800066368
112514918 696207098
638936778 868968580
304533581 185237768
662034408 880075267
113652289 645191650
839215422 535768192
177708786 536901897
859573722 80704121
330216262 522903067
423750809 648117495
626594475 433956051
414174055 768114698
540657626 154993810
908773953 540930587
642098514 174152187
466015473 533394524
875344877 691154479
977636087 709704604
277915980 970481421
357490834 689335798
635777425 558455577
484377039 203148366
165945374 901324119
939148229 228631508
183097842 513527025
691096910 504094175
979231277 715256119
648396626 191514442
640208703 733608393
747500284 415606372
88991809 816901517
149720697 527321373
978504735 764202772
572231065 912700702
3957752 154757175
654491968 670754364
939731037 188734537
370962276 585846029
441710472 8322229
162176243 601591278
788821407 83185357
494980012 27885969
838213927 831531176
536122942 36810144
461710246 854230008
115527318 884712133
819308011 851545969
167207074 404652810
22894052 549712980
665205397 130715300
883891921 386567065
856499190 252568676
559862725 749434427
52385452 917115410
644206064 688448031
672618635 462105529
787827759 45029344
422414040 431216951
1264257 296237850
57398850 948731966
887728766 648523758
529233382 7476615
57073958 988330727
221165982 305460539
304138208 927154291
901026038 138915827
137160620 771050126
691830937 408830217
896581183 517718933
372730422 345398857
584730211 315675166
829830034 521011490
612570560 219903968
542818582 460063501
65701832 209985342
288548166 693856992
581965417 642641575
270115482 612027305
522628641 161539047
343109364 146381372
388161120 137710912
431475435 991563956
364390987 50305756
906033152 233851312
973302134 120344516
628820005 642206060
28249601 507914252
19869734 630199671
437930393 421511683
84110245 953415426
130516798 845004348
382968380 150637810
202483916 602602205
316412174 834827692
546677453 824921845
872547717 347940428
274737557 448532532
208942396 5217691
49023267 510734815
952203192 711398889
231775126 723119779
315955515 815254650
62486254 527289571
120489600 898064363
745761148 83398926
42977948 811511476
898502489 420354661
99156195 610227467
292500910 223352336
735007524 368257699
618021997 820684046
989136378 54549639
211330527 51276388
833410539 203983854
497625997 901395857
996130779 851534319
206089301 924816178
516521099 970377402
660073468 614574824
772070093 547827231
863404552 752702243
228783950 944887314
443160398 224839081
320601361 151851255
492511471 912754030
746131536 723015952
242535227 750614063
346987017 900698448
753161017 363174572
912557246 947703384
916499148 886423216
17788843 667225904
987433722 888934532
787824254 60503169
596563421 14965245
600581988 867822388
241200160 557423991
204382033 41291575
432358052 416111928
264789259 102274912
801920650 792744330
490370079 258953285
256943178 138137945
15588339 946005327
564750426 911469691
106112856 206076314
30641633 508803025
378593999 874236695
978735593 36643460
851123887 720215572
704706948 152099568
321227164 363975878
980668650 541406078
465719714 341027409
439100668 648431588
112223317 141871224
937737666 937561246
922096448 61410593
376094202 54015821
79354637 518199568
701221997 136162646
292809941 53003704
45051903 405670223
272161494 849283288
641905474 694977122
198389705 616418042
71247027 265124416
841765778 249243318
382373651 354844501
318832422 977849151
229038330 928172175
609867968 564946231
703455555 382353179
33322955 623303366
999816397 534906110
128721545 220586925
372147198 700921583
647091819 531404597
978632286 380860572
152994982 731981665
437907437 836032723
363642251 873456186
223128612 426145605
345675009 486230843
536994527 941598761
320403798 768359939
271362842 380053940
692795746 733885389
358466729 288551885
823441576 102720040
731849586 851003076
192254181 875465857
215187927 825147010
370383187 125258742
364972016 667936888
940741412 951558466
575014714 514155846
303120291 218643162
996925903 958394506
376743109 528658933
59431836 416216697
3641360 509602119
529318154 929496921
796930598 184601755
360990050 941423344
635851583 12660638
189871657 124619539
690572589 245099142
901511108 769148351
235075079 176256480
570262472 727319475
497317873 563861797
167327291 261794904
953402979 120926077
266357705 486580065
439033162 667296921
444498457 664083926
760281487 900292554
204628262 984233738
570927105 147856944
267293249 940691396
501859006 32080600
367357745 171455216
582633519 429279574
595376390 11945677
248842272 561286733
401048029 460090405
203449635 437866652
977462679 677763722
620750151 306582239
372022318 304050152
421419828 539622597
262682604 642490757
425423967 839555593
489776940 722945559
949988453 373062752
579657660 715156403
417120620 915088069
786784186 579944131
288424597 163783732
159889145 922170024
612972655 933657599
661970903 751077293
426757035 898755325
669715258 839327042
877155847 266070102
572587806 205844972
679363764 409629912
79754685 759354539
965628931 101269531
711015360 730330149
349192228 447871675
491552753 237219041
258115031 979934694
301040639 95918032
738760990 156102784
539765123 113356940
360737012 395686544
502954448 171177900
285571095 836672704
348407230 415232924
986250501 712392274
401486587 790930364
541186915 591626563
411485350 206539779
758042632 859699710
442791424 109271479
789905663 331712590
786191575 946402743
384335372 846988479
919814250 223437654
843249940 725596524
115197872 696893666
556681374 794868940
336185992 86019054
71546655 59097136
658256466 584765284
145839384 811873108
250523528 223824176
132405987 976039132
467670888 524442103
730639063 830059073
193232872 214104436
852712709 634798948
498744943 202834772
635055155 733719045
863055899 83371805
301663706 959304556
331770107 177513906
166553878 628820106
402617742 573007420
678572899 411314932
710145664 391932289
554851603 780791652
507304112 219284912
784392957 491335831
599357325 611055227
791632771 188604396
928140940 286687913
894712920 317996236
465520511 768740173
820786041 194982509
497013893 510262076
616764451 94091005
186083026 525899688
207255531 569818114
921217381 67540900
721486300 649084128
753391079 846805011
941448663 122896361
338742635 904823650
919768021 160353631
193790658 318894241
822023091 311199151
308478948 65910738
239179368 929930544
776046291 773049212
882172500 964182335
822728020 673085279
279701469 991328301
664157771 54189403
37260768 572221423
253209253 450612326
26135127 79847327
248057198 367145356
756217484 6078198
949376449 772130312
78528547 385030593
419684053 615050951
221015490 623915600
667964733 517237141
856209080 821164452
350339914 883581938
481655086 481850714
616116804 759781322
60773266 7962891
560331636 286125918
637134787 234836175
13467767 463746404
562997285 424459462
178581963 634806249
34908174 896581234
140095633 163227917
594253093 673372002
698376399 216870471
494243822 643837458
185627280 157634881
616728788 633969244
651528218 206220804
384078228 101254570
116050995 543086763
223482872 795873387
607842923 501456752
223699351 778034416
327138397 494598685
923225375 850538693
43545925 634709499
293502220 503158572
667270444 439707913
391000267 952226005
213524059 495697776
726053716 350262776
406286142 933537824
273640709 90511031
903751397 567043006
863410608 513361149
92331700 73129413
106972916 927915083
479415992 428546306
588241513 504789531
88257685 533310246
428393630 807021428
575848964 739585741
255464981 120844621
187203642 49747208
935258928 643048688
153948470 590778992
271446797 461121945
558072094 464994405
644909719 416675297
438817189 273455616
46130768 565265595
985538792 413844522
682489290 513824781
320671202 786061441
653173165 138201326
814744281 763271290
366198293 430478474
124900225 388218331
452827993 420356054
509769289 746518069
393400927 887870010
47261124 908004424
502159967 222768498
229413457 229568536
619306007 521196876
672160301 770950492
171029460 636337049
663065947 831639516
111756684 486849302
168199453 825279860
389938671 29107414
792556161 494579010
210526989 737816130
804853234 994485869
897479351 585427192
923925471 56784696
129549232 613712965
383151257 77908667
178069840 132992533
179468020 7014748
956259989 454145043
317977468 906513904
922582095 58103501
799062383 397681994
444079590 488936459
113326619 145570731
896249267 173956465
307466919 393984715
780010556 134853571
990319405 226398993
273526087 622100366
261369803 711922664
73678043 720068906
946246216 14765728
567789508 318418087
368282857 289133187
753026559 494554844
868857533 121587522
788000747 38405525
347476750 533392813
424067692 324171995
407081956 9585178
839084144 532789058
168891628 917082013
324575691 721600458
563330009 988640817
267791667 926608627
972092609 930001254
70658462 711080623
326705870 864587582
902746310 621327835
162536876 678599838
521664395 551659252
946480777 68675855
730124284 548458176
529981212 634211809
825566751 891759111
730694401 805467136
960063530 306691460
696187534 332565737
846877968 861404023
798608199 508876003
247376325 596558355
782471394 585895026
529544822 492620178
710387352 470531081
636475412 848267629
69244781 628846779
926398096 229930337
140106486 996952754
607474458 689053517
380398904 482374315
761276071 221549328
672652477 776472204
170662975 514076583
699724070 581849529
202646929 659946654
117067917 744768150
527283599 335662500
661345899 862228010
687353919 440276018
119640613 235224157
424578503 912778958
481899063 861921465
588607584 9796599
8501642 559498783
947435317 191362943
199868155 674499413
528835390 634498882
581463108 397906144
783665566 400694778
537556771 818286075
444485884 150477173
193157844 554152785
533645736 522390279
71241686 20649176
417327765 38128679
547589179 254675723
45947441 396407614
888898097 231002010
996688632 471085017
394585197 640825074
968132544 840887462
971340319 397201515
302087636 300085830
837962727 273215342
137949679 194069357
134322462 405278271
525138357 731505960
640619878 987451821
483689002 542219542
795576979 858669486
374034368 570753573
215505950 225851322
415759155 908740878
715790127 386046324
748437713 783695085
217827646 740813634
889133540 14723438
819869510 889703472
318360721 29804137
749713996 165081451
567486064 234699653
205461526 107818353
892260336 270256777
363275142 935337999
276852073 247742509
556104626 767312022
543312309 202748347
450772994 419550359
254688724 150256486
901169477 667507982
540182201 564021165
330434863 158724378
747883893 421681685
219933044 562627086
355880400 377701191
940152432 91848118
21321039 281057513
964065472 334244932
259048166 96094598
592245295 264228729
285020041 283216835
914615086 556787488
968127637 680598153
454509248 650742044
850918368 112269412
954044063 154251961
743518978 129440818
814318495 976112643
962234504 936605895
599948784 362988065
35858501 53314095
917322672 794760959
109071935 862924738
765439176 740963610
820113319 858525377
191844704 157325619
985437029 104507069
587992222 118091720
715081872 982743968
927200185 661536746
917315463 594861367
720261595 476721303
910647134 877661815
620522875 449114111
449738056 916084759
166080243 528015468
775260573 496616658
412276283 286038716
89504453 831569177
643000626 374282483
204477122 724909814
562410059 396224543
829138904 595737615
413791669 265724573
945548810 378683585
474679737 390914181
591619872 441275354
348728898 256483127
666641751 764931066
178033464 869916546
967595899 427586400
831676283 999868879
819198197 585405510
441370962 791802522
179572871 558249443
882173020 119392896
225611268 445376579
700182418 721543159
687136883 894306702
802907700 668204472
199656108 951764195
478422568 287716910
378738812 973468550
912752320 326556407
428239903 991964860
762136922 653539875
898455247 719823288
67378864 756468273
664959239 496864273
139176166 559356818
228213602 443464511
519078461 899235030
660073832 274446600
737311964 352777142
501615821 720777296
583535719 74177950
326257668 965028226
186110242 275568929
583857434 387694702
465443422 393186906
282117372 952569325
461926117 425578712
457767031 886190895
638220865 596856153
398458466 995409654
163512400 420046847
592409714 485827759
51081646 169454856
102069635 429778683
96633931 650144370
802902136 623666018
464539112 669472452
704091560 923701424
640811274 333198039
461549995 371350395
304752023 870995818
130610001 487120104
953649948 157207055
228365887 382418779
75353491 495840427
208055384 641875316
730367321 454272385
425674661 352052120
364747457 329235397
660598846 962852052
589486901 989138400
668206860 901806983
716554774 445110407
656394144 47822595
848979673 601069374
906687643 991891270
847909032 297714285
237140387 914684005
162868604 172631834
663182242 606953861
151344392 985056806
722882646 333627162
215440591 408348043
300027957 827268405
675518563 940118385
311532308 814490361
487979753 975427688
733602785 620651144
769914853 45636615
645823877 32742651
223426864 117825452
896664753 856012340
17977549 811617143
530800313 170891191
442499894 900881977
971595992 475626118
837751421 986513395
702116080 440584973
876860738 450191154
179943909 764595653
592880806 384757762
239295601 444592204
682027996 399063896
854982867 801756767
35481164 507711717
211819123 121442477
342461427 206748846
445943224 478429102
820737872 967154445
974950084 436843556
814542750 469314658
847184222 80625282
680107515 770635
646651207 175345242
347402019 120637953
5168376 99895502
231652345 271273242
19055111 23579418
444840853 639795015
99902182 778632093
312577895 707765451
632830094 177590133
170983157 897771135
467695960 231284202
949126461 1086544
706353806 3952164
909763547 469022559
169933874 332883493
57548218 642578924
190514413 850515808
967082986 440381645
54856898 292879092
717645851 371109236
744289664 675303645
754587175 728637386
558806150 737754914
807411939 357024326
903465529 116660258
530694372 727848181
147377350 671849657
134148667 799913063
325864885 432030982
206194897 255711907
713365230 595511574
421073856 571418223
631172988 919912701
732882582 844224179
101616424 464208123
807055494 671893219
837189589 127627716
602760197 94035142
18773057 795671521
704724480 183297991
378121328 842566054
686074637 785079711
547754797 265461255
351968205 827684034
208178472 746422992
343382712 420609678
762400880 428569721
145045859 639693416
87793421 710153953
16637176 497979562
735962818 310261746
626993284 394787062
170614666 422980740
631105709 363490339
918058598 481331626
160836518 732069893
145458848 794721164
795886201 529628057
355617159 270165565
880084367 259000308
836428981 484040849
989615200 766497887
658272043 17372638
713211715 617322206
877589980 105785831
663757265 383539489
635013191 916393196
28725539 34496755
840270269 642741970
776728902 801719580
350330674 242413209
617867244 637458971
35741688 637742936
843994720 93306298
796121984 961729922
919620671 915568254
390401246 297887087
364643849 678970271
935797270 138636639
197844336 198671528
689185456 187284453
469763827 734063558
746795696 150671299
264699717 14969677
416632917 418167245
955848109 655880459
879595008 244872833
477803382 221379465
262839190 449332865
149141823 171174782
345368818 891503314
589756449 541437480
609499553 377426177
275749830 886656969
429436488 145882980
741351233 611183943
935336986 866854001
613729522 595180825
74760569 627878186
940141101 685203317
585573507 473757030
983314531 775675236
987783487 653423615
845023028 219984819
386775583 867496785
325794620 908696310
448074153 68913997
103148451 332017930
652088923 486683259
247009395 226007326
107853145 282661650
177405597 277104711
663749124 898084171
792444704 862396620
637292620 169913595
915470455 630717934
385658486 466316515
85946386 351725427
611940441 815643597
660244684 197655334
406874692 654099690
7328943 529443637
766392627 288650285
702617534 561103894
700579871 714656928
137925048 457561018
941230424 147025374
643868270 725280677
221411445 920098851
912035767 69784369
87854337 467141367
161956783 29401260
390561265 578899569
190653861 104261383
936730782 671844731
167777732 234055134
658038427 796097864
597353369 88020533
675754420 225695306
396008743 168812392
578093460 669572660
919228818 236506046
433346381 507533327
323521115 646451811
436893590 853651006
963770984 967638517
172565448 941575696
450921985 640054703
68964995 893898805
700322968 213112020
110640171 501974217
729069235 3589378
328787108 251071651
873598460 663384912
690754409 521452156
563962347 215813154
425311917 576988505
911899540 45625512
480805416 590825220
944593317 28735835
869854709 245674472
354969834 865623372
114457670 417420483
700069214 302388005
695303892 616634780
490281217 93999849
888624481 113853843
535032646 921287211
682496117 566612383
601060793 348912357
155980803 251951056
335370428 671176655
604743454 437572659
753488083 127277154
516219698 170090574
205761051 680553585
860772210 470985460
399901772 218354402
9396650 586934021
292134947 730568784
474184149 48510258
99290899 370314269
585599183 292394274
701189719 970654923
492100304 2655377
802588071 132692269
2745770 820916856
980707735 171228056
846736888 974062914
171946471 915993489
430406590 378793107
309057492 992137859
171936096 395312816
472307757 5786534
264113181 104414849
236827524 51678749
604848241 484213184
105592918 665853811
546890245 749279046
885407763 616823677
403181216 548444284
523631665 635726704
79885760 287062313
524754754 731670890
774773305 718103021
620040362 165940983
789602917 171752341
516802717 302669278
121952527 106296519
743232130 210493768
24926244 476112525
728570445 909894222
444988377 398156290
22023477 97872727
239806722 547356051
307693028 822882342
657729226 484456186
962825426 751877114
740906026 913890195
916210732 296045730
116415741 588335678
887089934 499008618
407915197 62735604
966668314 731292738
241429408 633414384
424969315 75936936
909554592 839567885
751240642 703624826
580181681 325107859
246445707 758022813
171840158 973644589
688338923 605371632
684983341 89734589
745680252 393137696
809824752 465521783
965404258 730431645
792050964 825680044
313583575 421325436
158431077 116359844
505462311 813684582
762811306 729482914
168972348 301248062
275446852 784599328
194869592 942428568
607367782 800024113
69721886 655811566
750981886 416325962
400190484 29665646
144861562 173212400
8329544 851540570
572775024 81399223
595358925 929942703
903471757 658259319
559103910 166338814
672335696 185678081
9420707 956356567
383423334 381088799
262673947 783697168
314174254 750249691
678398541 359271964
60331018 134675968
657041141 187603667
70505704 623096856
401154010 458846170
400672757 174671993
640815125 544412638
645395151 12496701
358019308 38199481
733986076 549450078
985350861 784513262
848023220 60528328
15842199 517570941
36431280 295116295
985796751 994591738
192896714 915497046
468146996 330066419
548749310 877050189
29002061 333115009
745817409 77753302
350141820 906064985
175182438 183255873
204048059 260452206
367633191 840278151
989757310 727131426
747842772 478850635
333554637 34577720
706667981 461195879
669453249 586292890
18978217 896818286
919280870 464869191
795283001 688066846
699237540 869966740
225059878 860568567
941886700 786927708
808848201 168293583
72575519 359241916
717146783 750667276
486456150 847501365
367772985 194816715
340000296 853132804
426592430 409899262
330208629 176838933
735312934 454416938
603443864 902303681
153638704 557390762
46833089 66543642
410171787 819792065
913748710 121083931
697742950 365349460
730296647 416871651
622021302 735956178
210459405 286822724
593822201 515601872
358478478 96231264
448178413 994480954
952485597 825017088
386571370 586752007
598302957 297356564
830392902 548782650
100313572 811601535
872207626 963117694
77363182 705808179
664096778 785530397
599676535 385011373
350352547 413164120
211381493 935903869
265152867 190095710
289409293 328646094
303423148 132786970
289551263 677487859
273815563 465716112
400319976 844295222
583240843 280028587
504392372 353429442
106648974 967968058
204984673 187665825
20783933 892067505
603622900 931736111
56238213 162324878
395811620 91555179
353035291 382688308
815738884 664114899
130998112 832898653
287357172 774254235
808268855 799858667
435158082 747157516
234059351 604233562
510966196 916385844
865903928 709896843
515165013 255237908
580189382 754628757
168020979 188366987
851669780 832391476
391608264 338752526
633882265 182500107
851690095 386940419
291861775 892418448
183158711 686868409
210811814 137525527
241726225 902500168
963124144 724651051
294704274 578101320
186046158 691193089
711565179 509926197
529201758 375415210
292904862 874911618
68174084 829924250
36292581 603861190
759685512 628877469
321814847 513182089
390736552 741881252
161961142 647680496
980440510 923765626
945909260 878679404
748462287 55312668
479034545 417575148
291945201 941834329
888584147 909563668
229729528 479504111
846131846 833532608
227023967 75283713
610159259 661432413
312795953 645963877
924912571 514085160
153372119 802558257
91930874 936718634
382842795 385094079
221739541 409995257
239527176 414554213
629240862 451991830
503336913 645469733
345087977 828868151
691438441 2730259
861815163 536331781
770692484 974574008
243428387 229316758
956673419 810380461
183710650 210686982
889290348 994526691
153360259 166652931
943963368 829336282
460466165 381321442
924926303 485187024
965301768 248454316
920755439 270114215
152530109 753850658
871959927 565476194
914470573 754445006
61053250 189422448
919568213 200435039
196827743 202895248
21774885 294505615
883982549 379037076
141460844 329930048
191623993 401628775
643379810 623046593
600924168 456257851
407995823 230726084
387897292 83589135
981699650 23248799
767516494 791098125
272987119 23963830
774404404 341985341
448640083 886017405
179785121 326064222
909577027 824300737
89442071 778556128
541190724 144649840
857613005 109307648
559962028 460952318
503932773 695521955
906547419 540402374
662261476 412988277
624099655 65750210
642013718 921968531
696619874 742151345
538476019 377312714
340440228 849977796
512651723 50349777
711134678 916957744
209339439 657046023
671272200 686767675
233136515 431469963
220789099 411447469
680255600 843019720
227484303 162511950
823976901 376697610
101082719 977338344
1799348 755560660
272206647 159461303
965602341 695351279
33095375 419816679
246323000 239568052
574143563 477734665
32339820 519852112
198201218 250376521
983162085 736533502
447716054 937447944
197886668 410438658
452511680 784145711
707412982 286971489
103246552 550369967
701863182 922780950
924127974 824808063
707744061 997368175
587954822 512763912
392587059 761395010
331390289 229538773
156789 358936830
357836777 270029297
771424830 861529603
56084877 677153950
358147768 930484060
119138339 85472372
653539936 549704744
858296357 407682826
25041988 5626611
768708830 227169059
825629954 215125374
291237966 801040088
939671697 596129946
300884792 160017913
297976085 662607300
805146784 12911672
741526700 22150642
896581806 335432574
577661781 50513982
553089036 699424466
661334205 701975744
902827292 587920803
888966889 402673954
230519299 768083014
892196189 839236987
940869299 647602461
48731775 538500268
305635739 50989871
756466111 505434729
170421727 445815345
487329807 966411610
725968354 159216347
549314257 691169503
407264872 877203828
608693493 230977786
488005529 260891573
947477532 553137901
17744975 132230574
94985667 740556354
793718842 459280128
68402111 426608187
281969589 81609260
113099039 935230501
42081244 495506129
831066845 364635410
445011025 163510099
717116878 621660500
779095377 587728509
695815919 176094761
547051531 980409856
212084076 142308059
726588905 22076183
116784062 211600553
953931415 290364122
741161537 641888896
785941813 830629528
155221854 172191470
675695366 733079334
175465696 7244090
561185932 653138455
453820663 782409218
865874002 442832154
310215005 142119784
164615359 248071381
473447230 50036254
144277185 156309432
298609933 823103752
184156719 850256579
301756249 845942730
966409005 783202831
41731741 739088196
351685050 900539956
978649169 805285123
578554661 158592068
230197619 195105097
501621035 158406865
986286719 616316146
538092912 676597310
164891298 96462811
422669758 972912708
281309137 240187761
850890747 979415877
111458658 640186709
510814914 13567852
822206284 296431497
179152957 383860888
226698234 337278476
582162513 456505916
464731002 903192182
235623987 620133336
448121294 252933200
466510656 574732192
823031098 210214597
940787267 356159037
773727311 139838456
849342784 372068957
225907426 529408034
147977764 839818936
943739665 898043165
399487909 861978725
491076451 997986548
792120667 804539742
570397321 757970882
404877316 270711104
247339213 798071301
719168312 635057590
689703834 494364918
691485248 776197998
661802186 848274008
118075036 428104337
90438668 502445047
32774563 992459719
697140888 723281119
619962964 714124083
917485093 556851281
210564852 819853156
759012487 457500742
619255071 85482047
755340024 888594853
947644964 779287760
800270460 987750549
37887911 122637688
432603763 945616069
356788663 626209531
165255166 437016655
350693056 977344460
317235107 244843352
704283995 437996308
320980521 131525981
278134836 542081139
343881955 316898063
61760948 95589648
525185941 298360063
211227544 946422472
642947572 36649043
269829036 148236784
156121896 988941980
357231953 488662843
574332615 870435588
629878584 313667070
497402760 134886519
43548783 337135997
44495623 17881889
834701392 322606265
55013501 554916229
620312982 771226569
300838443 350330472
192477684 910041242
681399292 565260418
760063815 774376095
974094288 56830522
937808922 926452466
495969224 999527496
361300471 77613438
688216314 95260317
763916299 460794180
756035233 579144167
42281707 863763580
908815189 950882849
454110175 540819872
192259790 882982568
904957954 39952343
982539794 95775868
481583370 387314301
157364470 329198217
390419806 319428427
665104220 369448079
967302461 197210034
568220448 456428498
123257877 968793584
870248329 153855076
245546599 245380272
967685309 312730021
801566771 529450989
306602762 189705494
621416167 910937223
604952001 350603980
495328131 689081122
63141798 404569540
156627905 225505457
522364379 556188829
637919346 956328790
659941491 486077230
90910530 428306018
962928156 500403081
726016975 461961935
213243832 338321702
358663528 951901706
2188160 176663247
586388040 480187388
680404819 627024324
577810021 546627128
165656976 560586171
594851595 276998545
65867391 547665425
773330303 663140772
492898514 799345048
991043456 287702738
510327909 874774575
294769642 867494137
524618968 936909344
190770880 77200857
459171220 71605860
86947718 193695790
879031428 405190889
994083759 16700013
175784848 378430483
592961832 275805275
550392962 733034517
660106719 290156207
381502530 593226571
25662233 555870683
486109232 168646877
822460961 308782648
263810474 917187982
198445121 982477832
93787931 519018752
53569700 935107899
383063706 498857010
561559074 980358996
566183304 10207576
590850037 329575151
34266779 323825127
292849190 571907396
27870584 366382481
817604073 252673939
199930948 721865227
802500906 48475558
300850456 688679871
512112579 5669914
575714993 690495257
109374267 879477817
546001705 347156433
131933932 832617627
706502604 736239642
119230088 75441884
973542131 642443683
416282732 563725637
889717964 976687149
241372248 313080805
620848760 971924882
749936424 726387381
212960141 496878520
538642504 110863514
281309052 910347435
729837331 486758850
465158030 1057762
285053169 744245176
586609122 193776565
96213222 526979892
500382841 985549164
753996566 156210689
221507956 754347833
10280354 689757987
504345432 987222369
692559527 704348349
676331808 209769319
697258756 163963065
733852185 357145554
904112249 555345047
468113308 473018484
251496583 5643872
306360173 747782047
702690115 794564895
896929257 871593862
456472359 187400339
758568545 881271218
899366991 13898102
968322363 566599886
868380320 390780810
62335556 102755044
456961185 849072173
649597181 578545541
293232317 233028539
951196362 89076851
720334990 959972849
704729451 811705780
251023185 115628235
99102814 356509956
680741913 561254831
875810988 865053623
982572573 141740310
751469680 58986379
193762018 714007601
159957922 296519926
955911544 305331800
446600323 393371759
296701114 600163401
930662602 443654413
119792681 692235274
139690271 182399191
128128097 39798040
538455154 151938207
418773068 667341295
73525271 515702862
736424803 201392278
957195012 263283781
736429209 86510311
431826634 681337218
728727016 162172350
868642228 95034848
409283315 696242980
853462610 881233434
816636579 331084106
507587100 706676198
267360084 750460243
948414339 152075826
963549319 243617414
434904141 80953965
180909373 70946927
121041020 986944441
502559757 540104687
251206923 612820147
435049489 765104643
152465292 357250048
989891216 216525961
830192726 68174038
356700635 575261342
986969631 499172954
974739528 879020662
500084766 171274762
450003659 606165449
818937793 409660980
695707487 8905341
890135803 364702740
831894058 107948603
9116008 762482852
385596051 17811644
698320059 573256043
440415965 265290288
546687760 870562704
987416639 420797896
758170595 994544135
798359793 895577458
595192156 701926284
377231235 257474359
979126135 353085764
651977828 717952533
881798625 983906815
147224704 548577489
485732363 718224088
383457758 861553857
369924632 325377372
653805929 702107733
198172768 611228157
612856000 868182594
756703988 119716638
443477070 29217015
601240531 128690176
637643181 116408861
405103081 321036336
831918965 159079134
115707611 963061214
832655601 278334711
643574566 518481208
559743789 99679915
419884166 537328387
213937163 145473421
300623981 117016518
679774117 720482343
32632142 319587740
547233531 562982193
452733789 245341946
618005195 548206162
124381248 214300639
855036716 832941655
222337108 815686471
674405876 933126592
91029082 705719460
223539682 864716542
808252129 748461553
786511946 193599093
388763482 783605801
496582511 5683201
748968094 173463185
512845048 183313208
110161670 215649097
779821662 38855985
785067799 809975722
731643224 534686963
949986068 270088957
395743906 8262451
740537818 318893572
758258740 502676219
925831425 624172180
134090045 333690717
259522568 5584691
881980477 914174251
266783539 799130590
898131674 122775404
722104684 912459697
970192293 321076147
336685562 577642846
252121721 294401662
919795453 401646852
736819510 490958736
458492858 443450199
625195192 709132391
300081796 498612833
699805806 72288061
996536577 249103803
639390271 310157366
223416502 346627038
248314895 454683660
558538938 731324310
498395283 891308243
424645723 686733324
129432082 987512899
449890754 645280584
133681326 267872522
623892656 857779590
516225071 73438696
801339882 759122369
237044989 887951879
162001698 625902788
977299683 423300076
375224220 92499691
288648463 589552608
488059898 485319307
481035656 824626202
657655783 872323737
476616942 95954756
494230492 698628848
945447648 206514848
89628526 906464520
784719438 184807179
158110371 193328025
84660174 804852518
360030363 548552683
513874274 823388593
896821382 878841852
552436724 222227150
666213342 554555834
169099144 999381422
656986336 399610475
682623348 4194263
847048982 348057952
670780672 957439006
117580053 5451923
306430653 822308921
334206163 416879601
275010635 63399805
948640282 541934401
52807868 3411381
166236611 532304944
67792736 965885601
753992484 349666669
365660321 379434439
487589316 362126205
582013664 248174027
629619114 741720420
991788699 966234519
157116252 932052472
634188814 377627158
881367372 873193780
245106932 552845290
46647597 507333430
554504889 258348974
161900510 793548009
42770647 775271932
585502938 642180585
878483109 773505550
302763660 369865935
115104135 958337126
344528215 867107607
684062410 606754798
534061037 21443761
853561853 713557458
949526599 728332515
336991724 302809796
648708862 832313545
953190229 708181879
117886134 943385476
641708625 188866944
391428141 487209297
597000868 915568291
207650665 871331175
235525115 230436793
603508896 92325654
48895615 915460797
393412383 13331799
337654910 53053881
586090134 755729697
7618660 249844296
113853148 173766518
469838307 388123619
766202804 273669981
95501495 723621706
17627506 607918178
864316387 141154371
62533598 389968094
984253256 230755468
666528138 999903994
864228822 907851224
948734745 715572331
858326787 884961312
856022540 573435687
156221585 574629989
586398420 347831520
195558473 778610122
924737741 781074587
725770171 448613402
994654678 66979523
362979029 918337475
551180894 436221116
274433891 169640641
773031916 48386880
195312204 944348362
441691708 688893494
263168989 232374947
362674820 141645666
68932804 647369265
343072463 436716894
759870109 679041196
609136985 205869427
68506828 52493995
703873018 520401285
741407837 688911974
64722309 326311389
995961340 997942658
614309185 949853853
543102256 43962280
848926520 620851343
386109511 636222245
306432426 835271278
245517047 235595280
912115354 755604273
270867944 785184427
729634143 514875237
987995304 221135103
928197572 338322948
215329552 495555949
249947690 737629322
351192829 411548679
44598741 914048320
708354467 412700656
661483640 403059496
906321361 712579882
153519496 804430397
514182774 686603014
291795617 546456090
262483041 191897024
881664763 713171974
627499712 64666329
730613211 142170865
56946000 811365725
74409745 855851098
101702324 22587244
955824569 40230508
815933929 47502724
280799260 376623037
573405307 222931051
901728948 152257434
736512953 965885956
360701154 740012781
802600973 302866157
89319491 337537834
15381807 478210926
342625654 291409354
893453154 358484260
646585839 97545050
123935507 796601697
316588802 809613555
56573939 287037766
416093374 348968233
307844366 433772821
583411664 341315021
352781283 276891075
376612199 915944571
700909235 699396206
465492207 479483503
632188090 2743310
489834377 957534388
240493588 288900387
857954153 800077822
2627344 285752908
463987479 927881073
815926166 273181350
266309821 724655687
692070476 44762720
491673639 445950213
564035032 829978399
247686795 652735757
797657497 439629345
899110186 29588614
734666061 699061553
439214284 453278740
866988402 791048216
908850431 849316035
806203612 944556928
448341018 920931587
573611157 86753229
275193873 371585996
796909398 132834513
289941463 998953509
111662649 716165269
688920065 720838941
875668971 236102173
185586365 89595361
760469388 774084790
500249289 231185452
315256440 516271436
643380611 721355025
83099672 258067150
169232188 275408416
704507120 855466857
739320892 648984654
671548072 945522497
828922041 35721255
700194208 902284557
368217286 433811559
351735811 695572348
128673382 290824519
201177121 10146244
684066098 248719235
725600319 847709001
683988636 719294834
47601883 537769342
569042992 509140726
272424950 868320275
677349331 153616435
984064183 598697552
358297792 989876954
944174245 252928006
458575348 152639397
55378037 561281028
543733290 37033693
388867346 852674734
244849221 659271797
791034718 480150495
862007684 317774968
80973698 314121332
648072630 969929563
923503283 559518534
767828994 768484899
322440134 695830784
451484984 955122805
418528312 871310689
384647148 756856603
668856247 275048962
305019047 231750975
585192798 472506150
912334148 274986748
294248366 569062362
238638848 57576497
262794873 76524100
828470613 78404467
871000586 382625588
279382883 44172665
49364338 588022804
628577164 520137000
775344898 680824665
170124232 136294689
309125093 130143010
749329041 210758061
87965099 573659053
332136788 987830702
753637054 769361905
766677190 261931591
211033024 478028078
705200955 804866383
156103981 680617042
837133762 718034164
814670904 951106161
748519910 719289517
631321304 654793420
718480215 467477452
632687689 227352621
999849180 36033053
52484235 593070504
908512251 94984977
684003325 195563537
851512423 533195234
796994559 377650466
16545248 281676865
587202023 790820530
661876706 661464697
222698775 688857560
489661467 461304440
689686827 457526096
526145232 491637776
276523564 457546050
240548542 478269967
267347766 831877870
988397057 161902248
426398627 224365734
95638592 790217764
173020718 894195354
670051157 9249238
381067069 820734913
128801707 577267405
714421536 962764676
304699343 745926606
961677239 49204242
371165302 891008858
629171853 289104294
241099944 26602640
141411271 386056526
736808732 191780979
18714380 264127504
575142067 949213321
790120704 622768845
849871857 165738859
16334499 293451470
865878208 601394651
788828233 231040930
261043940 116828820
449168359 873085902
194985875 351139659
299914992 715705060
598640693 14228292
250425263 813782940
357142728 5752948
665590782 183077583
822950213 950378648
386764160 942686225
401983467 540003711
812078781 885695641
746916008 211006239
543195748 891470094
849018115 932391721
749568713 138793395
597473879 560207750
326748346 109583404
681479617 260036369
366939226 477306835
222575952 517708309
133593761 842422180
886983876 897815139
591842631 804640769
882924929 537580070
923752658 618573958
714006913 962293913
828983077 647542829
637778550 217931721
845199497 972630827
327394442 697583582
162012504 590337701
263321295 102589588
312023106 184877725
197555881 40580718
784418811 794413668
125210282 422546518
185221097 417707229
813774513 833066444
822983682 171511920
199018539 255101450
991052355 154222574
658141327 898521271
548283211 616125970
731855984 905485094
226707440 596891736
713306031 80992270
111995327 138439367
277704971 804618176
515450265 629916449
983181595 909900806
928463183 716753055
13820901 548317173
893991304 310505868
270119950 910433369
418247757 193104888
592930369 807478958
44464033 219031363
98750360 426790570
840000458 736781824
624809205 198198811
157421932 800175149
279981037 597021943
91368651 603697733
877735021 584564598
204626019 36637313
800981488 17801793
117753825 279335962
245731024 337410646
100120936 556891330
291927470 715684328
570720949 326207662
831974802 730570092
843926170 695395427
618667382 428550303
840179096 408346426
542110919 663830054
413880351 593622160
932015181 576664252
848873242 670282336
254852199 404852529
84727843 449241871
813746211 477254382
707951212 88828990
106514236 326511577
84453158 178024048
820121480 456174701
95239885 401998552
781354965 685010886
109233126 123961948
287180938 472303457
163262049 237496904
880619061 878041916
210328740 404809343
829557000 893716865
620555557 470159385
333652200 45423824
219808788 678958997
529421253 297013457
501847933 679949164
262020551 235159067
893727367 601120612
46577623 70427971
479445396 483337520
198626733 183095939
599587158 545497006
406246819 749400319
572090223 185859428
921645102 604260097
364950004 420433323
893998038 815289083
574019943 101891594
271859705 537961855
817628118 474647570
243813461 325850055
533738488 500465663
160775891 76142020
368781575 72822551
673507121 315865914
467227705 282811401
72479560 84158004
470566901 477686396
950595342 452634974
869956256 969134234
560423736 812396353
550512758 370858695
655683435 734403031
235557977 162019258
851780815 249138846
872598766 419440469
143138551 280714202
478002523 6320228
487704549 516493223
113137762 706194015
444309528 662519478
482267468 857373692
446074927 22431652
861279146 559390258
955902371 969756785
140038839 756830920
212798413 70035466
722679793 71050365
673543979 877683029
184361918 872075321
957762128 572966159
854059321 548845945
927210366 98984867
264956989 66958045
599882641 471873681
869778622 713628104
88849034 926676440
865409521 566988167
751008377 352750052
646846047 646644368
990201368 719621129
460649550 157698171
249012414 701051171
737311416 987613563
762919979 486099771
40759899 364443275
921030676 507095047
300358113 725538859
734219852 174461778
527101132 95911661
199533213 911359995
785429477 95499466
189443502 963992367
806768950 775729022
975489014 153357445
965830696 795177656
693843390 16063657
112655275 84777662
933219523 480934309
597572768 703693440
645493062 77804624
882827680 326825298
380522779 115284553
175201253 484787288
839367274 695189003
742908485 425373086
168499936 412636927
548528201 706581595
716613683 671137450
24442323 213495084
273451690 590847000
959376217 545659042
480201850 301111509
129098652 61911060
494203405 414931563
735521411 247223342
964990295 601756630
716477435 675346032
534080233 99991090
10787958 88954338
630427719 313263584
794816378 777678571
777735495 747085648
340655736 609684175
81921028 659879801
995416098 942572738
741719027 497662286
962155152 10753650
234196487 540592805
163272848 399765452
939892298 249228193
255381139 120820637
388501940 63374111
804198539 23440690
287266051 155488451
765566474 711553884
103628601 439118657
842636850 770585732
600679573 837568202
448497426 978244633
631513236 570561994
570609775 276639679
330874698 429928429
870595637 379421139
569184518 286305745
27748058 446635633
105119427 396874798
692215519 333919316
551055051 122370769
455943433 661533469
159299082 747783469
181617272 294166838
507971667 556401074
852322594 849575886
190222589 412053611
330514405 786122331
495488357 419477256
734860104 696269876
399214647 243141302
312729313 323368174
197638211 552781408
216632725 635748255
749847618 996931828
293859905 962112330
688081690 727216465
950024162 857814024
409599972 354599872
459570334 81235144
536435797 556094704
717189112 261859513
907298163 1666196
989818188 384569175
184211099 486072562
532955589 390304449
900757711 818627800
494595818 303086229
361127495 222233632
696990410 474375899
151234757 227826429
40710738 303861480
361108902 737118383
637646806 649929943
43332060 856681259
504481045 414787408
234515849 751618611
789183197 708846077
604628088 188463117
991471863 349079349
5537834 582584560
990211025 495841768
2961810 144811846
655341518 436328477
585737737 565885191
128412478 624651800
910659870 505664027
69288096 793728190
530546135 382904099
968086163 761208067
463476061 525279425
274245464 903415760
153833868 850740633
103870596 286351914
473560969 9412274
291575411 57622822
370681177 608626663
723068807 73473407
516403576 65349397
722261593 17220740
611788162 956362696
42410233 653674365
10584509 924574421
880967955 96202507
786075773 115569325
854713378 136185575
659088932 79595190
763482931 235517878
440589156 471124044
725807318 281419463
563028676 57247672
219416410 466624472
414581445 648411355
355531662 723310338
943480387 148581272
831946182 782140760
254576931 312661979
237962207 469547617
839593721 251341621
949739695 213752269
748973790 960375978
521834960 598907261
943762633 878393245
599260175 755047499
684130152 174160217
9496623 452963844
110801537 707328402
156321557 359264908
205639097 285186778
98469023 208091774
513899463 270883617
986651491 379252701
231473884 523217825
816623810 696661174
759524021 622632481
184053062 81276683
910070811 7106767
755859487 573543288
459489045 33282156
964028495 903507188
651254225 289257041
694150561 330820390
685621613 223548205
875859115 780424254
331707143 99080814
353535830 597119503
341061638 409089916
561972957 480393976
96101414 310804198
903018791 498923663
720722525 616209036
431737100 564971958
860380243 690997947
163822614 409498968
635901090 161064641
560287058 81615795
262058948 592361352
829405126 490467149
493890412 258120294
18788957 812113560
24846057 858963174
267399426 97202568
827775942 850767952
198956384 220172415
458957319 124827405
286295506 753831178
313337889 153223420
58174134 674048994
824942553 161950651
482496162 33765547
658220198 320569026
312140413 292975947
428734429 612222538
895665883 31126265
767615763 381309420
732910864 773317640
206600277 396353075
195172205 299916503
477125662 942449280
494161483 960053838
563771128 416118992
5383951 228532526
899908176 593534480
263255136 222541220
402814098 92232312
13069898 92747775
766700719 714967766
194191646 322634299
884254932 910297179
562026341 376066832
950989188 90674967
235948277 828958230
621542842 673240154
848579754 446539965
255147822 955900060
139790132 131195096
865429371 90887489
330638945 78151890
226124084 63309154
26731304 392132849
232322479 631110502
41382746 161477538
545271297 357855812
211044632 307853108
523446346 438627507
325225618 913000848
402154420 130376657
966792170 348568474
740176443 32575097
229810221 177182673
975865327 855438997
44956533 745244435
247100698 219131670
28619318 196352047
563787585 486644465
606053341 17819621
772548858 261939956
52874518 171195038
232385921 789883770
748676204 715703341
773801117 492189047
502553329 133728569
354833695 614307286
730077875 15755986
967636242 693038883
85797108 855890466
232817136 928971879
71219321 49348986
373267244 268810013
784183111 432324729
713418923 37694054
892171589 697357192
81771277 200354597
784508083 816945367
22860998 42888661
68820058 972796163
914168488 145125129
400681609 194794743
435617666 71072119
232314398 325465333
144861912 116633185
48347333 298547319
214712820 971840988
786489714 603120081
185945495 444107606
446045065 11159844
800415935 656437430
661160412 650059930
314461208 338497176
769660568 709424224
279312653 67509258
103550047 109599169
853374309 245608227
999090558 51175375
147472142 381038518
131468035 748336600
622157043 229942747
514403957 310393288
810756886 872952819
146310891 526735036
514035360 415058924
373403249 344366395
457191553 251142097
992024254 446094410
368167624 884365313
877545862 730721274
899746427 402862257
636660938 975273146
617381627 63162709
525617193 434121552
538811230 513160969
901070966 507627554
75970020 979704587
675390264 947240980
471237113 18328682
935475625 134490785
384080865 880500500
684039770 319591910
677413359 384238335
725163538 414325729
906938290 542523200
204252089 951613170
82603730 350682899
995697903 784694846
986550463 251657071
424755394 833303787
122374624 588276375
739098315 181791961
244486538 682155515
854326827 628212640
417380913 595439765
867454733 897575955
144639243 158249018
100464880 690976777
353912425 334921386
284474464 761239170
34980379 507205361
353028050 742896136
159037030 251519827
456375746 691027164
943198409 957826236
531459482 8719309
114241749 508093437
934100747 520112657
265348038 567118805
514946373 259607028
379551656 468341422
257556918 995393634
735637500 198220959
347618130 398958693
971835806 296107151
78411722 759667999
914100725 630002283
967230559 947464519
285026950 799667186
201352868 609197554
185473957 964772056
63635903 872715345
105463186 226526812
395610858 313123538
867780381 332545382
971466316 569676225
95035065 254943539
459381919 644575115
753819139 793935967
666000327 717049921
917495208 316624276
968902644 448871617
301357258 496053869
74388678 162750164
594978618 902544585
942259535 441248938
455260351 819392321
899533569 386505342
281565809 450626579
299472270 572981985
883217511 418708478
52162891 177933458
571289701 760813055
623110561 291542696
501935480 260791112
541953384 410383384
731403836 538931491
48540894 503145345
422895551 721598276
658481016 533015186
598673376 763083923
10070564 505245435
468512596 128135555
54982915 340637159
294854990 353232267
812238266 367847640
420556497 686915085
326223090 886155454
502036837 904884052
998219500 291190631
133984881 65538343
7715862 427531127
594343509 607592969
886631904 828753635
517837463 717576839
16517916 784843544
646914547 177455629
909827675 993622697
445643195 681716700
880818604 246466506
85959317 180524622
921791743 339593902
382843401 35474668
32665160 887735905
732385643 566159006
4547448 734698874
220806861 631392289
325214708 60488584
136047976 797219009
950144191 758151569
614599239 402555771
706148765 477011785
907687962 930084251
396638578 223065320
619338824 941806130
425652677 98354268
239685896 997991504
661298113 158707273
773053127 603526102
508098135 341207502
868845735 481677633
726038566 116865247
936855097 625070810
309250562 85592328
73217899 463685152
699982481 140317636
637601462 81525398
507413726 974299539
400676537 264565262
856246549 362278767
560559094 203953935
352858799 297898829
655480614 36597278
239948598 810117775
737788898 932325236
804893955 282087562
874871852 745083408
918567957 772701185
516152657 927512358
723328935 625514693
248919524 480917075
863777233 984303919
528645539 571217539
747391493 542391105
644833473 875171858
235488425 656397794
55267682 560520565
643652280 125981567
865985909 755329491
886590676 647924305
889933505 173151496
468645590 524214685
823485032 310300008
477825827 53672401
348133407 901938723
83057759 244906959
687306145 945423591
368840701 467712112
121404458 724140742
958714083 465690835
854892388 65276395
162888023 384342891
366229946 360891771
658027929 656101922
95928888 81260007
462883805 40977943
691286723 181700538
804663103 144522858
463243102 464580485
280411317 999267276
437997928 133019280
990367711 201069733
305036969 171919360
111746442 374374170
749317684 842080398
421333373 839500824
243438794 282413790
962230666 256712964
623989789 319726195
357836330 907367132
712886847 309030391
580728302 765485205
212836566 769238475
8606538 500809125
989461149 672368116
623132895 225598130
451566852 349962027
921422895 265360305
284285476 73951455
790790520 221340089
428696873 22506695
586938210 609589755
759423844 728689637
1355418 43125548
959306844 850095630
873816622 315415653
925738063 819036704
768769119 756615973
164979936 605612453
456085314 679980360
654986516 258723772
673307189 701209057
599107214 635959152
545171287 680943513
207054794 826265428
612200880 875532620
653251833 233157857
690649244 208687319
833727940 913888243
142781324 754672672
20391369 706349660
90045453 708805694
395581824 124434417
276963723 416713310
346355200 399874395
609422645 76983959
410319114 223677087
650203000 943252667
605537639 213734587
699256880 434949677
818848486 135129445
171419407 941322923
477141811 433358886
618707190 702805142
118680151 966712650
451036141 143752059
360204366 658513413
488000789 423559734
989171458 607387198
917847577 29374319
463235687 25779607
248790909 232031665
484343221 326072448
339402834 381476638
111323180 129527226
576698429 320461316
474259400 44889583
36353892 161262924
96618375 406671176
14440642 105968446
915320994 708980625
387503304 698927988
341829102 877463683
313990005 56009853
62588667 468982856
867115495 869266486
85009193 120055033
431388381 157009302
556008775 730111767
996665244 345763561
58411598 113265786
439732090 689477347
820131409 801922568
980716696 163905166
211113958 454509217
383901619 575369749
885154923 416790267
864485055 941243205
67284426 898865839
519219439 824275617
657043216 525195781
825213044 680008968
41187129 740179976
512431657 431695140
378349234 274723259
552299571 575673493
132658860 201034768
184766777 515179946
259757387 157677001
724087928 667591847
65867087 368724150
118021259 271765769
358763986 161620282
889011621 235596961
709953294 662375554
569568182 644305102
185551933 145192745
79611486 803303099
667768842 614633259
552410207 352210641
941365575 996113666
955012797 471850050
897219863 120090705
704485388 25900977
778432237 83382322
35096395 733605659
552933106 991133954
8388485 296454516
106940700 952409035
85134742 592868668
684216780 727780829
765364314 984240344
640160476 86225256
461847981 410249491
823694249 377067967
314470395 365535880
909833972 29227514
923372913 592355675
750891264 694987998
124750944 665975100
159775566 57567595
829051449 731927899
331245259 534817591
677549237 516454952
927762781 654535831
949410976 826191495
704162123 333786922
637963519 710813234
640424141 511504275
28054975 824441907
472356905 386105984
459209922 866632010
996665469 114269186
170849176 518759004
319054307 210898115
487015691 649344949
982798789 209900313
979447136 445464419
745179680 447709306
451267513 253055060
941813562 875521156
993954144 526741780
388953228 147150885
96033650 742619272
87175473 433535734
405417801 475786437
515959812 455793797
200288039 975807771
625246262 775723237
424380100 662651121
380118186 973068714
924373755 267302830
256756775 305988929
18053923 601099266
310194316 176636791
805494693 25952528
143549771 464283929
691155271 656395355
909106277 634239419
999412747 425530982
133486688 320710721
483402639 123238169
574938853 474645635
6884119 922208094
261243766 310034176
564514792 952906751
217363313 154505269
483010629 539451499
174899608 402515737
315490217 85368939
659202941 371150557
765912143 572826555
969877455 460112801
408816040 161153534
189795159 152872232
401146912 932318739
196160736 962167331
633290377 892610275
210217841 506388224
521451071 987504904
556554523 92303863
942479937 94974204
107272043 789630157
226729048 120878573
928068344 78414367
691374661 559180028
388335859 759581107
851831898 868380717
996132061 292119744
778822883 63504319
400088540 589426110
999440586 750457524
612329096 77585416
255801844 146353329
870712706 150482327
684392604 684489359
554306992 959887770
175870809 298699381
781284041 12671146
517640907 83133630
566113689 145021030
182488787 687475077
406290215 758390166
967337975 405350816
586752955 740733392
470285431 966899286
992299141 95122865
278730150 903340375
12146567 628577917
88926793 398172836
373408677 800919056
104483746 713443286
721495156 714169332
123388383 695198080
723666657 875579076
995058434 217304821
510092037 998798269
126288972 43078765
54107452 970117120
893557684 230108814
559691081 181421798
888903850 393915117
324069458 12058856
273659453 16482259
808749205 483561901
81599394 100189705
169087884 487039131
311186285 703086653
350065761 63411970
669131885 184210288
821819125 772135220
962867372 919254995
747325755 719540995
967105439 879626460
202520945 756649168
481601397 41407667
416371917 514995856
93516972 364124763
676718836 639875134
678385288 415640845
910402637 596338877
456993628 5675298
322765923 975558727
353697164 345436511
876729652 529381275
354908062 555295411
193678200 123191664
222397658 611762181
290333914 363063970
762223874 301097747
828000615 3453599
588887614 363637644
351004629 741101479
91121120 448397463
158889875 283383586
344337160 38815977
360165519 149276640
563893079 867629690
655493430 625223035
273930645 342468405
214173857 281603763
231336195 516264469
482622401 56033787
576795684 619939152
654145649 150918979
990066440 729443624
233589101 582989185
754844176 259389457
607556910 307722632
577978529 208028889
639180632 801525353
955225562 236274389
258114337 419859748
619824365 452239194
585723102 806727362
506503579 457675440
827220086 353954746
347402352 426452040
536387331 526144667
668156666 963195436
326730910 419207090
488916434 729122832
725818841 398511021
156118253 369153629
472406139 651556513
783782488 368947409
932258309 659577893
547544034 177476260
263335222 370481707
662720340 884899237
858370489 24858641
822705518 243492150
59123823 924515410
490216497 685803021
379665148 600085022
645771913 65701463
506002454 578875942
976184856 62958802
249201453 940762509
630812179 852106317
940242888 492608619
621239802 756206675
465113853 45477267
779985126 158627428
197295829 784695700
422593230 567617622
574058537 603053425
264383306 437812456
393846419 929696154
634033341 978918102
658390969 482267736
6649230 843786897
629110088 387626534
558507295 224460978
543316499 958076018
388127561 84989013
584430872 35146434
358385328 476100990
355730849 606094242
432437746 941244945
946362661 973645253
345541643 183359862
820364905 410697692
113344284 745400791
382426881 462595433
995038723 941881439
375194427 529278074
354495970 30346923
575594169 554605631
303914012 680266262
633262284 8731723
963068537 33763498
155664 208775700
980168337 303077692
527022023 746799853
114116770 896865474
701314346 565838967
163195882 667334106
707605463 400643282
557875572 970531173
118817280 847190586
475992288 944133302
79585561 245747004
565799973 918858607
537946322 51257673
311085851 550366257
779432907 597470073
767969591 784087887
727711383 628293708
917214556 35321594
230202077 552678859
142301316 534030438
435229868 778545098
257899147 577908989
92882036 569937453
265555921 430200760
579284195 606726908
362353080 419600529
340210064 783909669
127970852 790160788
746473736 646220639
327713239 264470688
967848641 613381163
202546751 774814461
132459775 515674056
417705868 766619515
14194916 805488046
368836672 104487542
475260031 855791969
265470624 806470264
57876589 643687597
207410004 347461427
412504643 986502304
807551833 641504061
25089339 316694404
33619620 70003964
530680197 954611347
343011809 340936189
595866869 165423712
239791925 763929096
701951240 343097123
825137651 819507611
189578015 804631712
738985845 478196920
725327503 614865309
464456723 737039463
769795155 159235130
189949521 476513065
453331976 230359473
43172763 339473320
810719028 538203577
443950018 276838354
612962110 455349379
866260117 584225252
371962370 789094855
864235788 36066727
997357939 543987842
878922831 761979015
701410763 50158585
599444379 763681460
799073357 865432598
306532012 205480848
28666642 281670176
450622296 81616757
108553929 711997243
679791163 406599401
915456817 594001409
150708003 128608165
472614072 755979974
954882367 66658021
443242684 71470053
235300790 825782241
284409686 308304416
678713740 272444864
233336672 185097253
373807201 997864220
287367892 136900055
174631459 716907910
778774713 769365451
349852742 950144170
320152089 843589414
922637536 139242467
102775013 27736886
916679090 413799656
461831343 187960124
954302961 852405338
249970717 578852177
482365527 403377081
281149174 590410491
146702385 253039328
912832464 444027476
542845886 588688597
664611253 553027974
142633662 590949011
569565759 601345935
395509813 767163100
567924119 561173674
888694321 67400810
123430580 900770283
56405918 842195065
972509412 258972086
239185379 526197085
661600423 560771955
990644222 360014283
977894405 416581305
914110768 352649324
983798048 320307525
208247851 102719161
571715888 240751496
665872142 631528212
602057140 461587900
279232127 938877890
438417546 345146654
275198958 932255982
616442259 377907934
651867559 546268438
918850685 386155357
842134083 212456434
514085580 234853914
820751146 496474075
936894279 379879297
18686269 991546360
401143878 631604608
168191132 18795983
294486909 644660004
125906756 349762112
63925557 974230459
57451545 536695906
55379722 645576186
163324902 799610167
63364613 271944115
239888302 580947978
386954707 426164113
37704494 848914039
197387702 795903860
531514150 201643098
307740819 615876934
350524419 295493325
199226381 700213954
153675137 76840088
708325761 404378865
480870777 537181656
153030639 43775367
580161424 322707753
950596061 236571516
198642303 794835555
217718380 609153622
304780503 261467038
152891853 259666772
11334730 64822664
516038552 147594958
894727291 973241828
926725558 531712870
929978447 52882299
730487804 64680140
803539100 59670329
683675815 621536651
854690248 722087927
445633394 789105802
537450322 191243245
357065810 399903678
949966354 731235769
975693937 798192164
813511893 962496507
114274443 940611276
924464759 286606758
653069334 415776655
664391732 283735632
582047643 760395913
666955518 230615900
865201959 736076706
762925565 848247269
847646036 833359042
598385184 565352589
559821387 726901107
594495199 423452044
345571398 351288817
648476898 586569881
505866823 812809591
205362797 621996039
363921324 108113228
175535665 296797403
96367045 856559720
339147435 99668386
882712623 299039847
855579496 679079989
190575485 281575992
583848935 45060521
825620300 179832483
589262558 997287592
850554263 318334370
847156522 317090381
315872849 561497386
114225096 794874092
677100636 633503611
699984280 213203133
105570190 262668811
772759066 232144946
778534961 805392916
47196742 608915672
753394075 933929591
47790957 138935335
862469876 965794851
115927050 184607057
968800721 507612552
833740682 615989656
778305777 568478908
250152751 721469031
246708602 217987134
746245381 769532836
204099180 452596956
519220189 103886478
102629301 460233921
431166584 250129574
7017295 197963587
922374456 408535784
261668932 257938407
698283933 153418468
95968667 693234221
62994368 965062251
564358190 278442550
922315357 319365656
41292428 940307250
229373391 250883624
773150396 494351720
443606360 882449248
250934941 911647956
25680671 572499703
523082483 246936780
505363991 233052316
666651901 576610584
197291799 735459820
710356154 96264021
573617012 928819109
659422254 906065620
504509077 827318838
616039381 500004361
401724433 584718773
171617988 484609283
108667974 384790814
911749479 723208167
68231273 282697097
877851842 449268185
775939169 191890484
472975669 342112736
184271801 154140716
948551649 389352305
13430782 582192435
670299506 837766442
639871466 342022118
630709516 816834125
294773755 362690232
634759602 868879698
27923422 735866937
182999886 93724308
410350682 641404428
13643265 288023216
105708903 285337413
684739807 474685003
923204689 706634774
422829930 306891727
324472648 930532909
29564084 60566339
207280358 156177640
152278437 730746868
504317065 325313692
258634105 279667971
174273383 423534472
417564802 782187482
189558262 826993343
467831143 226858885
734942908 485683079
391015131 137129404
237448366 2781319
415647243 102964733
817623014 963995130
973248273 415371436
774674267 163666022
268423404 460316976
351508862 579320341
719152348 246218668
440219243 74500013
544539314 541329780
93897809 661366277
188007140 168918564
653372581 654751081
774679715 981501624
364485391 842290535
142430575 586257066
747854760 315247608
341089272 962087483
340422964 151655503
294312655 618002461
299225313 186185263
711764034 306421868
515700908 690027633
330766540 498815114
3940952 860808193
187335621 300422552
948329309 387332319
427374200 799832748
17703513 156186413
570212222 255362191
829443252 387298234
156471925 253773270
321925729 566703123
748720022 359395668
611334288 121953863
629205877 560287056
982478504 558171395
154237987 45252422
306627608 970653594
561952686 815252916
507932093 604627420
952698159 662250622
229129921 336143691
481200679 920219944
604139360 63805897
983653773 559325310
369398089 618514663
339583797 854908879
784725456 189755026
123051574 692975730
969065413 818105241
80073146 296477473
933589836 287569394
115109186 664515016
292705656 776467841
73331873 428977092
792233248 349404434
643923450 217401548
516227757 191169502
302864256 350745077
110958313 132489730
776160892 996171475
657176386 871780992
409683129 136925741
642244054 807026823
522124690 298165514
334615779 950150124
873046976 76994233
969416181 575673670
421261863 838922323
722472702 114582081
67444629 155853395
108355213 191023156
312585494 665617294
298047422 567616969
286698839 515440332
601490946 858487629
352807568 450069320
91413945 268021485
970926681 389186511
246236088 651330874
782540356 660543227
509080287 401253844
42186907 682439199
907990262 137076995
66532381 129655965
398213792 590751047
735358050 706965183
839940093 296528227
262066338 55309060
941882417 977924626
63244048 238452774
275523355 36738749
899913634 880100922
55617230 265431913
939126411 60327641
978958441 195270925
476422538 156147517
508577523 335353494
459866029 786672188
740257470 834878574
916845650 273167842
220674885 110093647
394529329 668687425
144206675 296915183
983531357 355194673
396987066 742424571
607780469 531170033
645939907 20503329
549329117 864765495
77150376 421916369
724691905 118989820
743969074 66971662
725558656 310899331
854679878 188180362
909284266 799545334
10072609 661503667
500204855 176526930
389356740 516997254
471841601 470085314
609473802 528112517
422743753 950488847
240292786 856720385
560010806 763214179
292770560 101312457
246323919 462291922
826491886 531546821
621517526 341586609
105677039 301301251
634150026 779681818
825599465 315727336
663895345 966226227
476614792 482297970
616221363 389631338
5535906 209596700
313244530 347378317
510569235 156293694
905739581 289641944
229620924 534884278
727284044 507454210
624098691 573002565
379950441 343578641
737652683 489308157
122111667 138298983
679035628 635210781
167660840 174470912
309535649 699195537
503810342 726882986
265154992 707326633
421905703 313874786
57055520 760901278
781384859 495037511
431350819 565140236
77993925 292708398
845970069 218517091
683253117 848195114
492586155 321935898
587841844 187969631
237271492 979397620
185715687 70033673
194391762 957479465
994763797 569792233
627409658 864807862
109531593 710940822
822063378 391346092
648110856 41914941
791951249 861819962
534999832 882915642
747633376 865700208
715716855 932448906
500971278 732450344
738430997 431972268
735102277 246142912
406906503 553745014
803103423 747653171
868547135 860867677
703598431 298886915
787246570 32351629
582397424 482428530
852799656 338621997
4298343 903768647
787598963 93397973
284933272 807646395
702599498 24966288
5345489 477192925
982379488 244787674
321313585 66659148
58083432 110987460
440770264 135308548
459376185 84464801
942118077 73888429
36217038 685129866
407249949 358796567
604744834 504819465
81926727 360189708
765075753 289633127
262826440 540382179
344111010 358779938
85763260 50964029
782926455 551744685
773218857 397511506
837337564 787208096
847947778 661471777
479434710 713174727
970874755 95156461
468789004 54471568
508342639 948536238
494645531 199259758
210723878 210016881
880408379 545370697
872528031 872450611
537564626 557800299
451930016 850788963
522832748 272149394
669181798 422203666
781420870 814936385
271327852 245759502
45062942 400770572
735691462 936554480
318588165 121209743
649168027 677654234
100985855 128375015
882192680 433090389
276832833 554810167
541562891 819540922
815968236 778547492
473656272 436669484
295088925 900369313
460672826 356759792
496755669 467844268
15802614 986603933
195819022 472033057
600278895 931906203
193096369 461388384
433241045 510865308
718188194 100621652
976969879 405159978
180399061 847388116
10174204 597221082
226247020 164656084
449812092 261195344
696903494 255214398
540864992 69522769
414960556 87692955
768591200 606632010
718243368 242434788
853904570 56509344
8557098 468118578
144711491 281707109
559444354 847246491
723294644 605079701
553154944 295986616
113005781 587738563
563202559 428703322
733926004 107258421
998642873 264015349
257987091 495049424
785279644 382824376
226435151 839745913
583327386 789922423
985876243 56155433
576553628 504163338
745376540 67559100
715796882 606252955
542602474 202258695
84568229 380540512
765826614 611259547
983681247 95540128
542791434 124903033
610946971 980410229
320333389 610441417
423523696 659045436
382036198 18887141
952281765 583640789
112322163 373900588
923141758 968373636
997365097 344762091
315630374 827317272
435572846 864958954
860858051 557022483
559736879 595019101
708342412 907585279
707373987 430676320
161280888 786684455
270420108 953839997
782759612 199939526
41466293 432140425
803004716 30122626
792438105 741629193
530350002 151773599
940702283 753671191
586834541 523480119
978411324 923506786
349693626 363274604
822237031 461997594
420347752 460777218
917903950 864001244
963941554 325487270
222058678 392915795
176604203 648860734
997216785 353268757
944161611 897175083
835711033 413435687
731307270 347738502
269827596 639468020
254919316 367120030
12377077 131382368
137570750 122548934
384037477 796743393
646750996 334781826
140210587 291899492
764396722 790580205
967073705 996280946
674910059 385794318
915220892 933235126
809916617 452384237
812786101 767868079
101734566 693537620
364942996 981410198
992770517 590043556
91096016 192775166
726523037 966664934
87844823 685679874
273747773 229113904
281957833 877830215
808371898 452789906
686306427 54977556
1242199 513801145
236606829 747915829
354714390 148551744
577144784 886671494
540995018 114961502
185041073 367309189
95617839 15262220
687024951 686222944
51522144 385792391
166230201 418788649
367717568 34987279
48560516 708670329
180064814 484204328
396101212 188834277
758155550 580123930
23469261 66057316
789252082 802502401
414175022 16729859
985266819 800643565
94039687 859348437
649742107 504911252
684905925 65570146
87119344 968702373
229678652 74707465
636056995 336378626
50904467 786248846
242013586 771912930
449399954 200498480
165236072 84929328
227859887 178881458
478632428 723082886
328446433 97062196
381056348 441298710
100620833 524797481
376830216 176734809
44362471 777800438
995742284 955226490
387224194 255488278
288572115 937477900
764670253 963950737
433031072 185546220
784808543 918706778
864543333 718433253
150523580 32511857
199981772 514106929
716356332 61445063
266835241 582822900
840216607 521755106
819029795 812598765
846125655 38171637
901417400 878710973
92231440 821954205
125880851 305013634
480702032 433779493
820893728 567883112
532041692 675875501
674748705 416246386
190312308 440288624
496482273 174419987
25705050 682146521
672144379 589865179
224821140 64672159
149722755 223348755
995402171 664318532
502193392 397805182
597981703 980029437
425309096 412280456
914157269 550371749
41218709 197753303
868699361 129823066
852313600 831081491
907232132 132128531
367004353 995469103
123765115 394280349
16151202 460774058
772989566 314393927
491296378 675167962
850573594 485665417
528073933 552575342
604810865 914522337
273918090 542776253
837477669 403225017
921445878 734872850
255794159 183464455
919746886 768089982
17408151 708920333
842952476 699500091
682697870 482258718
657095870 891442667
432399982 652570905
242939939 122469021
952563286 597430870
299778540 248693831
121169042 398113380
391776655 16071839
737102682 559257644
387426945 81507431
680323793 923756637
549155468 613674295
678640253 54644596
372640704 928340893
126333496 433728593
9695323 441476906
144797441 200353572
872518942 807281100
822090682 743842734
908220351 679957622
218081582 219066169
392587745 31628714
848496509 342902563
657155051 205033074
251590450 81525755
305400695 941415824
665424683 487023626
584013531 671629061
754863113 528560181
557124958 137003677
737463027 761770010
831620847 802302020
862965744 151798572
613186220 207775105
79496488 334063165
692654035 658006586
761028540 937399747
179814917 702108963
770067819 346306807
482769168 915815855
82712111 391606912
852155843 898754561
36096035 215739518
361214261 960620355
674433291 925132127
892319843 748897339
826409388 973897484
66131940 707248154
558514315 518967941
957520511 64060489
145649898 179517755
445738903 966024419
48603309 699231760
920596824 796330541
558920559 266877463
6704522 202493328
53246593 844236387
288876833 381318840
90887644 733911419
884170587 947871741
851468591 887168200
565545528 974538262
449069543 335908460
465780827 421161277
325484426 999725383
238537291 437027548
18684311 157136762
780102177 775564689
866654523 749224258
496416787 451282864
681938609 175917049
810702333 159975917
476454927 301993454
589459373 673454474
797713405 964527484
596970259 625143630
42873951 147766646
261388177 527275331
421177678 603552064
664064565 657653855
727251161 884065790
780034376 6056391
316121952 825873981
133258394 911180969
313026628 471800237
175424428 557917879
969858737 581130707
66512273 334080168
299307097 650574888
537047346 525664403
6957524 5982667
432805025 143161539
827066336 181344459
778895525 229764615
653932579 21248082
903278384 795966665
729051367 551234823
926704063 627259577
215003577 315681864
893951241 796388967
173887996 415291931
573897595 866584394
334893706 691672762
730539453 198430407
537407137 220775856
98392620 485162723
538999489 797123173
48825683 606408430
221544285 893844591
468353251 484936797
443860444 77478616
621705243 985615868
850075729 250939882
338792068 543944760
218824045 425501225
804697776 182115151
156295018 908878156
647645276 516842891
59526213 831326854
282356560 770676200
757682167 407835910
90851822 658844497
942378632 288279058
999283555 247134051
318002775 356727164
124163942 367811123
887890576 184379897
53711986 258345596
984941507 234246775
866222712 658694297
343729952 70038668
315793892 135371237
669369827 153158304
930291303 248404215
380015246 429359925
728018371 370222837
439250997 258294522
329284073 815200946
367479874 358925095
661649044 432433946
15780984 590057570
457322380 245110394
943764160 354733489
979744049 582571864
612692170 134959662
369179105 906991135
238644792 665179236
796024539 960834334
912152090 291091482
866849809 388923720
142798583 523989088
529885515 656388932
73707496 415523829
395902237 957991226
454471831 754661517
951774727 412179515
941055582 934625248
720732657 116269908
771157408 135888532
875158768 649383369
524157286 114646428
693680114 367622204
517483083 227417135
405993622 507147447
795206815 647991051
93895028 819302746
183177595 270558422
530218286 892725122
751054858 787760813
517650009 281245446
486296447 298093506
874833802 442273985
808720375 97667332
632940940 74300709
453264514 544474219
274699247 829484344
72036236 357426425
17599870 370154525
717650016 822769863
168877925 10524961
213624416 351054573
23600358 251639845
216936580 934523093
97897554 964132599
112241268 141843500
625998823 552085074
943356620 185111672
227720245 51828553
614061018 903260055
261521987 977576165
257716032 697187285
457656186 661349006
674575957 492101252
381730236 836574259
129195296 634626947
977567876 28351669
540110319 943244363
71246673 810461743
808082878 213972304
322432919 733164320
102341784 384631662
708897525 68953847
362121930 863457593
344969667 683807447
11338430 329110386
405386475 707773953
740929594 592493264
188849170 142964165
107602658 129391945
484521150 644439883
211336942 177393221
78606023 322733511
83699917 142496265
333394183 912862342
12720809 722609191
265622189 486068648
774459608 831093440
528729302 810495591
528041071 256022544
560063700 730787873
847820866 332414237
125209398 475352218
62679124 852590706
58584459 841502100
958136272 51709119
725715845 662040540
391831851 320127785
708063557 6319802
160218909 173869207
621180108 926880032
616992608 429679445
895435016 15511173
485596658 201228321
94318046 862999632
283351222 115559572
559617541 807937127
117949016 358392402
173130456 919190020
699240587 865208937
665259391 492973229
627217312 630713191
795299894 695216591
486397214 481227093
192274068 139903186
817121308 461477425
625616817 64157063
