105560598 387354050
547880449 214310503
474396270 276092002
620290732 636439547
98553354 413240169
742572750 774310732
814699090 620757439
990188243 953295629
86208713 853419134
644384813 956017233
716226644 455367010
287456086 325087955
53895423 811973564
976875101 320136259
147243212 423721033
939551758 47454020
132628411 909404077
341174932 433681192
237054304 278712030
424479236 424165417
990800089 665864986
231164948 163177659
602277563 783024929
172030377 981739441
386358076 994842603
119411774 662227386
724768749 222010321
543293412 502493003
409937253 597138432
315345381 679245224
968202377 621344918
74111729 546192772
496273860 279051979
24875473 542058370
54159616 869149038
145879198 277064980
748788913 706999252
843830629 518358036
940038297 966515284
543671928 555476262
557159891 526908752
700580028 597202683
292281485 483414163
639612475 438225124
875217591 431153339
544715170 186893353
326431843 121841776
311276793 557854016
435772008 846157095
676771112 30528984
268850597 224705059
162107382 44636163
281725161 345483796
205734570 27815586
252155512 619379742
196667461 334593931
563238964 265181589
142693223 416938314
361683320 394008014
742950152 623656843
689145452 974914493
659181018 883143286
728826348 866958917
530326751 791445729
528252002 742155041
904060484 176235889
297841842 8966997
638889117 946223833
692667792 304867310
779048301 661399073
841235848 409478056
16151118 574620805
99682583 853583115
781873134 713090561
208327635 759887739
