194135755 31700152
181935190 664231631
76148111 838078320
830081399 312293490
538961757 163296524
46679878 222677832
532234758 881187896
507412035 137731803
215882411 297635027
351574988 863182241
643044482 263548135
811454743 612381038
1954943 973763795
933467799 33901687
861307456 98384199
10548820 484767328
641815775 8562648
861096512 923619216
400687627 349159272
798571717 9683426
256666808 638393439
649176271 391444064
588592136 588175043
547208610 913536894
488879522 410704260
755919164 473316906
705202800 967829197
209055776 286219942
312320925 11816072
741343499 414400632
259546124 998857526
158997525 227914397
840049099 429171284
936478923 379041020
264371566 506849770
862463356 292881139
309642317 522298589
245540310 770230174
433412290 411631859
273585247 497763110
547364843 957897694
713508460 335852064
964609850 744427123
583422384 48374651
81225281 71450830
951768758 213938551
852717460 342660070
557030941 267872507
44457802 605080397
417663446 953403497
454893319 600554443
773903289 800434666
629934491 742992070
356756099 609589887
414613187 233743147
220544552 559280981
259486047 423013850
791190417 271726982
979712645 904712379
868787424 923727111
707988174 680596983
357965435 365764613
913333432 46918189
825615617 402851455
26727998 928747229
774299985 606110724
432207910 258223930
440257963 777582156
269589022 869368671
296117786 736442582
214377245 822920398
593205377 490034767
657199820 332999325
399076221 587691549
502566477 384421234
265445107 573799243
117546578 161098790
923823423 62075642
121378061 684448364
711541405 671069070
911815752 100927113
717504677 346832075
883711055 692470221
750859934 955790347
514017899 868977505
192238222 714120729
463146954 93439089
533053098 461610732
337062784 319582041
931872666 754379798
202148792 366983971
305336196 684469294
69085892 656961310
924739163 118320694
839614655 578546315
532389653 376634045
954778947 322903289
501364356 821828980
71327324 144438139
132223560 752662070
335650943 526790820
999050292 155219360
833855211 993063287
91583008 394950121
348966538 684840453
550198899 447727337
420070721 187688319
966079975 786154148
742042370 747344867
790465979 778793424
102241866 303283573
375768367 184257891
990568025 100446016
776880131 193956303
822121182 854230622
457928411 7464763
923077975 918190253
209933103 258939094
726371171 735970971
175417895 767927487
489684531 757109563
900012223 423490761
757199472 380618005
274471094 615386025
430074744 884913178
445232205 125225559
537023671 861035996
845134525 520488032
73449925 239395509
661479209 637741148
918046686 363331226
117893795 360648776
157861610 503211784
63656805 764544073
529637840 901609147
445243566 825084323
996634537 524707425
185026549 11262627
971577758 103692933
654611369 443213666
172149804 460889587
311554391 127731760
661911960 522573441
362538114 869143911
901168900 188745163
692604238 244735614
545623733 328231798
255079834 127832667
399130181 295366511
808413771 928928645
417160189 851179246
586996995 382828378
18797282 546052237
449569995 731393684
158050670 429042797
732567346 806694771
947322229 424148844
899448077 797897482
39055600 528104918
420633735 644458184
820140234 798926642
244166313 604617104
220924220 818720748
649349919 304435250
843665358 52298579
104920777 974806414
364420613 836787768
356332128 173355374
325928016 779752425
963167739 487080975
313073714 137912416
655410151 563540003
202694202 40886577
910900008 618641147
584734393 487844281
345938839 454513876
125070033 463936732
918229241 369429717
89393679 624953397
549141028 430163710
145337237 482386127
522663945 914276657
238997040 982778172
523524474 969121800
263396441 625584983
170982387 137462754
537711879 185624781
710083030 645169397
453508566 762048026
596291422 513644427
544589358 219027318
472112268 653035390
263893124 633148215
446958946 854123340
688174347 809588775
662933125 302432479
595607783 395394366
565107850 874967521
63335342 517060000
597923066 251105378
553057978 340866803
536123036 417682908
970838597 411741899
85030267 807125502
317840022 109349262
811994282 420902696
59171411 138563973
325396370 893755052
740341512 594216886
576520382 428576224
857978466 978173591
587607798 758847345
381026818 62938470
668674314 664532965
174825226 633952230
328871309 916268709
590700875 42541396
94423388 227831283
202248507 361720785
672126798 685305090
734165670 165955044
856462656 142745788
158456735 582126055
469683643 458161114
791900075 427352377
374828651 738345477
84040932 505526391
322378228 911687364
300271379 255096888
402209619 73472310
646756553 415620701
301625909 922471943
758106909 131835904
854145986 732949528
526919134 665125741
288191036 224012111
839746110 550995118
861027933 201708268
987446100 691227100
254254924 724342880
628877955 232762344
722219883 891592019
537889523 232818161
189919351 708989321
613909603 737744925
808985261 995929911
693702174 628328220
336538760 64213177
280755499 170063026
875424556 973204604
642151698 619145135
182432036 77702367
660023433 755611262
933044658 308933934
158794281 378688013
270468440 710495452
424707806 233997489
462914926 354375556
724311294 832570901
358242926 396156779
583697196 180801801
145737083 217831501
340842426 174838240
18207885 375893890
564596589 300731455
484784838 788556847
132467105 969908783
214615571 384000564
192605769 862287085
474133493 98405928
97950753 950401615
726474386 747637625
550305047 538758322
910880098 303069366
605492166 940891609
730867011 820161595
639777248 410860178
528089020 372183254
865916674 220673058
85061346 502570551
751010791 129212262
289123799 233493967
840324934 958586305
223097694 206639161
802270486 815339226
324773059 478916339
533139159 120084671
721422020 193562373
175372776 514252621
372749741 790128545
362505031 228939353
540458342 188950039
21898123 614879284
531189767 607848111
411797746 739790658
88741871 708886413
368909014 785400683
689167374 852731368
854548951 357293594
281285448 635943415
311520047 172059475
152597608 141260460
158622554 937276311
190445451 360269838
569158399 846801343
965824666 739091158
402083127 434939055
637232720 297222508
951899758 798985923
663194721 65579569
95386928 188247472
488004770 668254230
975079492 316636496
513658547 223797994
854001548 762936542
764427945 152483630
850263987 785775342
218253686 185909655
245660798 653943075
74408290 304606267
75128350 10110494
640210246 628050611
508528540 180475572
248122513 561816806
362665888 115150826
56220184 340721050
146054249 818363213
641373695 119111991
118738601 53494815
728850787 797867509
987863329 437937702
285851642 321098565
556764389 903279376
713487084 718542234
356930427 249804524
667871561 540138381
420413419 256894011
905144492 366854864
453618191 458695207
618792567 594902937
851086501 158693761
215526250 900347672
342853890 733445519
961928219 457926963
120058653 506097956
950535601 135884668
947993710 546766087
243717377 681711660
202691660 591500990
624686488 538794440
716707822 225619514
445870180 788199940
955015277 284380192
286511535 178702581
541131053 91556937
132448337 713049710
716662196 208708411
437441344 688033568
586648852 234524111
333338572 717184108
822119111 360991406
422883386 761885940
88104790 926087601
906226803 19787759
739748620 818345262
700428024 501287586
672545980 895593642
125636316 437944710
611215855 827063521
426353893 245472236
239595320 419806119
594688962 853975288
754694632 519885743
450039142 835240065
324509674 960057295
326541720 607004664
942237212 967440533
109734923 396729488
585950677 675234256
331379695 921962447
227971325 767207143
89962203 611135271
962950738 32361469
687025294 120286505
785856214 838500573
498428205 497363798
510413621 583071067
938628114 892724893
705768156 610064138
491263045 359783882
225734179 588579108
21806772 96744829
964131091 35401528
584701630 405408617
108084489 101965908
68543757 82514207
219137624 877749785
182141887 532730184
96459856 214543968
26012708 86249461
466653658 308000324
958532322 194474399
98883874 88472011
713894016 996268069
869929564 924530517
142110259 850330851
441143863 799365480
342699550 198286245
19135957 445055167
126740698 530535887
715720605 954800027
851471540 255400757
635523866 329581476
432014636 384037167
793957444 493286828
827381389 56598956
27192965 25822725
526675246 583811515
801870980 138138179
126791994 284449803
693654492 846009191
791158734 86596347
265063580 550370771
491498603 557402656
376268729 11918062
716269496 229393157
771988040 454299739
54583283 827688292
990492854 760318692
999186866 780162324
739771325 329124418
486453608 592079543
997236484 508738044
812754611 501703206
203698225 891618976
417019205 608734226
125577283 312586521
395315161 137891843
521599453 697581307
367699968 445679240
5894560 366020912
666593663 993917184
91773717 835017832
285995919 978672813
289251637 534627533
383685206 702317828
359041487 811448915
348874128 827924622
984868614 662233110
793959104 711673951
109404868 179919043
155500890 215614273
887188699 547581085
382979905 840946285
935799625 545955200
96342969 469340919
366967070 173778473
4844426 815726299
814879741 421880062
219847541 853571456
630011257 781198835
72831202 970122505
315569381 11141208
456505065 604614047
16118201 255332460
535193277 981789515
277069812 531349429
103091160 105060803
942723466 504242005
484136246 231569633
903794406 366743241
267265687 118903661
618624669 425452028
104959160 539340717
282459506 224767435
595776857 116058866
449922219 608928076
818984896 721407339
652834726 21483400
475803326 813534225
910321434 821628951
362309668 785289292
557861316 243896726
770218441 374157519
991615146 735936863
487271224 692174452
447668110 443659304
640657641 967873202
207187258 657200738
370323669 3676145
282881722 699638963
51885737 122892322
667833314 614661719
11342119 912567307
543350123 923714706
663014560 674582169
458167840 377647769
996834895 974739677
230308368 938607599
227451446 137293795
931147018 654537664
509936939 185431125
421154053 131169514
987049853 606283540
309229562 999006835
209379191 405884331
881264115 425076931
226708877 273613171
486143729 920313104
750923663 97077323
810486650 120550305
683410424 911258987
189313464 929022604
297787616 650863871
626986865 768434819
473114522 466214534
936560315 16613643
994239805 306756738
591561433 79365155
641061124 245995241
101681660 699694650
493260476 277486515
467200972 215124504
306166549 577172892
557059257 656113167
922571585 74257839
916156464 635196665
586786994 702796161
202975416 793796700
656312398 355874016
525762736 150286581
294789491 926243045
475344267 658453186
886871391 320352625
75959360 555873920
656053733 650278581
461753568 325931233
920575766 526799571
582515716 158704434
90036361 461709047
756198783 122658159
168595113 924664059
973709355 526677450
112552188 253234739
233698552 576266589
893308622 438187659
418717771 590889927
831405797 252064984
618549911 509163021
416174436 961502398
169974080 793660120
797560665 191521030
543623644 49370918
734636461 423233614
49258735 429961047
419446885 570837123
339800826 258264435
182155602 586989619
339238471 608427543
812452807 410218740
264461901 5444577
673185254 423400718
879248637 994808649
744578532 276157244
142003571 696679945
23356092 671384440
436655251 934790609
472130712 520300839
944146322 187288717
598472994 57245637
296445550 496974651
72625719 621859258
447058186 796654755
940276689 216816531
432751080 926736209
348562585 45697044
463177379 230542254
903001170 253227914
298174219 288589151
7635221 973816025
651993871 767101304
881537724 181474269
219446337 53188092
172907930 490673982
87142601 225646571
127768180 143143470
211826048 828494418
659972039 891308568
468200891 910415669
902387956 565977456
177798478 572757669
7588084 711147777
399054857 481414859
958287987 510092126
959215877 520997926
865372514 994234513
405000417 919375529
883924356 855373524
165074856 236470330
550382812 647078716
737038320 955421536
501087055 477422212
602687202 525958458
654445223 429158250
490726666 136155641
247942448 307855377
192564609 347761517
286758863 282367452
102709066 158053723
60233346 465589875
91275248 978591836
960799017 670843859
776594228 37012998
343411824 742013739
588326277 954276780
75507764 328618453
426677058 438454896
568064217 945828833
214550124 544013305
747731223 401954138
710412705 449666981
757147885 108212326
837725242 736900491
557403301 7926843
733256014 50122817
224776115 24704232
96543676 93784580
602270946 950905500
275483617 491130220
646427324 250779231
830550989 77978450
712664408 633498702
489040195 942605105
427619856 736530538
174204214 639752884
308028523 964267940
205214349 833031626
41912435 808269730
108270505 260048624
612600302 296172875
750201393 938668910
839466625 179323623
624850121 667984478
45174565 797721820
440585688 304596576
408062971 388574359
224177131 394118936
610729705 308300615
901076703 915003846
964623373 683345566
726936726 71987443
865728280 299365204
228620145 653867192
117779091 670326867
664295326 542604747
396569588 828811709
260664493 377662379
8846949 227578182
710016820 289246994
162501949 884851736
99727622 393830690
591574463 452813243
773300449 425949468
139107155 817446371
706357545 516988409
824071796 799622727
24740062 394308375
852576591 885837964
136908073 614295870
961681510 813805277
162177124 352087355
607143898 185991742
102072572 149799132
338721281 194701413
842005809 355453404
850802614 200382212
554157845 663790243
446282513 580278860
145878719 623842170
428568876 469940911
1018344 211238532
539623974 734737160
342219960 658465560
261077679 909406568
691078297 87320819
242994224 480668049
155559494 384827341
715914815 486918816
9995773 299096796
419028201 394080467
778651149 14257093
611726503 361950370
134302283 545298601
990570369 273447584
842982966 36736225
13087311 667154499
97950103 288628317
144132022 508054540
841424698 952087174
364131928 157038622
548476295 819888576
666915841 648174597
57117084 475910727
196795399 252494762
183199482 609436412
146894732 179859262
932741841 817284080
758460274 113380525
502964295 382386878
868443102 900059003
352159781 103198815
862669802 815285372
268475368 907209935
795935889 480841231
552345307 989573503
668088189 807333183
428010585 801978076
910073503 71314070
349367227 813817952
602881959 800072135
267484445 204830640
192804198 270440055
886446120 817592085
903549094 626108626
282795106 865799560
576492886 809498354
108816810 303506670
42882813 422514129
8122870 242720311
414811373 635934166
496377647 363227658
598856909 677979975
772011275 505685191
975818808 684293072
870361094 992436891
237311681 364692112
7299174 386687593
738434299 318766717
907900403 855541781
85603343 188588684
998546354 681879992
510892463 384688328
871328397 643780801
864383556 249970460
546865636 349364366
801050490 426908402
236503619 189856884
902559756 513502862
317222082 357604776
438513169 916615044
310856522 640765868
756080267 232980606
253886090 108030414
288713069 561562660
594587500 718910379
236288086 913464325
103900916 677586580
920478267 607868209
455439699 888443768
839531738 834716058
980504016 584928861
245762456 976021546
971951313 341613979
689062110 564211566
933257540 318753481
52607017 79042192
489876956 678062095
253196382 208277567
378222377 269452222
329380098 612333555
28879834 55692748
666323947 579757423
197025626 988409621
715548974 275595402
976254032 747346336
375650425 781414775
277335378 353525405
836280924 857135792
937812846 913764444
142161207 1843118
167902677 463077803
41685143 397063312
908823163 19720005
819959274 832547568
870113366 552571023
464369619 789033403
429019546 986405892
333638209 347841439
258171453 499242574
666514945 411327963
747398713 441843344
822004508 573025078
678298420 622387051
592724228 777568651
599958522 261808839
812565527 837316298
190903186 738865028
842206950 45102730
67977630 798352178
719145022 969625250
419195589 12400446
6507280 821371452
663136763 172917656
53977660 514557555
591256274 983811930
412890203 130795546
690767522 618140286
157131402 833955227
513941566 24025800
268993338 337984073
944447222 71945528
403883495 123761372
401417618 147211623
728761769 22978679
801523289 612346731
842781985 18710543
791007567 897643330
877522125 668070308
653083662 289824191
995043358 173489820
337564209 778960084
637155288 41598435
112878268 953845436
584736703 205379313
105453827 401858066
519606685 935921230
605627118 401016329
20585890 47476686
48870474 177340786
879952893 283869968
370109745 306887227
20107317 851661592
190560851 751381427
228645440 496706126
301449808 134004337
321417992 186096462
849040673 593427311
126805957 995417872
292615571 852354901
651858308 357483969
666912682 497835578
71482173 597623102
994296981 62876592
723688923 91029285
30254163 361875425
982723536 295104777
883039216 338281421
234591119 176444031
765575420 192148358
849570039 419213266
582810781 982475054
82349440 273227886
654375322 944114537
86113779 163522421
418559417 177298963
3302262 251633482
79306321 947332475
889165408 708372198
287352051 23751950
903282990 357240679
705780772 995804062
838872151 413656563
109490140 771161708
799808996 104606542
123671379 450512178
833631774 159091977
993222757 271661589
978852778 230506165
675875113 725457518
971743596 871770668
464272553 552233808
752157420 955095079
176920683 79038072
407927471 955584087
408343637 551347078
694461709 182598485
531357877 840463063
202376434 745296506
429804870 13870304
675159990 855032903
924188394 25909520
64095315 909312167
334392112 190107254
760751784 638747566
603978705 37999916
305967895 190997124
230356846 505547340
928578393 185497332
121419284 21582145
17400777 225146131
965675669 476267101
8229637 324149699
805561657 735543437
917697464 627414752
286985423 921735335
435714056 645472764
263152527 12544370
143476191 458647744
754360948 225439898
37935497 983154003
666560672 35367512
63345710 348402765
581979784 899413633
119877259 157991902
930614299 471957962
470222569 378432861
705070244 469717477
493650459 247589613
398949761 27415684
208321060 889418153
325905708 578776777
415946903 650535853
569761671 777007857
918061969 322765675
513996869 512004949
154445665 123306928
94296829 247594170
144073640 222429853
695449259 366569179
886162704 44396589
46447252 553289563
910693466 98283581
618160195 329841548
861971039 359154050
538015245 318051126
79832838 295131513
982910838 935254244
400897373 396745476
674924333 760637683
704307499 360033975
734891569 285284486
816944975 470211446
726190172 375189767
183044530 436094101
479816782 381995947
272553348 385088706
750148178 678393559
533954647 944975750
465782161 968845517
52596601 835817746
997993276 607428712
614805066 253611222
365712721 431271817
973002120 154228677
788591618 586692888
730219622 613178714
84462719 295021124
931069034 297730919
404801983 948617840
737288611 861581813
361385337 227412626
756661505 699251285
472257311 21327374
628442248 636742917
533381808 821983882
185406700 61624866
828809485 351070277
798080503 600828293
310424631 695936632
674417556 809530339
555198062 223974714
338357202 637886462
647784663 580453793
694039517 471032783
9493391 808572059
601804066 209678838
835915534 431963507
598929480 20812328
83697091 610920077
411660403 331434238
131199755 525769403
672211931 402026286
945813259 644665175
568821224 864351843
804609286 342769761
420443853 825273675
449601497 322285733
426271475 781604927
518854203 797095217
680548316 433319051
366450854 272586789
642710475 246926411
334278902 116130847
53038463 346486570
613817536 84633508
378389856 361118670
333685991 777893347
804488831 265488686
39557463 151729384
403359190 670413664
125256754 353108659
493915486 190142678
172340204 481195114
936102673 476790351
941504788 680230833
214691426 446512959
466806921 520525041
317360921 742435006
84650837 116303936
80675154 941426404
287581347 612042943
868823676 288737948
282385376 873130687
626215293 815611498
186094242 176293281
363070641 85619036
982479710 217950717
153359481 792173077
843816857 776310913
102259848 709182554
964269037 835004946
968127554 908187388
257609335 418354614
602365276 425097574
241084001 935014751
591078258 922863243
501947669 188375336
788533906 235670100
877559625 218939001
373675686 33665551
975587111 887257813
216986615 552504374
441556476 363618451
692013912 650868486
869661751 609529639
176115374 927644089
132272857 65892140
213966342 331181223
862756151 137831282
821641130 134327082
64722522 48474999
26726243 519286004
612218988 632097417
855636939 550271869
811009541 475938322
638256652 83488225
413892406 101564278
303538545 225674946
492216209 470444987
785527287 502218938
330459822 274331310
351435304 550366374
149315949 838313184
613759392 170236327
40494075 951673964
364468364 791334133
348060684 957055099
510189946 100975418
863635833 271226151
762542907 181915478
640646303 890694068
180435766 272000654
910606005 846337560
432193386 103960514
569157747 924890456
43042741 28697458
573715922 441107935
871651162 929412304
157008262 401436890
131827113 64448185
611178750 970869963
59981125 35079107
236504456 237949262
130391741 740884709
232832839 299786348
430648270 785500359
703809895 524006149
601055341 729105099
682778985 173617349
364008888 446047391
579267783 804798881
354385902 7959539
23157699 519404811
567094948 3715416
301033032 137573393
376968059 37004819
846614491 166616740
286136831 923558910
30133561 825550732
784913820 986218596
19870351 288380853
122955413 80284919
883735095 601952449
341271956 623833991
312900845 116549706
234166809 34414052
952450954 311553656
685875830 65989200
477418515 365381107
337265161 939939255
744246217 614203050
698167401 48962373
391021093 982175362
180607035 322587932
988046051 233306443
8899501 608569077
502637647 372030730
38674204 892261584
25870051 265078885
520774914 166666373
80175866 34057005
593507940 162419455
365158383 339301111
894651301 269625397
959519844 198883571
803282571 288135904
50442464 366743557
18294362 492313392
77467576 38639505
512684144 662123847
783790042 472677041
512152830 988482563
644935585 77557825
813014377 948186720
484829785 288737501
975076891 71950640
212811660 454177600
982583152 854887564
950254019 455757210
450357190 264809299
961838546 610779452
312511593 178650684
863998771 942029308
85222852 501309220
572551699 460384793
390664658 171031460
628985606 140984531
854205052 664992022
473247252 212829555
129491714 947156988
248410669 551230937
321129614 800407619
165070282 841797546
968589612 701668683
965657053 882632075
906646125 957888122
882358207 116121000
76850460 331465381
506636900 449468855
313892469 868066365
678928008 200316984
291607616 525827965
578693502 10402735
817734802 700524059
936194233 28080647
886647553 275593399
208323556 594258952
585960657 797593894
977630554 719896450
431391496 693959648
258397334 827820931
241393503 739937568
958514989 349663788
469616929 548198362
995520360 252061582
10046806 178741254
947399600 139021782
724257300 852863621
929911299 373072810
599861520 568720896
974891214 23612938
919118842 538086182
315581199 270311747
787746132 400861556
390935263 116936764
942862030 43339384
551261380 265682565
3148343 452069252
650361085 42021219
998852784 612301758
347584578 363923006
710818272 725843147
926398778 468611525
928296535 236691523
717819293 768168124
536461791 633761891
570218947 325875251
599593182 418124909
620891595 184629747
165553630 56930220
806362588 598809724
838301952 276299447
253211212 635630041
807926482 217692288
417423307 398403835
484737146 339784688
786633205 698185300
937516279 895699543
124257835 157569846
289387523 17257558
171005552 128865700
324180574 372859531
271889221 850625552
727597466 335516709
905833380 816284920
955205167 768077228
915039694 682105602
513707729 855031345
216179565 339024264
800968291 619604021
25153472 986780250
840823859 807611173
311354624 936483416
473499525 47637724
863581885 756372218
176665386 165905460
583187228 820083256
89225171 76552703
709341506 973638301
130835976 797314979
111853607 453064221
51841824 551789191
363885352 645303254
774117542 966516173
592903535 391389489
497963938 567832521
980962218 439056643
909662158 28097852
607427516 318977097
745117413 506685122
299876587 847048471
311337806 623535026
283957497 587132544
840953070 542400271
731709591 245180133
143105924 432548545
265777216 206912118
930904019 216776197
747329732 335545800
967604840 500885823
20522070 657686713
487837458 907503175
420280947 362710117
761953351 667033258
458862195 296506086
867601148 74537918
137014816 196654173
335794801 959901971
236396241 855085881
966566723 120195582
800462752 605031595
901580388 126323344
893124527 471162309
418298456 968461286
569479387 400527010
359827519 418941929
347338251 619351413
577297143 474647928
346589051 167919637
867951276 236988282
718007977 364197740
414430411 627727061
835186015 455536854
56184367 82080090
541803600 933882318
642315543 449572169
87766051 929969148
5028511 408607558
339483043 917865857
788972234 503651121
138145230 969913717
619245067 765933435
715505350 992979400
855215938 836161797
413266466 685754285
921415377 874789755
94172802 212176450
323418756 84162214
739393276 967336361
344342830 518886923
518464596 20421941
786906866 948877648
299248933 590826210
310191268 848159615
426012597 770931475
42077252 510881174
156828977 324366514
712468835 746608480
242842192 946648206
460942675 83060317
545805747 382910953
192024442 740408425
111749878 558379774
751151780 759203419
799947041 479488598
696878294 383844595
313843779 124676573
7941705 16649576
621458100 590770636
445267677 253201479
570553696 453908138
406113078 8958663
527963966 692758130
718739899 249997965
581900231 128361294
977615669 958577721
360077708 51472295
765597382 10168920
618226058 645680060
69118880 643465706
960572825 954827568
836716583 448564902
227220511 366464798
867610614 465947403
483453217 460360415
111014405 621614816
176163869 314095080
291685681 886989370
312913656 284206582
84677293 932394459
948767061 208813813
775770863 592049972
847117955 99854908
605706414 221162756
866865367 185275070
372062345 361685090
688158029 234219000
909240805 183424005
616442263 444403375
136662824 467374070
326147969 348095008
647447394 97578506
829310287 618222129
269079582 122152078
325312416 941402365
814960036 622896412
341673151 314640534
886206802 590096072
113504483 601130676
468802542 124644507
513333929 38266159
194826222 551513165
11851373 920456665
676317777 997306166
165074881 507829059
76497263 962210829
873866459 301903538
433044862 817137796
391911230 89241032
702698445 291473161
78949281 746581324
18853893 281297782
702175399 971686742
645549408 805390846
509236512 246662998
437478534 7834458
600928481 918028357
552995173 729241991
232255200 147629483
302708248 532337645
325560040 387497671
905584891 717254794
10037429 610131705
124758503 922675828
686208065 353024353
730215249 311792274
697731067 121096998
813175062 213036656
479738222 660886227
287911822 675034424
689556148 408101824
752437663 867557533
2898221 779915970
14185560 491745055
598241855 641054300
219723550 580720723
662889350 553407306
154823623 254821447
850485413 113793769
645482641 558747598
46744455 801390770
674788776 331578388
969877542 542743277
484441615 932863672
912019847 900758147
537584807 282228991
654079688 337902638
750141267 639718604
792241151 154186990
415807542 652162588
691969863 102848609
10750790 254162376
462300672 471833632
129329343 428892008
674083728 106732754
757321989 130966735
208740465 207163001
574121977 143963975
483781636 550236196
813043100 559359255
779539507 973691680
916757521 416687108
876393296 937465493
932245046 842129546
346694057 148402908
503749368 520396381
776023056 370162168
737126306 978220916
584107951 677266834
599965441 141184695
707824972 76656391
139106733 183025911
563560014 401625698
933809738 741699092
619088287 549247459
919849632 8798123
171303427 653769303
620872735 317714789
246567387 408928938
842057781 680568910
726794014 446814744
173659829 152728960
716087527 846335017
771200202 247446308
497517344 572199580
456220681 869316524
649762057 988046093
993474213 910769686
368921045 214183240
190181833 15588014
260422249 227770032
729643993 807505213
120169526 435377998
371398530 469540239
874383868 449649797
465408935 37184939
301853595 230442171
754021246 168784251
48248684 927555733
108168335 403606042
756806101 563393493
144255080 585461065
59283450 675647969
355797624 73479615
907410984 290585297
564714361 800264117
357870037 896480838
209723090 204238222
954307951 330413681
346230028 835376217
754551386 896733616
956246784 303027733
102633925 163928889
377898207 445685433
201594542 814872810
24846389 648546198
83976189 946169263
311583289 809314307
748665256 721408436
676666181 842830854
218195776 84540966
941812533 262663992
636810740 979370140
871967614 250385259
153967146 888932060
299364551 349677591
750480109 765668057
524367150 510492873
499646909 442161702
772291160 588530398
173361028 96069642
397380021 881023655
768624104 361832635
919660421 706746186
376463242 769526635
571627128 665396808
15032737 727556801
514304818 243926028
488596833 312064850
114895198 709264445
318738551 854409405
858071262 653535333
472012049 833028340
688321563 230538584
736041500 714461869
878517219 116302816
982639822 117378082
938068057 609971433
617121366 318350579
643769219 960566703
802298570 376953590
69870837 961869091
142798001 150502367
816590193 161344352
948686836 443917602
935212928 861339731
486688991 880366490
962199402 491561175
541868301 696370485
51883535 410668209
853981556 514668169
770252327 860224951
605058379 726307605
99210647 496145600
547127566 320036856
222467755 429547078
334611392 357407582
311569675 322130973
176010908 869123591
26920550 504329689
318451825 268168045
281880667 846603151
961501314 574673613
372050057 136158281
504976724 102180713
20719084 398952884
311746530 71869023
309607911 220391188
761364911 663208650
264652964 558052367
702406842 748483202
149682627 230098413
407461150 869460083
340725569 303414369
752123642 196360928
729130541 564432053
42366551 445504481
550074819 746363328
291021017 917934814
716021379 637232336
935102554 787616475
926475750 498189571
484544015 954724892
754674259 660522041
634045595 311819933
819313499 578391924
273534575 687950413
497560242 819513161
821327652 372570571
470291124 706968052
964086560 6374274
56962863 64093804
524805623 400310181
58189100 109826676
788845702 80891949
782498116 901505125
993417464 820052707
467139023 93523322
660904580 190809580
432230174 546456816
817582405 23149186
878762277 524846452
416981913 461492579
400816928 204161764
756312071 826323347
362523391 953654744
559452396 373612467
457611949 652318562
37916903 789096522
498897022 825676344
296273171 356572573
245637161 96893729
377204928 724794596
605755830 209438103
520831588 246027882
402122152 14881130
422517944 134849907
912395647 344983824
713335207 951908524
638191382 129482387
560921247 508718399
811483626 442923631
627211132 761665928
459931759 197506911
418485933 241652601
505464372 189434701
311789369 822478318
371044485 491246736
179755489 858959018
673120335 635428686
391860110 490847003
914182867 431795633
390648122 60300098
600335829 78319429
739846716 336700178
248899595 113808199
895101511 433410267
690731990 285330445
695433831 834365971
497073776 599504065
341008728 149233305
944234235 631942663
78639503 290923720
238288608 425370097
284730344 678211511
299982480 923959458
314703516 198226955
192140665 482759386
520733647 795944485
546859500 148584582
18523764 586826003
630148722 23155462
131992425 607145291
318413394 876778319
578247268 279439019
830367482 259309312
375332335 140287830
923679978 151677637
280389183 546633880
193941292 48451155
335205735 815533774
81105007 566188884
217422102 814678855
658530471 524397469
189357888 921333791
363563166 114026779
576550859 796707930
740072814 213061053
343659724 8794190
996295747 593461083
177431100 576871968
420655653 25787892
110394682 306730860
529997335 508721522
684876471 439817586
880242932 821570207
164745736 44276601
572053040 319934169
858341105 581654781
987081141 942757842
770136427 975525276
114493507 633138962
433112838 731225793
20121415 888375432
244346277 80291790
292836014 89390771
608597662 173433144
507780128 587679968
658242394 540225942
741480132 629761237
874317793 770495025
312764232 165786350
24161873 76886233
828320072 414027517
214935592 753115643
815893546 387533971
234956568 540859280
180863961 938173088
406053131 594225299
682950053 885384302
694376577 495618300
188824204 4408575
572998533 696673864
220119807 279438938
56799367 39087346
921846987 82126906
82489589 59458286
987963818 412074632
145267966 913603138
181765789 709875246
193652804 971170522
39824822 241430766
926110436 430604926
455297296 446521966
323350715 341322210
392221908 570626548
226820118 10799253
21723395 840793998
78780757 576748749
796525999 81681955
845647748 279331459
395925608 870780601
473109521 492208787
971821849 137471435
721406231 729610363
290824652 149362857
856079870 661808992
645503059 313752012
993934930 175604015
672914928 711262421
790579976 547849798
535299027 49620022
169075029 711083981
211003105 749602990
481125844 449865127
271134078 308322617
12783022 584698589
518022351 502233491
863498416 671537822
887869952 442417886
211938650 183917223
903897058 110068806
729091840 609541200
250018730 924193983
442545874 445164817
388564555 485634916
270629942 517471668
122153061 130308246
450894693 527280523
816086691 202669268
890936826 903759857
132528864 454100301
376036663 55009811
202345708 875680822
388143075 918895174
257171866 322063603
123135980 605366630
240631209 54090211
554088617 224940068
733830030 136032336
768921240 105186834
509095289 654724187
173238742 550284500
929574539 882627696
426862091 302243357
913017573 316143838
643856260 80634810
61421674 162236922
530654802 893857588
820444798 140435524
468300019 966351949
855751960 629354034
164391874 98760514
629074549 186989794
607906847 536708729
932043252 709306854
921516081 839608219
923053642 801695187
170340158 506363293
440117378 705724988
714763185 344649539
297701105 931428909
763700367 979516986
626438882 280626849
260222849 513723900
628695318 592454042
88314536 892937495
812315732 27722777
128442981 969670479
898462934 912855249
266504728 584522578
874247366 691994060
405080261 693459981
4871369 193940237
887918561 863542470
568158821 479914999
356921846 735827660
856763535 607159630
543035550 641276168
58485912 630249659
354295528 325352851
264472761 694506966
268139407 981233886
323862538 678326064
94709067 360362339
192053601 181474748
591002868 568664305
647502113 732860000
513970645 710387560
354917177 633023473
744182257 230059369
99373260 299534886
517016787 462920200
84130488 430519150
287408109 667614614
149392272 971629903
487589499 939013220
122437452 341132948
504973111 130050863
741110076 702095936
748365378 501001993
311168045 164486674
919178987 933284250
469685275 911302910
318420171 719328643
412259348 440454434
109032873 462297792
225004605 851592210
833947501 433832399
361075195 434877149
892373636 61080239
699647968 358130873
4994577 171637185
164098388 791362782
190506311 486745597
439250031 165039002
557790166 210862806
346882349 629845439
475563306 749358636
988108311 786785360
564662365 121843359
367779871 512925824
19892481 617585123
630124761 15233806
95205442 739791158
362018489 702489128
641379394 377300529
797594099 932223885
123427139 33699734
954924252 766117644
76818302 32919211
818800394 296635620
617794731 105757495
620497899 297098600
224263570 450534644
434109865 137446568
954383734 308650314
832759794 205540538
941871111 333463080
823965144 195759332
172818328 794454005
188156406 433506652
518950584 518297718
104544474 483147844
26275942 201441640
748508150 609685117
174969064 177029657
229012193 180072974
244168913 864564355
519388890 673623941
133040198 999622755
451659455 938962608
383908637 333145673
46807595 528845018
613648631 518057989
922123066 353655645
957282795 854405281
496124446 349486530
812911814 686876874
675732419 916724041
512045544 315802969
752537510 657534635
952704149 717765257
792478878 509030295
186700746 412777967
435524042 962128516
819152931 945217775
892391825 696599117
637691176 432300665
215331359 923997615
570883157 388223295
897931161 895259932
301020962 653400694
748445951 449083397
288304412 580162781
736562318 718448016
478239797 806639529
417898506 889455312
998747897 587960759
84361576 498403945
123306431 471057029
80488250 938558428
47222722 97809102
499164517 169779088
670439855 881596165
819383708 545764829
271286478 447076750
368366736 742272229
62150996 320871680
446847756 128991193
840484414 720092045
470076514 619750448
321318579 535299173
498459739 133829042
935933922 867915734
584820456 262532109
87952498 981547938
776377956 933497872
143764929 820711630
416532111 649982979
682221128 847576597
154678192 772273120
747759966 829079465
720533106 681871525
588952600 144477086
67304002 621594449
210339801 590883400
946690497 668141102
821311444 894636674
327491772 269333293
759853185 73740051
402387199 821462453
921148496 860233837
205223603 296622331
715689647 723360443
673558107 885110585
663626663 407145563
968550208 67606208
753224419 945230173
491557681 257039510
77806734 573455954
576197116 96340093
429034517 629838356
499937485 96792952
202841521 510438897
329765428 237366084
698475963 952269326
532724959 856548424
25110646 540290659
693636710 222351119
591589301 378999175
839767167 696548748
199317461 715456851
897780996 988033160
946068509 117961604
507478003 318930306
369433258 318840897
819852619 614616643
237360882 706340412
565643293 780131723
321119090 353510148
673826192 739627416
295288850 282619771
403939272 705189037
309484338 50583409
261693148 45933004
748555268 385402119
44645101 961393029
156564663 624744973
256625181 409950423
716902861 932688736
430070614 644204985
189123820 962655744
14175178 613692812
70047850 925379996
816388991 456251580
702393495 978695513
873534150 132949968
249707829 33046839
145260255 145809217
478089562 231746392
15179689 771704141
298500262 633334738
318109354 126276500
787590538 597238840
263288219 560721977
411861852 796715364
366825282 899267069
417348455 297289097
923455672 31933482
671246743 383616361
446732529 628471278
593395427 868698056
490844173 132146832
641808592 778240470
328053943 692745159
820399007 17495930
475183012 773522028
945195350 403555055
285087961 572222045
461313192 53161093
712289056 446048723
453889242 861534860
345663376 263270601
97858799 502135240
389941160 109751119
56853554 609714377
796318474 153364221
276749045 302886110
439758432 954456127
833494207 675559737
682247425 832822243
835872602 109419340
451648229 629886461
171687872 205896473
741182459 476225313
787993970 42865603
259857617 165778774
151414433 74001526
286716045 520264229
353670116 459292817
766212724 904229699
362043200 249759283
699634989 225592579
172600291 958868824
424802437 740586520
586162915 341542304
578103935 26428149
993512655 848011235
209766662 47514936
479304447 62830006
922483523 995525612
897038182 409544725
77701377 36971096
889365666 222306250
126747660 640035119
93019278 366056596
368852817 199044466
564883185 343688860
647321391 992990909
534953345 149262419
88151208 898148017
391541820 129112170
351895537 340521774
5466182 952027295
115425408 959121873
952849605 132482412
221665358 960912638
370714525 188301017
213877096 114011865
463485299 611984600
804546341 41075106
739785227 239272802
495242482 250575284
262524541 637866998
462904225 147362347
967626678 524128974
264974266 134589550
144821750 720509071
500905910 230667652
804512192 728832767
477817493 273429536
473857705 305119676
553964215 567540855
605831156 554861587
457170017 360475159
670689502 454821150
951166526 232756750
907041761 831298035
441759892 230673021
378455732 544670515
721928993 985879906
131977627 354742692
638186671 183622469
214055511 498682717
12248194 956193430
401726674 739998580
224006971 67658166
617101368 995455868
94443334 969434081
776752023 452123070
157477824 584564473
789055905 62574771
964623922 794163620
329670514 563737385
785164587 493346374
568131332 832932798
983131548 468060841
386445179 398615973
406892479 944463643
470396039 585767612
567414806 845674478
682929528 139652556
396841132 194605889
685229222 485670223
746407363 908987095
779119078 872502044
698273304 652493131
206397611 910751831
77086307 282090667
361204267 155654415
293117508 356048294
185832614 196787192
227674019 566337252
184537523 831912693
791229874 691691358
289998915 941299370
977332229 899427810
476189611 419213267
325310937 742226495
529065242 746414376
701251645 635850074
354595177 889541255
502427759 855693582
994140311 327447542
893327387 849229379
693826124 625614256
893866739 293245911
435465849 157176267
250785819 611303206
922334907 64896455
61340538 514401727
158973177 622946380
177526014 764767243
321966664 64546357
676408085 513238470
483312 124586572
439853960 87113549
442530383 170284938
471393469 473238805
16671663 741127511
966994377 568354953
202784119 820161925
307242945 87904191
668254603 983157807
643148856 92685349
823208592 723120
599120801 158084743
565619474 376411021
308696370 527306440
16832059 622520367
481548035 148111585
767368238 682847840
29890410 297232503
932015420 119770146
524412051 699133021
972943573 768310526
987463441 608441297
442727383 203203920
867241281 567444881
76637326 588475718
613970375 446898030
500706538 159991244
884748570 523876280
362633724 718434039
694647853 492403663
693451298 455591060
397736767 995229993
921274110 543826950
390067964 286693074
381980778 230126328
608726198 6470487
403918888 422534667
41069289 120449974
783832054 308425725
602694551 231510191
349571549 498948925
82573599 652043558
17663681 652357585
357636531 620642930
853950883 632780539
266572769 83899175
828169949 427007885
178202233 693349967
741614527 389793629
130717438 281037816
200929557 640752121
310523869 377260978
429323975 630127732
392360959 2360296
286199381 938828202
471346501 227078316
43100455 415229023
596961065 593222276
524998431 342845636
229599399 758558141
796308466 241585954
91732095 460941901
428545988 401524852
871947172 457348452
347678796 700217828
287292239 407928850
381089600 718131664
381396857 382616761
736526519 697890008
144431301 95901913
138452190 346049715
146028952 976254620
784519385 758671494
896819367 323111081
390338540 904210866
804362178 875221770
645268335 744924728
773712534 161025843
67229542 765746988
468226760 87458587
880077747 105148894
206091371 132728734
667914651 101789624
671229194 85628260
791498230 171700268
283446050 679476878
603811694 403219064
825356488 159443966
283246575 142608790
223525079 953605625
54564546 463106193
603044995 364322176
388720758 227353877
845058964 266084547
744278334 799722199
762812130 561646818
869911382 276326268
688185026 241711808
105466344 53190657
309989927 417292977
802735135 598906704
406401339 948632300
956063963 990335940
145116886 307116225
76473337 588134094
897524970 69345796
750958578 483193231
559511614 816278138
382610278 777008491
803428055 717901564
515688654 753576053
407334440 610808137
135356138 292493170
108689750 790097925
551838332 764377382
672647561 128609699
424633418 188217210
465846465 265869103
538687415 791263949
994380333 517729727
860342690 228177095
488281411 448214101
898925954 598519799
308085929 412295599
595284352 805952842
87189853 950580180
501342549 814213810
505971099 24373548
475046112 5294401
272074479 1808069
143804650 78625368
69384669 952028599
687217827 907752431
704297284 926121124
165358275 450706725
602520669 630784090
807878078 274220741
109928296 680619484
663511899 912995408
179935070 115195631
338047831 703610259
430314005 359244026
874887717 645622114
790419922 229105114
107642152 858101445
103288037 746064294
938359299 40534354
387356578 443348398
513462557 934031614
360396597 280856436
422782481 861578730
546789758 642947601
325821393 590249681
368304576 563226744
538966580 408599654
564730163 707885746
851428620 545152128
157712454 627860594
48508161 921474930
545454212 254793289
16065629 767949269
683075655 225347718
705760105 35983615
845092944 613793291
357927263 925686841
844321536 470888512
636578015 434226389
910256081 995788455
130779268 425402754
283577110 276628470
981302858 779896525
207724546 407729004
389728021 896299224
661710980 264795314
246201127 272851036
79773569 600778686
63585963 568849525
428066746 93897624
252379538 177928357
534213258 774835356
579370873 990874224
355676781 464672791
617544532 209360489
903726615 523866990
100868195 943197215
868950142 425051985
17239958 754042589
249365102 193104763
924172991 725113946
152358039 874725479
760951507 928174927
605633599 163924426
249378889 100173931
590010053 428961594
976785624 448309276
782024475 557282705
809083082 555623671
976272457 402282250
389005722 170107255
688957119 550525103
773991296 632467937
926112537 819569809
845914929 804154987
687390789 428891711
673640343 674012183
141324679 9025657
657489011 923044686
69172732 254327512
621336957 484722314
633784884 100360195
405965188 774712486
824945252 928438008
970167569 15663548
689538654 250911921
783611894 712155693
385899285 786012958
727129186 435636302
766851821 624109349
42375443 446454140
457041316 117339209
767892571 900873012
694797847 674993402
755175882 162105004
662351292 131810887
763122913 736280002
261750861 508858531
816919606 823300381
737042476 351442749
280310267 151636918
335092703 609146206
921349619 451927496
238355412 642739856
715748150 711257408
994044953 304865945
935494553 809387251
763853803 796170874
132183876 878663385
176513737 958082869
456345930 486796200
447235678 44262500
730030646 609412525
430865527 951605670
940029511 683912837
8399077 330828973
523450495 33151690
315807705 335771932
747987319 580291723
76932014 384574875
70289418 884120063
608713225 45588970
979417268 721924200
371311301 876876584
680294266 303878952
324992749 796229702
724982348 926874039
264491159 732318813
260335677 862818755
487366052 476394679
219256079 125172367
941249400 771861111
292613870 98979442
920816598 853307610
689270076 285955395
816323081 179752059
667445041 974812933
989902655 140896863
157930217 734744781
537483610 141473968
133199677 255226740
808806112 525511019
11628150 711436834
197697454 141657551
983298683 779158494
687201014 925042796
875628531 179522829
805616555 683454552
794805809 575080987
318681721 808632825
159687901 13812299
198151668 427423140
7905206 179681711
772616552 322185332
9748690 110275723
798141880 696643934
542058894 871241018
255194417 32103330
967824699 22121881
145205172 396946527
279025370 456689135
348691680 118138138
715629363 422392633
792796612 693618765
742533037 991839039
571740817 701846320
519017994 194477788
93265118 204549142
82524232 348332191
483629572 70908722
433777717 636628565
413519549 694349098
967633843 841178203
374668022 983847395
500619298 463502120
921819047 147988688
102848924 614560745
135176551 381510693
142089470 352999442
701709180 151087872
380574458 551181273
801590185 416844362
400966408 796269921
459277726 648545201
996264917 442148372
18179508 793114988
823835957 533026751
456168134 517188977
333075358 610237965
278901701 933003855
477804897 730423995
149855512 243535346
167194611 822179331
16556997 523754296
154919020 254937307
163085048 147492538
876158372 108141057
44727370 586465209
675364999 847282319
556644384 41555194
343928222 135100174
136383186 289429184
679295157 822870763
47935019 447968704
113321528 201686234
713835354 594101658
531490104 586543274
570244602 7568948
31294142 159071909
499481401 259217901
861063168 654622962
508405360 80675886
922066926 443891787
230018711 928653413
644677340 646071716
663892020 452487158
989886524 623958107
253928492 744596741
774686035 785411018
149076105 379811882
120919131 307451501
203275148 368779959
380815836 852112361
98769507 272239722
585073302 670888300
637563978 705518957
545350286 657969774
274050889 737013208
885882291 250756744
834449717 136978435
582294079 502294656
771705387 810778622
745728515 434685776
166689778 400251603
349176576 862028323
644803678 954564273
646675371 552575564
394803882 389218498
921445303 522434704
691332210 244773143
4218612 681078534
451368441 132382760
995754503 83057531
323313356 315555559
646333265 188160066
128879570 126074746
821382915 66049191
441854664 713901664
846567158 968596060
129475776 231836009
249405856 24484891
481564951 379616023
676830585 630809443
720590019 643815238
361654457 831864545
966194745 735165312
533949205 40490778
104874310 464391370
220805448 37166382
771309122 872135701
463924004 999310999
591347050 142349338
179786374 152338287
153455168 120819611
748200544 703821781
650558287 733573314
958852677 70302075
413012655 404138456
505886372 498129108
286409661 553668438
713460802 493622387
84652944 639406479
434475392 482391005
420198523 171005965
769140400 813668778
145740712 129029429
215623314 412724325
44463893 707646032
771070270 658778043
66837321 480582930
849340841 779349419
778127332 593995792
152095010 129213521
426086652 606007371
536123792 552350585
834310605 547619989
18787896 64493882
616067387 398396989
885138678 731227506
809781882 167328782
306136880 876687097
308531825 963886029
223708817 754358887
162566184 284432915
527415989 291610806
179471207 787566958
918531870 698769310
219595625 600057459
228570781 250539292
880693640 802837648
336696760 107780531
727798050 280727477
944393522 277979237
177660963 593851443
451122280 465440482
936205882 383234941
232330496 819164765
695744430 562158702
850085152 955715875
352248433 384726582
360367912 139822308
921035013 718438793
829322484 6389141
327449743 908630163
582446656 520479597
311399942 985596831
439965121 620446905
796446221 389933360
139180360 637095558
413064674 665256449
854684841 396422990
471255071 678692684
912791248 425672868
794282583 266026900
253772630 637290713
488200620 773341945
542868474 883419853
831386623 366018094
457215417 689131909
756478915 693635704
657338957 777092800
21787424 763343834
618124536 141734176
42718460 733334322
187193547 269172392
169332133 951621005
700716510 722410641
32102539 321812403
917509804 521676252
706219078 157305307
616647024 127357464
303455562 563428478
587629826 186907815
762645337 260914637
977551476 29742595
350396798 531598855
632681010 811612305
821678148 552264148
83573053 940209026
573701732 773798535
533540967 937073604
235498602 682227553
238447964 72041905
434121412 539199524
843318934 278495752
978874679 476747246
627151972 310819345
845388134 927975726
895490048 969376159
150609661 363596291
906927385 9567914
647077381 560137091
855985473 771654686
445025511 214226690
184983975 915403878
487896937 529663634
69318224 331269774
694092159 641585591
410174045 52348042
715813747 744669473
112432574 129935990
269766256 898559814
712159300 371540517
536685794 458885102
186139473 954250882
460793912 647288767
780401803 312469560
358998410 703321106
622058447 488679963
638467181 524772755
401704494 575912606
991957857 605557740
660010239 37109581
33310225 195934100
489881307 183568538
425545750 436982921
832651877 914656371
241129176 953503024
883323428 368949391
794144036 583291698
607154832 579050097
790818725 822226077
536658448 141565154
156422975 733598579
726299014 83936474
755222564 774031951
398524489 398923333
546007501 237891960
622932715 347457646
361512420 962279907
813624504 675638841
730538388 858856683
136105531 390682917
17899055 687636231
660087742 205977619
763541070 590156376
682716491 904824926
885560973 133605872
62796018 811983915
921081940 649488974
207845768 632599950
392972180 148692544
857365365 507006144
154763777 744494779
789158869 157912176
336446156 840448465
889489828 869859322
321714355 79181390
864395142 577169331
823983097 107776332
882157377 415475121
587462792 913825192
466166444 312494910
417339672 312417623
49376627 526526602
126146403 310454256
376270299 853330656
996843471 868208114
632731336 865195464
746891893 153546947
492214484 568863379
82971403 859581046
361233104 269445634
520187767 786866714
25920444 453937512
394062007 254086671
865929755 230366504
118058182 657655729
726241917 818021267
759551696 157192081
493459716 14744572
799929619 447564252
637356656 44662075
142771446 586317748
92566314 170221151
404246844 400825201
563545611 823868727
648258962 957432160
95368493 280313310
937206018 669831573
89757149 763085912
417682529 106231652
146314499 835083895
572150993 263858685
430790461 515983293
573983534 499725828
677042096 271464897
655358893 299201194
873506618 196429435
240992067 979576526
673006946 671413709
372010613 35693349
60592713 794394401
903227499 444429875
865875617 104811108
275311534 272033649
683625962 536192544
469689741 549312053
214238382 483331319
297122226 962835118
234535650 191978071
551694801 269587501
356018408 936660239
975283230 91939643
171500820 82819822
638229548 463532682
24513414 633268389
679731639 874309566
363902020 423229354
128276673 135970971
707528496 949150057
960516847 505048840
820844948 626263061
203016343 14503100
555352244 55245176
655737300 363271032
815674931 109270438
47515254 412923869
939009407 181509224
376910662 210501842
384403931 766736470
726640804 344608910
763121352 951484570
492501508 368094045
540940472 47087029
673413950 182815343
54949746 606516191
697951507 634276192
220798702 448513288
395882983 516787298
543090554 202947069
386555502 786431409
833780697 656208841
542534819 970216894
321584283 451366656
882462078 767475499
527186219 584139550
405099955 423436873
327142898 920480470
408626918 201200206
789594641 794930240
737108631 387175389
126552237 71496852
16665475 658839035
89940423 380252635
580166086 589004384
16657966 878339413
824164159 864742113
828437632 326154321
664414376 209410183
646432878 544737619
868427920 947923614
551716161 546978861
207039466 685058302
768977693 400716494
659574929 220473127
905362554 366866622
102355773 852017060
726250119 898974789
318548849 478101885
242482321 246172690
166452254 175348741
552559496 448861746
892923005 738401460
967181863 14452924
760758417 551522713
798181160 804311590
293789432 731990905
938246671 849648436
844419887 69200854
919901540 130801268
617955349 340121358
468559481 387052001
816290609 97642891
927915221 74124327
817328086 31959115
812468039 162067449
365421410 997391049
804597554 400517608
490137769 563224057
992416540 79358147
981662795 241109171
688012038 605068053
598957826 244523232
621796517 756632879
924396911 525585962
867076196 434548009
719491293 134014415
398579976 852364720
563261311 642944260
250538065 770266332
373716406 374360519
173406075 753118475
579953344 875738293
782770407 594003206
11783063 378337428
909773734 783042092
291230825 487415952
253713276 905337341
951664877 477747039
139727902 853258639
108621365 592635249
507155753 571220193
632273960 791321775
450312735 602556010
648476363 132690322
474849786 452375424
898251582 502087613
694595127 266410505
387640909 382932792
995633821 740247275
709145519 664428377
759204711 723234005
500946172 954428062
36361542 146878675
372222848 822422288
779080382 624868717
581857926 135975122
766998316 456100457
281518519 335144814
475754165 531648344
651996812 398571681
859118320 745371813
100972455 115116194
329839137 621084609
153326435 568404187
772323661 326887492
620087709 639674332
902453403 20235660
639401643 469700341
699813428 161127656
704731482 937009141
617622771 540039194
62371497 633095469
82644799 303730350
932996197 787629861
708501685 365227047
236643154 794315271
959718140 834156863
564038761 339055915
36927756 479264657
726993264 534504726
189565329 909140656
531249853 227135423
102117725 204508721
738665058 702098128
541859724 901384007
61012933 627619566
950878757 91182275
89089545 954241407
547409593 569157745
691841156 65291364
602003894 718146153
95478341 997062528
7109674 989710441
776317642 601489196
694632082 69368442
407144721 879986922
213795296 54672021
925740677 509256953
160350413 850056757
671938640 64483999
479933237 311760021
188226128 582084268
572543305 966382129
916540707 550642315
519579613 17802974
98527049 116245509
546372268 319664556
278219396 834044946
412786721 131744726
666671816 801175608
63599669 484907523
165691025 830055873
593645420 874418351
117291318 794229733
347791930 266640312
623970845 772013508
912627506 734824150
242951926 181198779
96790017 873109420
532680639 766672652
716032533 104792040
656086124 858901235
705775676 628745481
197116248 127775117
75277087 33649999
489851998 373772149
434245110 826132913
242837213 421935669
271609225 580529320
163814842 979372135
453286282 282077909
823393018 846270150
953268288 186150969
738200193 786629168
667820146 697234708
472510006 947359078
933239851 419690047
825551850 990337681
275329438 248739725
399478573 414359497
282755787 820911735
725824639 227137287
607242036 207608522
714172988 640003945
175765146 720017662
13990690 379294183
96504426 607964163
504678902 475606682
392866860 574679577
880348438 356813520
613907354 92422329
152356636 811608449
340888143 300684568
932332996 144278961
135715893 486526701
839699771 327174225
89163568 641084068
824838597 733003133
883899556 5012465
755805118 864089846
108999767 708710841
730138251 78948310
210586087 373392921
318827899 242437513
101107394 44462658
427509473 396292909
33219081 89591357
502717588 246716626
110483174 59819967
171465875 310040857
965516130 164561081
529197379 201542149
332960261 333763658
993864959 186352562
402833207 116462159
13096323 331823012
848476795 876697977
122237911 245906544
320627058 762762095
774252397 342449653
812824417 26900236
586654464 67537069
577610221 809657287
10103574 255460425
788854258 525543910
203789050 475437709
171224273 828791252
222887201 475697243
455192555 218396038
738836551 686505164
433712842 250370832
461099777 460988957
701087743 248352780
640643992 978269000
241274883 34592220
804427002 609404067
431852662 715379231
463374719 151466789
756142268 275734974
673690519 813980345
854230772 3678283
418771090 728956219
157083472 750265459
433127757 442060581
31206507 481965450
740378356 23724885
181305114 560559685
387008044 955224321
98587248 167035267
682438209 197002278
217036436 102327294
285287321 63211647
732379963 369085479
10437211 220294656
545273401 805633529
354604186 120182517
344069748 704360805
530584795 662079008
99429592 273036659
364112335 76319901
251647568 254985294
359754725 329335434
10602801 573889086
873903896 999354436
994650297 502282563
552004660 635994739
91516112 313322481
535627306 692689164
635929949 903692180
82400272 564081320
754746373 953069446
894379127 549256861
558139132 33597812
654181131 807151442
347077793 1028434
15837797 981867974
653583811 404210888
381012049 378147933
38318653 108100054
284079578 998958601
354409590 880074109
333828998 892599432
878246159 938748678
49471833 239211010
552707478 160598324
958346591 886409748
549463605 17077572
854329495 240166839
779568335 986067777
860808497 652160623
276906745 421854361
405214949 173461324
550429602 267558342
758724503 552208577
462599414 116036679
508066930 487005344
741092491 760044644
45102982 121519717
36036674 29494515
104479148 34396842
447566427 444731172
562153428 691805142
742602028 338619307
829215083 13700621
620419413 774722094
518603078 514753409
287082038 764710295
467934224 616419769
451822783 238200784
813021233 831947579
556048515 369093685
836717259 878125525
345469344 31650664
933451221 730444360
218726889 26885592
191423583 123940687
214063907 521379421
771056378 253553484
767373181 203066455
93781612 749148317
92019071 596982756
340200924 520252954
81063764 390738467
104351787 815272890
708511683 858449798
960561215 669746747
46852947 67940144
799643512 328708297
55545618 711157377
182765839 405680180
493965051 753765547
907592574 525826826
754399327 361605882
601095080 938424088
92953655 14432884
479420793 96596901
170547186 579635904
801154804 402114832
824900003 824920716
459332586 433954588
301970696 480316253
503294730 490718452
691367136 56210728
25922227 228161145
84077598 405933963
874057278 475265509
323816617 433112611
436335669 873770069
171716357 867738882
423534215 24921627
980716720 980423201
543351499 449824875
268474978 303672099
510695627 199014150
254229284 345277041
412559345 139929738
15345173 866076047
199315201 307444449
43210610 766275606
168515903 127581143
919346937 482864323
316598184 472865364
642386763 936313578
950195722 428272575
411283889 8982345
131190758 85358625
753565041 837220728
120380229 614600839
491157561 728516145
626208025 787150969
712899619 213824926
600882988 732511021
13603391 609668594
874585752 656382094
284317963 277854204
258502244 40846288
90876248 506058028
486825072 191492025
500498712 154642114
835100621 818277912
88412224 500358580
616626668 534203261
769576171 840030656
767082055 487908779
617441700 388372168
778996880 975083330
307148815 733169327
8441613 641222375
792430076 733055101
309123944 930905967
21524319 104014852
707858332 651428402
393362915 460243382
810079594 871716479
713216007 177107299
850751245 737884069
977306531 957516353
828635076 264400407
933806953 250868309
519115400 56763106
912122123 588080859
872093879 426894355
659602902 381923088
292568481 568639010
987413606 555009498
805631446 942960262
514281730 175800973
368315039 432111874
170600558 224890765
563549730 38054485
265936189 943923260
65962048 808494627
366827332 912520265
760149934 157647137
829087646 779056810
190349784 142394772
609141043 127832858
778462293 196561248
217485800 453351001
135052739 891521860
764117899 14433714
328829013 775215020
75343543 793868594
296655496 688342170
194101594 813257006
499195817 952547611
800355237 868559227
620219745 58286712
627524007 662738430
596497785 888213504
727145499 628987752
337058703 419533398
672132403 252154004
241426836 374442528
538430370 579235411
186493737 259470533
456057397 470042036
530495005 224737569
328795368 710538424
487267319 46145290
193466837 729024240
296661965 671914180
98771160 13642551
775661334 267953208
400889262 308323427
308927125 315755165
666050201 91643709
575692195 52655278
655342688 749065666
76026773 648783301
240398421 703974412
28476364 891033824
154162045 492415949
438236413 91426095
802962684 688147901
98571023 584437323
579654015 63001283
192657030 419951703
672166509 583749903
930351249 584626038
803797391 954123922
8611101 839821878
912952215 8547959
69301183 78748764
808233314 456696551
660574675 317761000
879865998 752098192
619835148 667184689
827019527 2117918
61958196 860891441
327704846 814082625
423303006 349382500
348611305 844196127
221783837 204583552
879990838 823959536
784469951 214796231
819192710 499946875
773202294 316610867
296172084 547747937
265744472 161165965
892319885 344111656
191648931 1268808
77146808 568207632
288547373 882817831
561513886 256562795
261959272 62698100
733870016 809980954
484570478 378706219
75313640 84670840
208566859 838648764
572819718 65243939
283840377 121948295
969043159 845417770
496096822 645962581
596412789 81549092
870869466 890576909
340773867 957275976
969313608 729015704
858228833 263514910
605807131 241945620
460730454 274744196
697839635 785148466
952018 660931964
474933784 812247561
975372512 352797699
202816566 428538362
118538018 798611530
15950014 775819906
818087314 44492614
777772977 701989980
367394427 604674739
609049205 501987742
102605680 167004597
989763266 234740586
857866398 489964473
340769420 325507359
150984281 562646593
713440279 792594055
650742088 567290888
976002854 513259977
694030155 590145776
653345292 352541058
749823224 855267137
426163908 989074273
562218663 76334180
231057654 793576649
272113257 525026323
157173204 797063539
614635474 502412202
788271436 443568632
380870755 798106675
287049370 470438933
896932473 652323325
824803683 417369930
848713559 803564234
666123425 331147081
207853853 867306945
151917881 253819523
236051793 645495541
364522265 841985263
265091376 248915752
926006627 805768763
983347863 402932204
213956986 257579280
394303280 732835694
942654967 255732182
122247158 112430205
36209093 400379017
51501615 156277165
330754954 691889761
40756578 43658513
831206857 287655293
864512350 524704712
435498239 743900756
41311616 271346088
474373560 225205058
859599996 519709218
703144887 645538989
310877392 591924534
876948262 31599391
849717499 162785901
943620281 66813762
445110338 390496972
889321103 223568718
771957999 430893634
694444146 325420265
787521930 124695831
354788574 360664617
845723700 648732460
886033129 566049182
204680546 92309702
213219924 361761888
500239741 35273765
952136967 351682181
817700279 738935366
729612091 774570381
511177234 466481845
957944915 400047646
16724830 411979475
482829856 89692956
950819385 159078520
913675432 972513186
596422457 27576786
430041352 267017541
353214500 251331558
229779791 276523746
35601525 587592016
687914650 254971381
328682412 438555488
719075868 534753282
129517648 456780146
925493855 680523876
297477386 748504964
65178698 768859357
976675006 937251348
286351904 415256150
686336244 361938150
279731832 478163974
692415621 7963182
448175850 378945062
896269197 2862159
131036189 684464844
236175082 954407969
827330071 537523280
997874458 987732677
24501961 995973748
334272119 289077211
370356097 529898980
322938122 367633980
562021874 944466002
507495528 732288251
689785890 65122037
964030857 854243989
883645670 773270053
419983086 357875346
404082373 876902968
642087077 905554371
71048022 312492661
278109688 464323643
367554127 249754011
946583161 652010131
571762638 964809229
543175290 727732716
563005405 676606164
370177653 629837845
842845463 212010623
483285363 479583688
407120536 568934
18382712 174913164
245558386 126042682
267436667 664383859
423099655 355865808
432560887 315389842
254296029 541533858
557852873 761205118
682342533 603970363
882856790 956173352
12563082 305306519
169819411 679769841
530859495 65838397
970127225 425880534
226398941 691610266
228745144 669754187
184634889 167082892
471326892 531924330
548963608 516135795
953783459 436527526
516030223 634749920
305939491 621470806
894218717 36080306
336745174 661394677
552090205 663222334
554838951 43252636
13714323 665479568
825377763 673851407
751380596 862943121
6562632 254513866
907767046 129836614
147652059 979633711
20362623 348927822
975825970 191621703
694446755 604495820
961284995 224877874
407542684 331692044
237511901 414276935
411791274 247091080
83183219 369819519
117829883 211057435
18605483 766677855
761045963 550094485
374752163 238135473
886091358 916148617
232616449 480931605
215148279 882399611
625896173 561946769
964341147 877183798
952114316 396135792
155534548 244471334
209083813 308684677
824776069 241009723
902243032 40109149
43195929 239853376
988929663 949037485
459329170 343873579
503589838 302418387
203345124 770584100
196089826 24066661
670724710 337073992
475474428 44599337
538646135 64697086
997732202 247598439
965949077 466949472
288026628 768138541
906346181 145816560
22951811 1107011
285859631 83420392
593850261 550306169
565951887 30014994
324875359 79837636
499300643 46635827
269951088 849962770
621129491 12801909
684391660 988290506
859477564 348261529
65994952 243540413
669550165 42682933
540882901 976571455
175665833 728588223
618962482 466071143
640888080 382524930
942909311 738635617
814589636 64535349
444339693 712744039
622636852 893269446
136856010 872254054
273233384 137399330
913445531 964757271
64549826 206657656
642271712 523463722
228648759 906925283
694812758 931445763
381997918 550490533
870990840 982513966
209055252 96053149
682826423 840901948
102783649 579212732
278544724 914609672
558247474 989675258
211601629 389055641
907587111 591352637
939155741 714411232
704491931 352853401
171698117 260166409
614789757 755197017
251091349 992684131
11604097 31944051
388503455 754843579
553920211 639210990
810110093 562123479
665461788 442232626
454228348 609988559
111658306 725318719
492443314 295140104
699877459 784069876
206370788 545708567
69799045 308359174
459707561 968240101
840464275 690344231
296449205 182472683
729055962 867556127
599662835 624389742
294916165 443435559
224921573 608962724
11247009 914712081
190455044 25862117
949713311 851872091
86518585 110508530
516094038 124886101
579005059 900636313
353919351 583422807
244088272 332437775
611221912 620245237
491398601 777843964
602368108 544607181
488482856 977410400
105672749 107470799
327610713 19857158
355402023 919680399
345159175 142830278
165898955 443421194
537636368 869065700
395274895 899232443
939537988 416544691
43260701 108750822
511256326 423483589
560681388 804647433
932234888 746205322
624512844 756210092
632319279 70733952
624141306 788653176
529334110 575660740
837420102 436907642
116360079 879177286
397343100 211803665
889744921 778016882
870168980 43961774
250467414 935041151
675930131 498407914
825014570 10853743
748307150 304999396
585613142 501399829
433091949 782638151
633456487 715847920
538897782 640777717
965526179 160134702
779095423 395135938
73207975 875775967
316016275 663099794
424847652 484648965
398729925 664840474
457805302 153399275
687968963 371463395
898900310 349675335
513744162 143838402
534939172 168528043
49239348 942404487
361541866 683867090
915952529 16148268
78447885 727498284
233652444 8812371
902482262 622555628
33259253 695696757
257509336 766763325
829877302 747133804
227494914 635183092
773652927 345231460
154725026 563060613
955018953 852334579
935190100 350835609
137779789 832685512
390715223 951659725
6625431 920380643
914300459 491298878
335252606 484682105
714118682 781688055
483846477 235040599
415516204 473281521
265312131 689768592
76716673 100229560
652326824 619178680
697523989 363648135
969297366 580021463
679854628 562877837
292359431 214937399
154672957 382027006
562563572 713681276
584999524 249110668
732131892 654617362
607335567 911256996
498851522 991408317
942730186 171369430
300867724 29272043
325393188 506801946
34242996 849882002
43694037 934165941
846323211 71790618
753901301 812151229
636558766 672942621
749503901 507601939
408980312 199527262
438788164 706725612
490745400 139060806
236129321 599107402
811184141 323526870
105997 585958856
53042544 97460444
36543778 67454608
862105180 910393326
181729918 893502809
754148353 312747633
878917182 360779869
639317037 864654206
432878430 675336419
352357574 95613600
348196641 188330463
50955896 635418361
272961581 592631468
750031375 967846787
625926119 357384031
59323730 263649057
332497940 613361852
989226759 745077022
454638596 405568048
128258253 418542011
799988097 496866148
408915666 624980319
77384694 926748594
512790407 181932641
431295639 192243036
491479242 471139665
709838283 427523419
815199315 575014003
257891500 297202004
456090826 120034355
320268483 722923580
666248114 906292106
46680068 807650114
633691734 290607828
277019760 698809020
469948456 840220181
645464932 676736821
590796557 348374880
965933304 223028277
249654899 365727107
731298300 445918008
642237988 912619886
327551893 452714503
379201704 307151666
888334511 433380321
499280454 892587560
20249431 847292949
742305679 713217288
611405600 360957973
714688192 1301490
928892667 621658036
72989605 937083135
409853482 901018383
260446772 168968291
581769513 746484486
49024007 285433455
219519927 802567304
362722406 201567203
191605830 324167195
285029617 638027667
377150497 513435668
83071501 648154687
281246383 129305025
805916575 470297341
518515417 603150555
866615054 339899758
41873175 811281245
141263961 418736513
448580185 842730999
82291038 620722777
116531238 862620031
820630416 537139411
937073559 422759234
189138062 205064208
10586008 837403708
84204991 470967771
604960272 764277298
239304282 619560329
668852096 260631486
117804291 767638035
128371744 275376973
37062330 595885994
695859892 81932578
12250430 922805981
717342740 915250433
385691817 750718971
867455417 261916027
757401511 912804887
33303688 639250108
23603777 328054861
955579739 270579708
761170126 315252910
372884465 769264255
131308370 941921686
491194838 266450602
530871799 172930049
732692654 358285906
761772596 625017567
308102908 42588512
73375735 877749888
929095055 168869703
135107717 326817347
225497320 227602157
575571138 261907797
750831223 407507940
50855118 991558407
573066299 424413460
387211340 2337801
718290775 105581221
229519814 153124759
131858611 780546112
428601867 830833686
300523616 916149793
287109413 155370427
310480912 737482768
773401762 953647786
913532963 745289288
425535649 353143851
576845979 312786989
921932251 256366117
636128008 1110725
716317224 926838623
298758841 987403613
307122618 563386274
677118941 601695705
740802654 558477106
200425277 253206161
356197047 815515919
124547578 422484318
820957761 938659979
399293174 618364824
543317462 177256259
967618739 582619493
686531323 610360119
733478814 792359862
725854284 942218202
905339750 435248792
345416255 370671456
875505875 571131649
566722304 647383097
683770145 735853979
48308998 842757877
128102202 726733948
328843731 238734931
562075090 792030683
630970585 117503949
571163720 749964469
441177574 634124080
950694489 709826015
158787616 709726047
711384876 461807825
747995856 489532643
145015352 536945149
538135434 146417440
979130410 193792565
978265736 91556283
306481254 139729561
566397606 308873705
149545376 11152278
388422803 77114083
223166648 445153864
878525814 816584868
475376899 277124826
762036677 989288728
979564851 797165887
318811057 369226506
442079859 996820630
77376442 478890911
961304320 460073948
44490655 821733046
185226468 593440210
836161754 76429421
797679656 16839421
159096291 457456612
251059523 824923550
994354961 175930693
422818134 321120442
326860003 256149395
14935405 391245967
4669526 209504524
658703194 733109616
849974268 679653265
836937306 785672960
587638034 67435631
199455342 80393332
502798846 409671027
398778847 509789893
357621260 629146465
619830299 884571148
141919194 224957202
298097791 956763806
354540143 348592156
966235209 118826271
71508959 360995951
690210810 735104710
457434477 714076239
387641653 51601043
514828649 141779088
429713310 491310685
23365525 33591687
181058685 341214133
181932179 314379506
378707069 75025769
