10049
176
185
88
1370
3584
6080
263
88
8016
5440
371
1476
362
9228
682
915
216
79
1332
1332
10465
122
200
7337
16
1236
503
87
4491
192
460
3080
13
460
460
3024
100
4608
915
612
679
124
12
80
68
12
294
96
60
900
383
2072
182
20
294
307
62
307
3128
196
448
297
6754
112
330
396
2072
10248
341
341
131
2
378
504
64
112
629
150
206
1110
260
8610
301
4
55
3360
25
684
3304
305
9
5157
32
9898
77
7500
7956
5
1210
1953
